Execution 1:
done: true
driverControlFilesUri: gs://dataproc-staging-us-central1-733260049689-llv9oumj/google-cloud-dataproc-metainfo/ae0dc149-2ee4-4852-b465-ae03808f7e4c/jobs/fc6083069f8e4d039addff79c80d3e78/
driverOutputResourceUri: gs://dataproc-staging-us-central1-733260049689-llv9oumj/google-cloud-dataproc-metainfo/ae0dc149-2ee4-4852-b465-ae03808f7e4c/jobs/fc6083069f8e4d039addff79c80d3e78/driveroutput
jobUuid: c22959c4-9f63-3107-9113-0115e971cd3e
placement:
  clusterName: thesis-spark-cluster-demo
  clusterUuid: ae0dc149-2ee4-4852-b465-ae03808f7e4c
reference:
  jobId: fc6083069f8e4d039addff79c80d3e78
  projectId: buoyant-voyage-402900
sparkJob:
  args:
  - gs://project-thesis-max/input/us_accidents_70k.csv
  - gs://project-thesis-max/input/us_accidents.avsc
  - gs://project-thesis-max/output/apache-spark/70k/
  jarFileUris:
  - gs://project-thesis-max/jars/apache-spark-1.0.0-SNAPSHOT-jar-with-dependencies.jar
  mainClass: org.thesis.AppSpark
  properties:
    spark.jars.packages: org.apache.spark:spark-avro_2.12:3.3.2
status:
  state: DONE
  stateStartTime: '2023-11-29T03:32:06.898817Z'
statusHistory:
- state: PENDING
  stateStartTime: '2023-11-29T03:31:45.241155Z'
- state: SETUP_DONE
  stateStartTime: '2023-11-29T03:31:45.268499Z'
- details: Agent reported job success
  state: RUNNING
  stateStartTime: '2023-11-29T03:31:45.518794Z'
Execution 2:
done: true
driverControlFilesUri: gs://dataproc-staging-us-central1-733260049689-llv9oumj/google-cloud-dataproc-metainfo/ae0dc149-2ee4-4852-b465-ae03808f7e4c/jobs/60ff373971d34fad88fed2c6c5ee4677/
driverOutputResourceUri: gs://dataproc-staging-us-central1-733260049689-llv9oumj/google-cloud-dataproc-metainfo/ae0dc149-2ee4-4852-b465-ae03808f7e4c/jobs/60ff373971d34fad88fed2c6c5ee4677/driveroutput
jobUuid: f52e9465-3d96-352c-a189-239a79c98fdc
placement:
  clusterName: thesis-spark-cluster-demo
  clusterUuid: ae0dc149-2ee4-4852-b465-ae03808f7e4c
reference:
  jobId: 60ff373971d34fad88fed2c6c5ee4677
  projectId: buoyant-voyage-402900
sparkJob:
  args:
  - gs://project-thesis-max/input/us_accidents_70k.csv
  - gs://project-thesis-max/input/us_accidents.avsc
  - gs://project-thesis-max/output/apache-spark/70k/
  jarFileUris:
  - gs://project-thesis-max/jars/apache-spark-1.0.0-SNAPSHOT-jar-with-dependencies.jar
  mainClass: org.thesis.AppSpark
  properties:
    spark.jars.packages: org.apache.spark:spark-avro_2.12:3.3.2
status:
  state: DONE
  stateStartTime: '2023-11-29T03:32:45.314200Z'
statusHistory:
- state: PENDING
  stateStartTime: '2023-11-29T03:32:24.655538Z'
- state: SETUP_DONE
  stateStartTime: '2023-11-29T03:32:24.679425Z'
- details: Agent reported job success
  state: RUNNING
  stateStartTime: '2023-11-29T03:32:24.894851Z'
Execution 3:
done: true
driverControlFilesUri: gs://dataproc-staging-us-central1-733260049689-llv9oumj/google-cloud-dataproc-metainfo/ae0dc149-2ee4-4852-b465-ae03808f7e4c/jobs/936856ce618048a49fb993052f1da54c/
driverOutputResourceUri: gs://dataproc-staging-us-central1-733260049689-llv9oumj/google-cloud-dataproc-metainfo/ae0dc149-2ee4-4852-b465-ae03808f7e4c/jobs/936856ce618048a49fb993052f1da54c/driveroutput
jobUuid: 273d6221-a384-3c29-88cc-4e43acd5cb3c
placement:
  clusterName: thesis-spark-cluster-demo
  clusterUuid: ae0dc149-2ee4-4852-b465-ae03808f7e4c
reference:
  jobId: 936856ce618048a49fb993052f1da54c
  projectId: buoyant-voyage-402900
sparkJob:
  args:
  - gs://project-thesis-max/input/us_accidents_70k.csv
  - gs://project-thesis-max/input/us_accidents.avsc
  - gs://project-thesis-max/output/apache-spark/70k/
  jarFileUris:
  - gs://project-thesis-max/jars/apache-spark-1.0.0-SNAPSHOT-jar-with-dependencies.jar
  mainClass: org.thesis.AppSpark
  properties:
    spark.jars.packages: org.apache.spark:spark-avro_2.12:3.3.2
status:
  state: DONE
  stateStartTime: '2023-11-29T03:33:15.709521Z'
statusHistory:
- state: PENDING
  stateStartTime: '2023-11-29T03:32:54.856416Z'
- state: SETUP_DONE
  stateStartTime: '2023-11-29T03:32:54.885781Z'
- details: Agent reported job success
  state: RUNNING
  stateStartTime: '2023-11-29T03:32:55.108895Z'
Execution 4:
done: true
driverControlFilesUri: gs://dataproc-staging-us-central1-733260049689-llv9oumj/google-cloud-dataproc-metainfo/ae0dc149-2ee4-4852-b465-ae03808f7e4c/jobs/9df8138be9b94d3e846887f72dc43b1e/
driverOutputResourceUri: gs://dataproc-staging-us-central1-733260049689-llv9oumj/google-cloud-dataproc-metainfo/ae0dc149-2ee4-4852-b465-ae03808f7e4c/jobs/9df8138be9b94d3e846887f72dc43b1e/driveroutput
jobUuid: cad82def-39e2-3573-9953-b5b196b8f522
placement:
  clusterName: thesis-spark-cluster-demo
  clusterUuid: ae0dc149-2ee4-4852-b465-ae03808f7e4c
reference:
  jobId: 9df8138be9b94d3e846887f72dc43b1e
  projectId: buoyant-voyage-402900
sparkJob:
  args:
  - gs://project-thesis-max/input/us_accidents_70k.csv
  - gs://project-thesis-max/input/us_accidents.avsc
  - gs://project-thesis-max/output/apache-spark/70k/
  jarFileUris:
  - gs://project-thesis-max/jars/apache-spark-1.0.0-SNAPSHOT-jar-with-dependencies.jar
  mainClass: org.thesis.AppSpark
  properties:
    spark.jars.packages: org.apache.spark:spark-avro_2.12:3.3.2
status:
  state: DONE
  stateStartTime: '2023-11-29T03:33:51.196219Z'
statusHistory:
- state: PENDING
  stateStartTime: '2023-11-29T03:33:30.885796Z'
- state: SETUP_DONE
  stateStartTime: '2023-11-29T03:33:30.916954Z'
- details: Agent reported job success
  state: RUNNING
  stateStartTime: '2023-11-29T03:33:31.201989Z'
Execution 5:
done: true
driverControlFilesUri: gs://dataproc-staging-us-central1-733260049689-llv9oumj/google-cloud-dataproc-metainfo/ae0dc149-2ee4-4852-b465-ae03808f7e4c/jobs/edc0ab180939432890a7c5523255ac6a/
driverOutputResourceUri: gs://dataproc-staging-us-central1-733260049689-llv9oumj/google-cloud-dataproc-metainfo/ae0dc149-2ee4-4852-b465-ae03808f7e4c/jobs/edc0ab180939432890a7c5523255ac6a/driveroutput
jobUuid: 2d64389f-cad0-3766-b1b6-2ff1e9f4e87d
placement:
  clusterName: thesis-spark-cluster-demo
  clusterUuid: ae0dc149-2ee4-4852-b465-ae03808f7e4c
reference:
  jobId: edc0ab180939432890a7c5523255ac6a
  projectId: buoyant-voyage-402900
sparkJob:
  args:
  - gs://project-thesis-max/input/us_accidents_70k.csv
  - gs://project-thesis-max/input/us_accidents.avsc
  - gs://project-thesis-max/output/apache-spark/70k/
  jarFileUris:
  - gs://project-thesis-max/jars/apache-spark-1.0.0-SNAPSHOT-jar-with-dependencies.jar
  mainClass: org.thesis.AppSpark
  properties:
    spark.jars.packages: org.apache.spark:spark-avro_2.12:3.3.2
status:
  state: DONE
  stateStartTime: '2023-11-29T03:34:28.544585Z'
statusHistory:
- state: PENDING
  stateStartTime: '2023-11-29T03:34:07.890435Z'
- state: SETUP_DONE
  stateStartTime: '2023-11-29T03:34:07.920265Z'
- details: Agent reported job success
  state: RUNNING
  stateStartTime: '2023-11-29T03:34:08.183866Z'
Execution 6:
done: true
driverControlFilesUri: gs://dataproc-staging-us-central1-733260049689-llv9oumj/google-cloud-dataproc-metainfo/ae0dc149-2ee4-4852-b465-ae03808f7e4c/jobs/feccedd426a74efc90caa9a88e9a5675/
driverOutputResourceUri: gs://dataproc-staging-us-central1-733260049689-llv9oumj/google-cloud-dataproc-metainfo/ae0dc149-2ee4-4852-b465-ae03808f7e4c/jobs/feccedd426a74efc90caa9a88e9a5675/driveroutput
jobUuid: fd2f9f12-0841-329f-9d42-036e64688cd3
placement:
  clusterName: thesis-spark-cluster-demo
  clusterUuid: ae0dc149-2ee4-4852-b465-ae03808f7e4c
reference:
  jobId: feccedd426a74efc90caa9a88e9a5675
  projectId: buoyant-voyage-402900
sparkJob:
  args:
  - gs://project-thesis-max/input/us_accidents_70k.csv
  - gs://project-thesis-max/input/us_accidents.avsc
  - gs://project-thesis-max/output/apache-spark/70k/
  jarFileUris:
  - gs://project-thesis-max/jars/apache-spark-1.0.0-SNAPSHOT-jar-with-dependencies.jar
  mainClass: org.thesis.AppSpark
  properties:
    spark.jars.packages: org.apache.spark:spark-avro_2.12:3.3.2
status:
  state: DONE
  stateStartTime: '2023-11-29T03:35:07.844505Z'
statusHistory:
- state: PENDING
  stateStartTime: '2023-11-29T03:34:46.590060Z'
- state: SETUP_DONE
  stateStartTime: '2023-11-29T03:34:46.620820Z'
- details: Agent reported job success
  state: RUNNING
  stateStartTime: '2023-11-29T03:34:46.890834Z'
Execution 7:
done: true
driverControlFilesUri: gs://dataproc-staging-us-central1-733260049689-llv9oumj/google-cloud-dataproc-metainfo/ae0dc149-2ee4-4852-b465-ae03808f7e4c/jobs/597e1bab90ec41fa891cf9b23a0e33f7/
driverOutputResourceUri: gs://dataproc-staging-us-central1-733260049689-llv9oumj/google-cloud-dataproc-metainfo/ae0dc149-2ee4-4852-b465-ae03808f7e4c/jobs/597e1bab90ec41fa891cf9b23a0e33f7/driveroutput
jobUuid: ba1e0473-34b8-3a10-886e-edddf24595a8
placement:
  clusterName: thesis-spark-cluster-demo
  clusterUuid: ae0dc149-2ee4-4852-b465-ae03808f7e4c
reference:
  jobId: 597e1bab90ec41fa891cf9b23a0e33f7
  projectId: buoyant-voyage-402900
sparkJob:
  args:
  - gs://project-thesis-max/input/us_accidents_70k.csv
  - gs://project-thesis-max/input/us_accidents.avsc
  - gs://project-thesis-max/output/apache-spark/70k/
  jarFileUris:
  - gs://project-thesis-max/jars/apache-spark-1.0.0-SNAPSHOT-jar-with-dependencies.jar
  mainClass: org.thesis.AppSpark
  properties:
    spark.jars.packages: org.apache.spark:spark-avro_2.12:3.3.2
status:
  state: DONE
  stateStartTime: '2023-11-29T03:35:47.314499Z'
statusHistory:
- state: PENDING
  stateStartTime: '2023-11-29T03:35:26.864258Z'
- state: SETUP_DONE
  stateStartTime: '2023-11-29T03:35:26.892516Z'
- details: Agent reported job success
  state: RUNNING
  stateStartTime: '2023-11-29T03:35:27.131542Z'
Execution 8:
done: true
driverControlFilesUri: gs://dataproc-staging-us-central1-733260049689-llv9oumj/google-cloud-dataproc-metainfo/ae0dc149-2ee4-4852-b465-ae03808f7e4c/jobs/0d37a3a8903f4960a9f8478c2bbce542/
driverOutputResourceUri: gs://dataproc-staging-us-central1-733260049689-llv9oumj/google-cloud-dataproc-metainfo/ae0dc149-2ee4-4852-b465-ae03808f7e4c/jobs/0d37a3a8903f4960a9f8478c2bbce542/driveroutput
jobUuid: 56430368-ce2e-3aa6-b497-a91653c615fc
placement:
  clusterName: thesis-spark-cluster-demo
  clusterUuid: ae0dc149-2ee4-4852-b465-ae03808f7e4c
reference:
  jobId: 0d37a3a8903f4960a9f8478c2bbce542
  projectId: buoyant-voyage-402900
sparkJob:
  args:
  - gs://project-thesis-max/input/us_accidents_70k.csv
  - gs://project-thesis-max/input/us_accidents.avsc
  - gs://project-thesis-max/output/apache-spark/70k/
  jarFileUris:
  - gs://project-thesis-max/jars/apache-spark-1.0.0-SNAPSHOT-jar-with-dependencies.jar
  mainClass: org.thesis.AppSpark
  properties:
    spark.jars.packages: org.apache.spark:spark-avro_2.12:3.3.2
status:
  state: DONE
  stateStartTime: '2023-11-29T03:36:28.142150Z'
statusHistory:
- state: PENDING
  stateStartTime: '2023-11-29T03:36:07.905160Z'
- state: SETUP_DONE
  stateStartTime: '2023-11-29T03:36:07.933372Z'
- details: Agent reported job success
  state: RUNNING
  stateStartTime: '2023-11-29T03:36:08.160069Z'
Execution 9:
done: true
driverControlFilesUri: gs://dataproc-staging-us-central1-733260049689-llv9oumj/google-cloud-dataproc-metainfo/ae0dc149-2ee4-4852-b465-ae03808f7e4c/jobs/9e5ce284e5b24e139475d7b79004206b/
driverOutputResourceUri: gs://dataproc-staging-us-central1-733260049689-llv9oumj/google-cloud-dataproc-metainfo/ae0dc149-2ee4-4852-b465-ae03808f7e4c/jobs/9e5ce284e5b24e139475d7b79004206b/driveroutput
jobUuid: 5d05684e-ec78-3ea8-8ff3-2c9a49d2ff88
placement:
  clusterName: thesis-spark-cluster-demo
  clusterUuid: ae0dc149-2ee4-4852-b465-ae03808f7e4c
reference:
  jobId: 9e5ce284e5b24e139475d7b79004206b
  projectId: buoyant-voyage-402900
sparkJob:
  args:
  - gs://project-thesis-max/input/us_accidents_70k.csv
  - gs://project-thesis-max/input/us_accidents.avsc
  - gs://project-thesis-max/output/apache-spark/70k/
  jarFileUris:
  - gs://project-thesis-max/jars/apache-spark-1.0.0-SNAPSHOT-jar-with-dependencies.jar
  mainClass: org.thesis.AppSpark
  properties:
    spark.jars.packages: org.apache.spark:spark-avro_2.12:3.3.2
status:
  state: DONE
  stateStartTime: '2023-11-29T03:37:06.231082Z'
statusHistory:
- state: PENDING
  stateStartTime: '2023-11-29T03:36:45.561464Z'
- state: SETUP_DONE
  stateStartTime: '2023-11-29T03:36:45.593627Z'
- details: Agent reported job success
  state: RUNNING
  stateStartTime: '2023-11-29T03:36:45.814668Z'
Execution 10:
done: true
driverControlFilesUri: gs://dataproc-staging-us-central1-733260049689-llv9oumj/google-cloud-dataproc-metainfo/ae0dc149-2ee4-4852-b465-ae03808f7e4c/jobs/a918a6b1048c47ae84ed42bb6390ab6e/
driverOutputResourceUri: gs://dataproc-staging-us-central1-733260049689-llv9oumj/google-cloud-dataproc-metainfo/ae0dc149-2ee4-4852-b465-ae03808f7e4c/jobs/a918a6b1048c47ae84ed42bb6390ab6e/driveroutput
jobUuid: 0a116ad6-5896-3f67-9ae2-c439964cb11b
placement:
  clusterName: thesis-spark-cluster-demo
  clusterUuid: ae0dc149-2ee4-4852-b465-ae03808f7e4c
reference:
  jobId: a918a6b1048c47ae84ed42bb6390ab6e
  projectId: buoyant-voyage-402900
sparkJob:
  args:
  - gs://project-thesis-max/input/us_accidents_70k.csv
  - gs://project-thesis-max/input/us_accidents.avsc
  - gs://project-thesis-max/output/apache-spark/70k/
  jarFileUris:
  - gs://project-thesis-max/jars/apache-spark-1.0.0-SNAPSHOT-jar-with-dependencies.jar
  mainClass: org.thesis.AppSpark
  properties:
    spark.jars.packages: org.apache.spark:spark-avro_2.12:3.3.2
status:
  state: DONE
  stateStartTime: '2023-11-29T03:37:37.197648Z'
statusHistory:
- state: PENDING
  stateStartTime: '2023-11-29T03:37:16.392870Z'
- state: SETUP_DONE
  stateStartTime: '2023-11-29T03:37:16.419575Z'
- details: Agent reported job success
  state: RUNNING
  stateStartTime: '2023-11-29T03:37:16.634726Z'
Job [fc6083069f8e4d039addff79c80d3e78] submitted.
Waiting for job output...
:: loading settings :: url = jar:file:/usr/lib/spark/jars/ivy-2.5.1.jar!/org/apache/ivy/core/settings/ivysettings.xml
Ivy Default Cache set to: /root/.ivy2/cache
The jars for the packages stored in: /root/.ivy2/jars
org.apache.spark#spark-avro_2.12 added as a dependency
:: resolving dependencies :: org.apache.spark#spark-submit-parent-cdcb5640-645e-42ff-89f9-e75c493c3302;1.0
        confs: [default]
        found org.apache.spark#spark-avro_2.12;3.3.2 in central
        found org.tukaani#xz;1.9 in central
        found org.spark-project.spark#unused;1.0.0 in central
:: resolution report :: resolve 248ms :: artifacts dl 9ms
        :: modules in use:
        org.apache.spark#spark-avro_2.12;3.3.2 from central in [default]
        org.spark-project.spark#unused;1.0.0 from central in [default]
        org.tukaani#xz;1.9 from central in [default]
        ---------------------------------------------------------------------
        |                  |            modules            ||   artifacts   |
        |       conf       | number| search|dwnlded|evicted|| number|dwnlded|
        ---------------------------------------------------------------------
        |      default     |   3   |   0   |   0   |   0   ||   3   |   0   |
        ---------------------------------------------------------------------
:: retrieving :: org.apache.spark#spark-submit-parent-cdcb5640-645e-42ff-89f9-e75c493c3302
        confs: [default]
        0 artifacts copied, 3 already retrieved (0kB/8ms)
23/11/29 03:31:51 INFO SparkEnv: Registering MapOutputTracker
23/11/29 03:31:52 INFO SparkEnv: Registering BlockManagerMaster
23/11/29 03:31:52 INFO SparkEnv: Registering BlockManagerMasterHeartbeat
23/11/29 03:31:52 INFO SparkEnv: Registering OutputCommitCoordinator
23/11/29 03:31:53 INFO GhfsStorageStatistics: Detected potential high latency for operation op_get_file_status. latencyMs=245; previousMaxLatencyMs=0; operationCount=1; context=gs://dataproc-temp-us-central1-733260049689-xllyhmud/ae0dc149-2ee4-4852-b465-ae03808f7e4c/spark-job-history
23/11/29 03:31:53 INFO GoogleCloudStorageImpl: Ignoring exception of type GoogleJsonResponseException; verified object already exists with desired state.
23/11/29 03:31:59 WARN package: Truncated the string representation of a plan since it was too large. This behavior can be adjusted by setting 'spark.sql.debug.maxToStringFields'.
23/11/29 03:32:00 INFO PathOutputCommitterFactory: No output committer factory defined, defaulting to FileOutputCommitterFactory
23/11/29 03:32:00 INFO GhfsStorageStatistics: Detected potential high latency for operation op_mkdirs. latencyMs=153; previousMaxLatencyMs=147; operationCount=2; context=gs://project-thesis-max/output/apache-spark/70k/_temporary/0
23/11/29 03:32:00 INFO PathOutputCommitterFactory: No output committer factory defined, defaulting to FileOutputCommitterFactory
23/11/29 03:32:00 INFO PathOutputCommitterFactory: No output committer factory defined, defaulting to FileOutputCommitterFactory
23/11/29 03:32:00 INFO PathOutputCommitterFactory: No output committer factory defined, defaulting to FileOutputCommitterFactory
23/11/29 03:32:00 INFO PathOutputCommitterFactory: No output committer factory defined, defaulting to FileOutputCommitterFactory
23/11/29 03:32:01 INFO GhfsStorageStatistics: Detected potential high latency for operation op_create. latencyMs=222; previousMaxLatencyMs=131; operationCount=5; context=gs://project-thesis-max/output/apache-spark/70k/_temporary/0/_temporary/attempt_202311290332001313680281476744713_0001_m_000003_4/part-00003-fa729d27-8e7a-4748-9271-8a7c92ba678e-c000.avro
23/11/29 03:32:01 INFO GhfsStorageStatistics: Detected potential high latency for operation op_create. latencyMs=227; previousMaxLatencyMs=222; operationCount=5; context=gs://project-thesis-max/output/apache-spark/70k/_temporary/0/_temporary/attempt_202311290332001313680281476744713_0001_m_000001_2/part-00001-fa729d27-8e7a-4748-9271-8a7c92ba678e-c000.avro
23/11/29 03:32:01 INFO GhfsStorageStatistics: Detected potential high latency for operation op_create. latencyMs=235; previousMaxLatencyMs=227; operationCount=5; context=gs://project-thesis-max/output/apache-spark/70k/_temporary/0/_temporary/attempt_202311290332001313680281476744713_0001_m_000002_3/part-00002-fa729d27-8e7a-4748-9271-8a7c92ba678e-c000.avro
23/11/29 03:32:03 INFO GhfsStorageStatistics: Detected potential high latency for operation stream_write_close_operations. latencyMs=195; previousMaxLatencyMs=0; operationCount=1; context=gs://project-thesis-max/output/apache-spark/70k/_temporary/0/_temporary/attempt_202311290332001313680281476744713_0001_m_000003_4/part-00003-fa729d27-8e7a-4748-9271-8a7c92ba678e-c000.avro
23/11/29 03:32:04 INFO GoogleCloudStorageFileSystem: Successfully repaired 'gs://project-thesis-max/output/apache-spark/70k/_temporary/0/_temporary/attempt_202311290332001313680281476744713_0001_m_000003_4/' directory.
23/11/29 03:32:04 INFO GhfsStorageStatistics: Detected potential high latency for operation op_rename. latencyMs=470; previousMaxLatencyMs=0; operationCount=1; context=rename(gs://project-thesis-max/output/apache-spark/70k/_temporary/0/_temporary/attempt_202311290332001313680281476744713_0001_m_000003_4/part-00003-fa729d27-8e7a-4748-9271-8a7c92ba678e-c000.avro -> gs://project-thesis-max/output/apache-spark/70k/part-00003-fa729d27-8e7a-4748-9271-8a7c92ba678e-c000.avro)
23/11/29 03:32:04 INFO GoogleCloudStorageFileSystem: Successfully repaired 'gs://project-thesis-max/output/apache-spark/70k/_temporary/0/_temporary/' directory.
23/11/29 03:32:04 INFO GhfsStorageStatistics: Detected potential high latency for operation op_delete. latencyMs=316; previousMaxLatencyMs=0; operationCount=1; context=gs://project-thesis-max/output/apache-spark/70k/_temporary/0/_temporary/attempt_202311290332001313680281476744713_0001_m_000003_4
23/11/29 03:32:05 INFO GoogleCloudStorageFileSystem: Successfully repaired 'gs://project-thesis-max/output/apache-spark/70k/_temporary/0/_temporary/attempt_202311290332001313680281476744713_0001_m_000002_3/' directory.
23/11/29 03:32:05 INFO GoogleCloudStorageFileSystem: Successfully repaired 'gs://project-thesis-max/output/apache-spark/70k/_temporary/0/_temporary/attempt_202311290332001313680281476744713_0001_m_000001_2/' directory.
23/11/29 03:32:05 INFO GoogleCloudStorageFileSystem: Successfully repaired 'gs://project-thesis-max/output/apache-spark/70k/_temporary/0/_temporary/attempt_202311290332001313680281476744713_0001_m_000000_1/' directory.
23/11/29 03:32:05 INFO GhfsStorageStatistics: Detected potential high latency for operation op_rename. latencyMs=496; previousMaxLatencyMs=470; operationCount=4; context=rename(gs://project-thesis-max/output/apache-spark/70k/_temporary/0/_temporary/attempt_202311290332001313680281476744713_0001_m_000000_1/part-00000-fa729d27-8e7a-4748-9271-8a7c92ba678e-c000.avro -> gs://project-thesis-max/output/apache-spark/70k/part-00000-fa729d27-8e7a-4748-9271-8a7c92ba678e-c000.avro)
23/11/29 03:32:05 INFO GoogleCloudStorageFileSystem: Successfully repaired 'gs://project-thesis-max/output/apache-spark/70k/' directory.
Time in sec: 11
Job [fc6083069f8e4d039addff79c80d3e78] finished successfully.
Job [60ff373971d34fad88fed2c6c5ee4677] submitted.
Waiting for job output...
:: loading settings :: url = jar:file:/usr/lib/spark/jars/ivy-2.5.1.jar!/org/apache/ivy/core/settings/ivysettings.xml
Ivy Default Cache set to: /root/.ivy2/cache
The jars for the packages stored in: /root/.ivy2/jars
org.apache.spark#spark-avro_2.12 added as a dependency
:: resolving dependencies :: org.apache.spark#spark-submit-parent-bb693f2c-9502-4b1a-b511-2f4a76474057;1.0
        confs: [default]
        found org.apache.spark#spark-avro_2.12;3.3.2 in central
        found org.tukaani#xz;1.9 in central
        found org.spark-project.spark#unused;1.0.0 in central
:: resolution report :: resolve 252ms :: artifacts dl 10ms
        :: modules in use:
        org.apache.spark#spark-avro_2.12;3.3.2 from central in [default]
        org.spark-project.spark#unused;1.0.0 from central in [default]
        org.tukaani#xz;1.9 from central in [default]
        ---------------------------------------------------------------------
        |                  |            modules            ||   artifacts   |
        |       conf       | number| search|dwnlded|evicted|| number|dwnlded|
        ---------------------------------------------------------------------
        |      default     |   3   |   0   |   0   |   0   ||   3   |   0   |
        ---------------------------------------------------------------------
:: retrieving :: org.apache.spark#spark-submit-parent-bb693f2c-9502-4b1a-b511-2f4a76474057
        confs: [default]
        0 artifacts copied, 3 already retrieved (0kB/7ms)
23/11/29 03:32:30 INFO SparkEnv: Registering MapOutputTracker
23/11/29 03:32:30 INFO SparkEnv: Registering BlockManagerMaster
23/11/29 03:32:30 INFO SparkEnv: Registering BlockManagerMasterHeartbeat
23/11/29 03:32:30 INFO SparkEnv: Registering OutputCommitCoordinator
23/11/29 03:32:32 INFO GhfsStorageStatistics: Detected potential high latency for operation op_get_file_status. latencyMs=236; previousMaxLatencyMs=0; operationCount=1; context=gs://dataproc-temp-us-central1-733260049689-xllyhmud/ae0dc149-2ee4-4852-b465-ae03808f7e4c/spark-job-history
23/11/29 03:32:32 INFO GoogleCloudStorageImpl: Ignoring exception of type GoogleJsonResponseException; verified object already exists with desired state.
23/11/29 03:32:38 WARN package: Truncated the string representation of a plan since it was too large. This behavior can be adjusted by setting 'spark.sql.debug.maxToStringFields'.
23/11/29 03:32:38 INFO GhfsStorageStatistics: Detected potential high latency for operation op_delete. latencyMs=280; previousMaxLatencyMs=0; operationCount=1; context=gs://project-thesis-max/output/apache-spark/70k
23/11/29 03:32:38 INFO PathOutputCommitterFactory: No output committer factory defined, defaulting to FileOutputCommitterFactory
23/11/29 03:32:39 INFO GhfsStorageStatistics: Detected potential high latency for operation op_mkdirs. latencyMs=168; previousMaxLatencyMs=140; operationCount=2; context=gs://project-thesis-max/output/apache-spark/70k/_temporary/0
23/11/29 03:32:39 INFO PathOutputCommitterFactory: No output committer factory defined, defaulting to FileOutputCommitterFactory
23/11/29 03:32:39 INFO PathOutputCommitterFactory: No output committer factory defined, defaulting to FileOutputCommitterFactory
23/11/29 03:32:39 INFO PathOutputCommitterFactory: No output committer factory defined, defaulting to FileOutputCommitterFactory
23/11/29 03:32:39 INFO PathOutputCommitterFactory: No output committer factory defined, defaulting to FileOutputCommitterFactory
23/11/29 03:32:39 INFO GhfsStorageStatistics: Detected potential high latency for operation op_create. latencyMs=171; previousMaxLatencyMs=82; operationCount=2; context=gs://project-thesis-max/output/apache-spark/70k/_temporary/0/_temporary/attempt_202311290332394401023251236275428_0001_m_000000_1/part-00000-60e1cac9-fae9-4f74-9712-a1959dcaddcb-c000.avro
23/11/29 03:32:40 INFO GhfsStorageStatistics: Detected potential high latency for operation op_create. latencyMs=214; previousMaxLatencyMs=171; operationCount=5; context=gs://project-thesis-max/output/apache-spark/70k/_temporary/0/_temporary/attempt_202311290332394401023251236275428_0001_m_000003_4/part-00003-60e1cac9-fae9-4f74-9712-a1959dcaddcb-c000.avro
23/11/29 03:32:40 INFO GhfsStorageStatistics: Detected potential high latency for operation op_create. latencyMs=226; previousMaxLatencyMs=214; operationCount=5; context=gs://project-thesis-max/output/apache-spark/70k/_temporary/0/_temporary/attempt_202311290332394401023251236275428_0001_m_000001_2/part-00001-60e1cac9-fae9-4f74-9712-a1959dcaddcb-c000.avro
23/11/29 03:32:42 INFO GhfsStorageStatistics: Detected potential high latency for operation stream_write_close_operations. latencyMs=180; previousMaxLatencyMs=0; operationCount=1; context=gs://project-thesis-max/output/apache-spark/70k/_temporary/0/_temporary/attempt_202311290332394401023251236275428_0001_m_000003_4/part-00003-60e1cac9-fae9-4f74-9712-a1959dcaddcb-c000.avro
23/11/29 03:32:42 INFO GhfsStorageStatistics: Detected potential high latency for operation stream_read_operations. latencyMs=185; previousMaxLatencyMs=105; operationCount=54; context=gs://project-thesis-max/input/us_accidents_70k.csv
23/11/29 03:32:43 INFO GoogleCloudStorageFileSystem: Successfully repaired 'gs://project-thesis-max/output/apache-spark/70k/_temporary/0/_temporary/attempt_202311290332394401023251236275428_0001_m_000003_4/' directory.
23/11/29 03:32:43 INFO GhfsStorageStatistics: Detected potential high latency for operation op_rename. latencyMs=521; previousMaxLatencyMs=0; operationCount=1; context=rename(gs://project-thesis-max/output/apache-spark/70k/_temporary/0/_temporary/attempt_202311290332394401023251236275428_0001_m_000003_4/part-00003-60e1cac9-fae9-4f74-9712-a1959dcaddcb-c000.avro -> gs://project-thesis-max/output/apache-spark/70k/part-00003-60e1cac9-fae9-4f74-9712-a1959dcaddcb-c000.avro)
23/11/29 03:32:43 INFO GhfsStorageStatistics: Detected potential high latency for operation stream_write_close_operations. latencyMs=184; previousMaxLatencyMs=180; operationCount=4; context=gs://project-thesis-max/output/apache-spark/70k/_temporary/0/_temporary/attempt_202311290332394401023251236275428_0001_m_000000_1/part-00000-60e1cac9-fae9-4f74-9712-a1959dcaddcb-c000.avro
23/11/29 03:32:43 INFO GhfsStorageStatistics: Detected potential high latency for operation stream_write_close_operations. latencyMs=227; previousMaxLatencyMs=184; operationCount=4; context=gs://project-thesis-max/output/apache-spark/70k/_temporary/0/_temporary/attempt_202311290332394401023251236275428_0001_m_000001_2/part-00001-60e1cac9-fae9-4f74-9712-a1959dcaddcb-c000.avro
23/11/29 03:32:43 INFO GoogleCloudStorageFileSystem: Successfully repaired 'gs://project-thesis-max/output/apache-spark/70k/_temporary/0/_temporary/' directory.
23/11/29 03:32:43 INFO GhfsStorageStatistics: Detected potential high latency for operation op_delete. latencyMs=335; previousMaxLatencyMs=280; operationCount=2; context=gs://project-thesis-max/output/apache-spark/70k/_temporary/0/_temporary/attempt_202311290332394401023251236275428_0001_m_000003_4
23/11/29 03:32:43 INFO GoogleCloudStorageFileSystem: Successfully repaired 'gs://project-thesis-max/output/apache-spark/70k/_temporary/0/_temporary/attempt_202311290332394401023251236275428_0001_m_000002_3/' directory.
23/11/29 03:32:43 INFO GoogleCloudStorageFileSystem: Successfully repaired 'gs://project-thesis-max/output/apache-spark/70k/_temporary/0/_temporary/attempt_202311290332394401023251236275428_0001_m_000000_1/' directory.
23/11/29 03:32:43 INFO GoogleCloudStorageFileSystem: Successfully repaired 'gs://project-thesis-max/output/apache-spark/70k/_temporary/0/_temporary/attempt_202311290332394401023251236275428_0001_m_000001_2/' directory.
23/11/29 03:32:44 INFO GoogleCloudStorageFileSystem: Successfully repaired 'gs://project-thesis-max/output/apache-spark/70k/' directory.
Time in sec: 11
Job [60ff373971d34fad88fed2c6c5ee4677] finished successfully.
Job [936856ce618048a49fb993052f1da54c] submitted.
Waiting for job output...
:: loading settings :: url = jar:file:/usr/lib/spark/jars/ivy-2.5.1.jar!/org/apache/ivy/core/settings/ivysettings.xml
Ivy Default Cache set to: /root/.ivy2/cache
The jars for the packages stored in: /root/.ivy2/jars
org.apache.spark#spark-avro_2.12 added as a dependency
:: resolving dependencies :: org.apache.spark#spark-submit-parent-f912e2f2-4219-4427-b295-a40557a54b27;1.0
        confs: [default]
        found org.apache.spark#spark-avro_2.12;3.3.2 in central
        found org.tukaani#xz;1.9 in central
        found org.spark-project.spark#unused;1.0.0 in central
:: resolution report :: resolve 273ms :: artifacts dl 9ms
        :: modules in use:
        org.apache.spark#spark-avro_2.12;3.3.2 from central in [default]
        org.spark-project.spark#unused;1.0.0 from central in [default]
        org.tukaani#xz;1.9 from central in [default]
        ---------------------------------------------------------------------
        |                  |            modules            ||   artifacts   |
        |       conf       | number| search|dwnlded|evicted|| number|dwnlded|
        ---------------------------------------------------------------------
        |      default     |   3   |   0   |   0   |   0   ||   3   |   0   |
        ---------------------------------------------------------------------
:: retrieving :: org.apache.spark#spark-submit-parent-f912e2f2-4219-4427-b295-a40557a54b27
        confs: [default]
        0 artifacts copied, 3 already retrieved (0kB/7ms)
23/11/29 03:33:01 INFO SparkEnv: Registering MapOutputTracker
23/11/29 03:33:01 INFO SparkEnv: Registering BlockManagerMaster
23/11/29 03:33:01 INFO SparkEnv: Registering BlockManagerMasterHeartbeat
23/11/29 03:33:01 INFO SparkEnv: Registering OutputCommitCoordinator
23/11/29 03:33:03 INFO GhfsStorageStatistics: Detected potential high latency for operation op_get_file_status. latencyMs=260; previousMaxLatencyMs=0; operationCount=1; context=gs://dataproc-temp-us-central1-733260049689-xllyhmud/ae0dc149-2ee4-4852-b465-ae03808f7e4c/spark-job-history
23/11/29 03:33:03 INFO GoogleCloudStorageImpl: Ignoring exception of type GoogleJsonResponseException; verified object already exists with desired state.
23/11/29 03:33:09 WARN package: Truncated the string representation of a plan since it was too large. This behavior can be adjusted by setting 'spark.sql.debug.maxToStringFields'.
23/11/29 03:33:09 INFO GhfsStorageStatistics: Detected potential high latency for operation op_delete. latencyMs=233; previousMaxLatencyMs=0; operationCount=1; context=gs://project-thesis-max/output/apache-spark/70k
23/11/29 03:33:09 INFO PathOutputCommitterFactory: No output committer factory defined, defaulting to FileOutputCommitterFactory
23/11/29 03:33:09 INFO PathOutputCommitterFactory: No output committer factory defined, defaulting to FileOutputCommitterFactory
23/11/29 03:33:09 INFO PathOutputCommitterFactory: No output committer factory defined, defaulting to FileOutputCommitterFactory
23/11/29 03:33:09 INFO PathOutputCommitterFactory: No output committer factory defined, defaulting to FileOutputCommitterFactory
23/11/29 03:33:09 INFO PathOutputCommitterFactory: No output committer factory defined, defaulting to FileOutputCommitterFactory
23/11/29 03:33:10 INFO GhfsStorageStatistics: Detected potential high latency for operation op_create. latencyMs=247; previousMaxLatencyMs=133; operationCount=5; context=gs://project-thesis-max/output/apache-spark/70k/_temporary/0/_temporary/attempt_202311290333098034699853270203426_0001_m_000001_2/part-00001-94fd5592-a820-4a79-bafb-5e8e418bb376-c000.avro
23/11/29 03:33:10 INFO GhfsStorageStatistics: Detected potential high latency for operation op_create. latencyMs=252; previousMaxLatencyMs=247; operationCount=5; context=gs://project-thesis-max/output/apache-spark/70k/_temporary/0/_temporary/attempt_202311290333098034699853270203426_0001_m_000002_3/part-00002-94fd5592-a820-4a79-bafb-5e8e418bb376-c000.avro
23/11/29 03:33:10 INFO GhfsStorageStatistics: Detected potential high latency for operation op_create. latencyMs=265; previousMaxLatencyMs=252; operationCount=5; context=gs://project-thesis-max/output/apache-spark/70k/_temporary/0/_temporary/attempt_202311290333098034699853270203426_0001_m_000003_4/part-00003-94fd5592-a820-4a79-bafb-5e8e418bb376-c000.avro
23/11/29 03:33:12 INFO GhfsStorageStatistics: Detected potential high latency for operation stream_write_close_operations. latencyMs=169; previousMaxLatencyMs=0; operationCount=1; context=gs://project-thesis-max/output/apache-spark/70k/_temporary/0/_temporary/attempt_202311290333098034699853270203426_0001_m_000003_4/part-00003-94fd5592-a820-4a79-bafb-5e8e418bb376-c000.avro
23/11/29 03:33:13 INFO GoogleCloudStorageFileSystem: Successfully repaired 'gs://project-thesis-max/output/apache-spark/70k/_temporary/0/_temporary/attempt_202311290333098034699853270203426_0001_m_000003_4/' directory.
23/11/29 03:33:13 INFO GhfsStorageStatistics: Detected potential high latency for operation op_rename. latencyMs=485; previousMaxLatencyMs=0; operationCount=1; context=rename(gs://project-thesis-max/output/apache-spark/70k/_temporary/0/_temporary/attempt_202311290333098034699853270203426_0001_m_000003_4/part-00003-94fd5592-a820-4a79-bafb-5e8e418bb376-c000.avro -> gs://project-thesis-max/output/apache-spark/70k/part-00003-94fd5592-a820-4a79-bafb-5e8e418bb376-c000.avro)
23/11/29 03:33:13 INFO GhfsStorageStatistics: Detected potential high latency for operation stream_write_close_operations. latencyMs=258; previousMaxLatencyMs=169; operationCount=4; context=gs://project-thesis-max/output/apache-spark/70k/_temporary/0/_temporary/attempt_202311290333098034699853270203426_0001_m_000000_1/part-00000-94fd5592-a820-4a79-bafb-5e8e418bb376-c000.avro
23/11/29 03:33:13 INFO GoogleCloudStorageFileSystem: Successfully repaired 'gs://project-thesis-max/output/apache-spark/70k/_temporary/0/_temporary/' directory.
23/11/29 03:33:13 INFO GhfsStorageStatistics: Detected potential high latency for operation op_delete. latencyMs=343; previousMaxLatencyMs=233; operationCount=2; context=gs://project-thesis-max/output/apache-spark/70k/_temporary/0/_temporary/attempt_202311290333098034699853270203426_0001_m_000003_4
23/11/29 03:33:14 INFO GoogleCloudStorageFileSystem: Successfully repaired 'gs://project-thesis-max/output/apache-spark/70k/_temporary/0/_temporary/attempt_202311290333098034699853270203426_0001_m_000001_2/' directory.
23/11/29 03:33:14 INFO GoogleCloudStorageFileSystem: Successfully repaired 'gs://project-thesis-max/output/apache-spark/70k/_temporary/0/_temporary/attempt_202311290333098034699853270203426_0001_m_000002_3/' directory.
23/11/29 03:33:14 INFO GoogleCloudStorageFileSystem: Successfully repaired 'gs://project-thesis-max/output/apache-spark/70k/_temporary/0/_temporary/attempt_202311290333098034699853270203426_0001_m_000000_1/' directory.
23/11/29 03:33:14 INFO GhfsStorageStatistics: Detected potential high latency for operation op_rename. latencyMs=529; previousMaxLatencyMs=485; operationCount=4; context=rename(gs://project-thesis-max/output/apache-spark/70k/_temporary/0/_temporary/attempt_202311290333098034699853270203426_0001_m_000000_1/part-00000-94fd5592-a820-4a79-bafb-5e8e418bb376-c000.avro -> gs://project-thesis-max/output/apache-spark/70k/part-00000-94fd5592-a820-4a79-bafb-5e8e418bb376-c000.avro)
23/11/29 03:33:14 INFO GoogleCloudStorageFileSystem: Successfully repaired 'gs://project-thesis-max/output/apache-spark/70k/' directory.
Time in sec: 10
Job [936856ce618048a49fb993052f1da54c] finished successfully.
Job [9df8138be9b94d3e846887f72dc43b1e] submitted.
Waiting for job output...
:: loading settings :: url = jar:file:/usr/lib/spark/jars/ivy-2.5.1.jar!/org/apache/ivy/core/settings/ivysettings.xml
Ivy Default Cache set to: /root/.ivy2/cache
The jars for the packages stored in: /root/.ivy2/jars
org.apache.spark#spark-avro_2.12 added as a dependency
:: resolving dependencies :: org.apache.spark#spark-submit-parent-96bce081-9820-4519-8925-b1616d9a1cb2;1.0
        confs: [default]
        found org.apache.spark#spark-avro_2.12;3.3.2 in central
        found org.tukaani#xz;1.9 in central
        found org.spark-project.spark#unused;1.0.0 in central
:: resolution report :: resolve 271ms :: artifacts dl 8ms
        :: modules in use:
        org.apache.spark#spark-avro_2.12;3.3.2 from central in [default]
        org.spark-project.spark#unused;1.0.0 from central in [default]
        org.tukaani#xz;1.9 from central in [default]
        ---------------------------------------------------------------------
        |                  |            modules            ||   artifacts   |
        |       conf       | number| search|dwnlded|evicted|| number|dwnlded|
        ---------------------------------------------------------------------
        |      default     |   3   |   0   |   0   |   0   ||   3   |   0   |
        ---------------------------------------------------------------------
:: retrieving :: org.apache.spark#spark-submit-parent-96bce081-9820-4519-8925-b1616d9a1cb2
        confs: [default]
        0 artifacts copied, 3 already retrieved (0kB/8ms)
23/11/29 03:33:36 INFO SparkEnv: Registering MapOutputTracker
23/11/29 03:33:36 INFO SparkEnv: Registering BlockManagerMaster
23/11/29 03:33:36 INFO SparkEnv: Registering BlockManagerMasterHeartbeat
23/11/29 03:33:36 INFO SparkEnv: Registering OutputCommitCoordinator
23/11/29 03:33:38 INFO GhfsStorageStatistics: Detected potential high latency for operation op_get_file_status. latencyMs=241; previousMaxLatencyMs=0; operationCount=1; context=gs://dataproc-temp-us-central1-733260049689-xllyhmud/ae0dc149-2ee4-4852-b465-ae03808f7e4c/spark-job-history
23/11/29 03:33:38 INFO GoogleCloudStorageImpl: Ignoring exception of type GoogleJsonResponseException; verified object already exists with desired state.
23/11/29 03:33:44 WARN package: Truncated the string representation of a plan since it was too large. This behavior can be adjusted by setting 'spark.sql.debug.maxToStringFields'.
23/11/29 03:33:44 INFO GhfsStorageStatistics: Detected potential high latency for operation op_delete. latencyMs=235; previousMaxLatencyMs=0; operationCount=1; context=gs://project-thesis-max/output/apache-spark/70k
23/11/29 03:33:45 INFO PathOutputCommitterFactory: No output committer factory defined, defaulting to FileOutputCommitterFactory
23/11/29 03:33:45 INFO PathOutputCommitterFactory: No output committer factory defined, defaulting to FileOutputCommitterFactory
23/11/29 03:33:45 INFO PathOutputCommitterFactory: No output committer factory defined, defaulting to FileOutputCommitterFactory
23/11/29 03:33:45 INFO PathOutputCommitterFactory: No output committer factory defined, defaulting to FileOutputCommitterFactory
23/11/29 03:33:45 INFO PathOutputCommitterFactory: No output committer factory defined, defaulting to FileOutputCommitterFactory
23/11/29 03:33:46 INFO GhfsStorageStatistics: Detected potential high latency for operation op_create. latencyMs=223; previousMaxLatencyMs=113; operationCount=5; context=gs://project-thesis-max/output/apache-spark/70k/_temporary/0/_temporary/attempt_202311290333454488696589011341422_0001_m_000003_4/part-00003-09982b58-9eb1-4ef5-add0-e6c8eb9fd271-c000.avro
23/11/29 03:33:46 INFO GhfsStorageStatistics: Detected potential high latency for operation op_create. latencyMs=232; previousMaxLatencyMs=223; operationCount=5; context=gs://project-thesis-max/output/apache-spark/70k/_temporary/0/_temporary/attempt_202311290333454488696589011341422_0001_m_000001_2/part-00001-09982b58-9eb1-4ef5-add0-e6c8eb9fd271-c000.avro
23/11/29 03:33:48 INFO GoogleCloudStorageFileSystem: Successfully repaired 'gs://project-thesis-max/output/apache-spark/70k/_temporary/0/_temporary/attempt_202311290333454488696589011341422_0001_m_000003_4/' directory.
23/11/29 03:33:48 INFO GhfsStorageStatistics: Detected potential high latency for operation op_rename. latencyMs=441; previousMaxLatencyMs=0; operationCount=1; context=rename(gs://project-thesis-max/output/apache-spark/70k/_temporary/0/_temporary/attempt_202311290333454488696589011341422_0001_m_000003_4/part-00003-09982b58-9eb1-4ef5-add0-e6c8eb9fd271-c000.avro -> gs://project-thesis-max/output/apache-spark/70k/part-00003-09982b58-9eb1-4ef5-add0-e6c8eb9fd271-c000.avro)
23/11/29 03:33:49 INFO GhfsStorageStatistics: Detected potential high latency for operation stream_write_close_operations. latencyMs=160; previousMaxLatencyMs=133; operationCount=4; context=gs://project-thesis-max/output/apache-spark/70k/_temporary/0/_temporary/attempt_202311290333454488696589011341422_0001_m_000000_1/part-00000-09982b58-9eb1-4ef5-add0-e6c8eb9fd271-c000.avro
23/11/29 03:33:49 INFO GhfsStorageStatistics: Detected potential high latency for operation stream_write_close_operations. latencyMs=177; previousMaxLatencyMs=160; operationCount=4; context=gs://project-thesis-max/output/apache-spark/70k/_temporary/0/_temporary/attempt_202311290333454488696589011341422_0001_m_000002_3/part-00002-09982b58-9eb1-4ef5-add0-e6c8eb9fd271-c000.avro
23/11/29 03:33:49 INFO GoogleCloudStorageFileSystem: Successfully repaired 'gs://project-thesis-max/output/apache-spark/70k/_temporary/0/_temporary/' directory.
23/11/29 03:33:49 INFO GhfsStorageStatistics: Detected potential high latency for operation op_delete. latencyMs=284; previousMaxLatencyMs=235; operationCount=2; context=gs://project-thesis-max/output/apache-spark/70k/_temporary/0/_temporary/attempt_202311290333454488696589011341422_0001_m_000003_4
23/11/29 03:33:49 INFO GoogleCloudStorageFileSystem: Successfully repaired 'gs://project-thesis-max/output/apache-spark/70k/_temporary/0/_temporary/attempt_202311290333454488696589011341422_0001_m_000000_1/' directory.
23/11/29 03:33:49 INFO GoogleCloudStorageFileSystem: Successfully repaired 'gs://project-thesis-max/output/apache-spark/70k/_temporary/0/_temporary/attempt_202311290333454488696589011341422_0001_m_000002_3/' directory.
23/11/29 03:33:49 INFO GoogleCloudStorageFileSystem: Successfully repaired 'gs://project-thesis-max/output/apache-spark/70k/_temporary/0/_temporary/attempt_202311290333454488696589011341422_0001_m_000001_2/' directory.
23/11/29 03:33:50 INFO GoogleCloudStorageFileSystem: Successfully repaired 'gs://project-thesis-max/output/apache-spark/70k/' directory.
23/11/29 03:33:50 INFO GhfsStorageStatistics: Detected potential high latency for operation op_delete. latencyMs=285; previousMaxLatencyMs=284; operationCount=6; context=gs://project-thesis-max/output/apache-spark/70k/_temporary
Time in sec: 10
Job [9df8138be9b94d3e846887f72dc43b1e] finished successfully.
Job [edc0ab180939432890a7c5523255ac6a] submitted.
Waiting for job output...
:: loading settings :: url = jar:file:/usr/lib/spark/jars/ivy-2.5.1.jar!/org/apache/ivy/core/settings/ivysettings.xml
Ivy Default Cache set to: /root/.ivy2/cache
The jars for the packages stored in: /root/.ivy2/jars
org.apache.spark#spark-avro_2.12 added as a dependency
:: resolving dependencies :: org.apache.spark#spark-submit-parent-93d49940-bd35-415a-b11e-dd71f6921d04;1.0
        confs: [default]
        found org.apache.spark#spark-avro_2.12;3.3.2 in central
        found org.tukaani#xz;1.9 in central
        found org.spark-project.spark#unused;1.0.0 in central
:: resolution report :: resolve 274ms :: artifacts dl 8ms
        :: modules in use:
        org.apache.spark#spark-avro_2.12;3.3.2 from central in [default]
        org.spark-project.spark#unused;1.0.0 from central in [default]
        org.tukaani#xz;1.9 from central in [default]
        ---------------------------------------------------------------------
        |                  |            modules            ||   artifacts   |
        |       conf       | number| search|dwnlded|evicted|| number|dwnlded|
        ---------------------------------------------------------------------
        |      default     |   3   |   0   |   0   |   0   ||   3   |   0   |
        ---------------------------------------------------------------------
:: retrieving :: org.apache.spark#spark-submit-parent-93d49940-bd35-415a-b11e-dd71f6921d04
        confs: [default]
        0 artifacts copied, 3 already retrieved (0kB/7ms)
23/11/29 03:34:13 INFO SparkEnv: Registering MapOutputTracker
23/11/29 03:34:13 INFO SparkEnv: Registering BlockManagerMaster
23/11/29 03:34:13 INFO SparkEnv: Registering BlockManagerMasterHeartbeat
23/11/29 03:34:13 INFO SparkEnv: Registering OutputCommitCoordinator
23/11/29 03:34:15 INFO GhfsStorageStatistics: Detected potential high latency for operation op_get_file_status. latencyMs=301; previousMaxLatencyMs=0; operationCount=1; context=gs://dataproc-temp-us-central1-733260049689-xllyhmud/ae0dc149-2ee4-4852-b465-ae03808f7e4c/spark-job-history
23/11/29 03:34:15 INFO GoogleCloudStorageImpl: Ignoring exception of type GoogleJsonResponseException; verified object already exists with desired state.
23/11/29 03:34:21 WARN package: Truncated the string representation of a plan since it was too large. This behavior can be adjusted by setting 'spark.sql.debug.maxToStringFields'.
23/11/29 03:34:22 INFO GhfsStorageStatistics: Detected potential high latency for operation op_delete. latencyMs=240; previousMaxLatencyMs=0; operationCount=1; context=gs://project-thesis-max/output/apache-spark/70k
23/11/29 03:34:22 INFO PathOutputCommitterFactory: No output committer factory defined, defaulting to FileOutputCommitterFactory
23/11/29 03:34:22 INFO PathOutputCommitterFactory: No output committer factory defined, defaulting to FileOutputCommitterFactory
23/11/29 03:34:22 INFO PathOutputCommitterFactory: No output committer factory defined, defaulting to FileOutputCommitterFactory
23/11/29 03:34:22 INFO PathOutputCommitterFactory: No output committer factory defined, defaulting to FileOutputCommitterFactory
23/11/29 03:34:22 INFO PathOutputCommitterFactory: No output committer factory defined, defaulting to FileOutputCommitterFactory
23/11/29 03:34:23 INFO GhfsStorageStatistics: Detected potential high latency for operation op_create. latencyMs=160; previousMaxLatencyMs=128; operationCount=5; context=gs://project-thesis-max/output/apache-spark/70k/_temporary/0/_temporary/attempt_202311290334228938810315623299712_0001_m_000003_4/part-00003-03ced1eb-7033-4fcb-964b-bb2f5e26e474-c000.avro
23/11/29 03:34:23 INFO GhfsStorageStatistics: Detected potential high latency for operation op_create. latencyMs=185; previousMaxLatencyMs=160; operationCount=5; context=gs://project-thesis-max/output/apache-spark/70k/_temporary/0/_temporary/attempt_202311290334228938810315623299712_0001_m_000001_2/part-00001-03ced1eb-7033-4fcb-964b-bb2f5e26e474-c000.avro
23/11/29 03:34:23 INFO GhfsStorageStatistics: Detected potential high latency for operation op_create. latencyMs=206; previousMaxLatencyMs=185; operationCount=5; context=gs://project-thesis-max/output/apache-spark/70k/_temporary/0/_temporary/attempt_202311290334228938810315623299712_0001_m_000002_3/part-00002-03ced1eb-7033-4fcb-964b-bb2f5e26e474-c000.avro
23/11/29 03:34:26 INFO GoogleCloudStorageFileSystem: Successfully repaired 'gs://project-thesis-max/output/apache-spark/70k/_temporary/0/_temporary/attempt_202311290334228938810315623299712_0001_m_000003_4/' directory.
23/11/29 03:34:26 INFO GhfsStorageStatistics: Detected potential high latency for operation op_rename. latencyMs=476; previousMaxLatencyMs=0; operationCount=1; context=rename(gs://project-thesis-max/output/apache-spark/70k/_temporary/0/_temporary/attempt_202311290334228938810315623299712_0001_m_000003_4/part-00003-03ced1eb-7033-4fcb-964b-bb2f5e26e474-c000.avro -> gs://project-thesis-max/output/apache-spark/70k/part-00003-03ced1eb-7033-4fcb-964b-bb2f5e26e474-c000.avro)
23/11/29 03:34:26 INFO GhfsStorageStatistics: Detected potential high latency for operation stream_write_close_operations. latencyMs=189; previousMaxLatencyMs=147; operationCount=4; context=gs://project-thesis-max/output/apache-spark/70k/_temporary/0/_temporary/attempt_202311290334228938810315623299712_0001_m_000000_1/part-00000-03ced1eb-7033-4fcb-964b-bb2f5e26e474-c000.avro
23/11/29 03:34:26 INFO GoogleCloudStorageFileSystem: Successfully repaired 'gs://project-thesis-max/output/apache-spark/70k/_temporary/0/_temporary/' directory.
23/11/29 03:34:26 INFO GhfsStorageStatistics: Detected potential high latency for operation op_delete. latencyMs=300; previousMaxLatencyMs=240; operationCount=2; context=gs://project-thesis-max/output/apache-spark/70k/_temporary/0/_temporary/attempt_202311290334228938810315623299712_0001_m_000003_4
23/11/29 03:34:26 INFO GoogleCloudStorageFileSystem: Successfully repaired 'gs://project-thesis-max/output/apache-spark/70k/_temporary/0/_temporary/attempt_202311290334228938810315623299712_0001_m_000000_1/' directory.
23/11/29 03:34:27 INFO GoogleCloudStorageFileSystem: Successfully repaired 'gs://project-thesis-max/output/apache-spark/70k/_temporary/0/_temporary/attempt_202311290334228938810315623299712_0001_m_000001_2/' directory.
23/11/29 03:34:27 INFO GoogleCloudStorageFileSystem: Successfully repaired 'gs://project-thesis-max/output/apache-spark/70k/_temporary/0/_temporary/attempt_202311290334228938810315623299712_0001_m_000002_3/' directory.
23/11/29 03:34:27 INFO GoogleCloudStorageFileSystem: Successfully repaired 'gs://project-thesis-max/output/apache-spark/70k/' directory.
23/11/29 03:34:27 INFO GhfsStorageStatistics: Detected potential high latency for operation op_delete. latencyMs=311; previousMaxLatencyMs=300; operationCount=6; context=gs://project-thesis-max/output/apache-spark/70k/_temporary
Time in sec: 11
Job [edc0ab180939432890a7c5523255ac6a] finished successfully.
Job [feccedd426a74efc90caa9a88e9a5675] submitted.
Waiting for job output...
:: loading settings :: url = jar:file:/usr/lib/spark/jars/ivy-2.5.1.jar!/org/apache/ivy/core/settings/ivysettings.xml
Ivy Default Cache set to: /root/.ivy2/cache
The jars for the packages stored in: /root/.ivy2/jars
org.apache.spark#spark-avro_2.12 added as a dependency
:: resolving dependencies :: org.apache.spark#spark-submit-parent-f635ec5b-9985-4c62-909b-212a2ab21fe1;1.0
        confs: [default]
        found org.apache.spark#spark-avro_2.12;3.3.2 in central
        found org.tukaani#xz;1.9 in central
        found org.spark-project.spark#unused;1.0.0 in central
:: resolution report :: resolve 337ms :: artifacts dl 9ms
        :: modules in use:
        org.apache.spark#spark-avro_2.12;3.3.2 from central in [default]
        org.spark-project.spark#unused;1.0.0 from central in [default]
        org.tukaani#xz;1.9 from central in [default]
        ---------------------------------------------------------------------
        |                  |            modules            ||   artifacts   |
        |       conf       | number| search|dwnlded|evicted|| number|dwnlded|
        ---------------------------------------------------------------------
        |      default     |   3   |   0   |   0   |   0   ||   3   |   0   |
        ---------------------------------------------------------------------
:: retrieving :: org.apache.spark#spark-submit-parent-f635ec5b-9985-4c62-909b-212a2ab21fe1
        confs: [default]
        0 artifacts copied, 3 already retrieved (0kB/7ms)
23/11/29 03:34:52 INFO SparkEnv: Registering MapOutputTracker
23/11/29 03:34:52 INFO SparkEnv: Registering BlockManagerMaster
23/11/29 03:34:53 INFO SparkEnv: Registering BlockManagerMasterHeartbeat
23/11/29 03:34:53 INFO SparkEnv: Registering OutputCommitCoordinator
23/11/29 03:34:54 INFO GhfsStorageStatistics: Detected potential high latency for operation op_get_file_status. latencyMs=290; previousMaxLatencyMs=0; operationCount=1; context=gs://dataproc-temp-us-central1-733260049689-xllyhmud/ae0dc149-2ee4-4852-b465-ae03808f7e4c/spark-job-history
23/11/29 03:34:54 INFO GoogleCloudStorageImpl: Ignoring exception of type GoogleJsonResponseException; verified object already exists with desired state.
23/11/29 03:34:54 INFO GhfsStorageStatistics: Detected potential high latency for operation op_mkdirs. latencyMs=151; previousMaxLatencyMs=0; operationCount=1; context=gs://dataproc-temp-us-central1-733260049689-xllyhmud/ae0dc149-2ee4-4852-b465-ae03808f7e4c/spark-job-history
23/11/29 03:35:00 WARN package: Truncated the string representation of a plan since it was too large. This behavior can be adjusted by setting 'spark.sql.debug.maxToStringFields'.
23/11/29 03:35:00 INFO GhfsStorageStatistics: Detected potential high latency for operation op_delete. latencyMs=277; previousMaxLatencyMs=0; operationCount=1; context=gs://project-thesis-max/output/apache-spark/70k
23/11/29 03:35:01 INFO PathOutputCommitterFactory: No output committer factory defined, defaulting to FileOutputCommitterFactory
23/11/29 03:35:01 INFO PathOutputCommitterFactory: No output committer factory defined, defaulting to FileOutputCommitterFactory
23/11/29 03:35:01 INFO PathOutputCommitterFactory: No output committer factory defined, defaulting to FileOutputCommitterFactory
23/11/29 03:35:01 INFO PathOutputCommitterFactory: No output committer factory defined, defaulting to FileOutputCommitterFactory
23/11/29 03:35:01 INFO PathOutputCommitterFactory: No output committer factory defined, defaulting to FileOutputCommitterFactory
23/11/29 03:35:02 INFO GhfsStorageStatistics: Detected potential high latency for operation op_create. latencyMs=204; previousMaxLatencyMs=109; operationCount=5; context=gs://project-thesis-max/output/apache-spark/70k/_temporary/0/_temporary/attempt_202311290335017502815594513139948_0001_m_000002_3/part-00002-cdd7d85c-9b06-4910-8009-37ea2b3f11b4-c000.avro
23/11/29 03:35:02 INFO GhfsStorageStatistics: Detected potential high latency for operation op_create. latencyMs=221; previousMaxLatencyMs=204; operationCount=5; context=gs://project-thesis-max/output/apache-spark/70k/_temporary/0/_temporary/attempt_202311290335017502815594513139948_0001_m_000001_2/part-00001-cdd7d85c-9b06-4910-8009-37ea2b3f11b4-c000.avro
23/11/29 03:35:02 INFO GhfsStorageStatistics: Detected potential high latency for operation op_create. latencyMs=247; previousMaxLatencyMs=221; operationCount=5; context=gs://project-thesis-max/output/apache-spark/70k/_temporary/0/_temporary/attempt_202311290335017502815594513139948_0001_m_000003_4/part-00003-cdd7d85c-9b06-4910-8009-37ea2b3f11b4-c000.avro
23/11/29 03:35:04 INFO GhfsStorageStatistics: Detected potential high latency for operation stream_write_close_operations. latencyMs=182; previousMaxLatencyMs=0; operationCount=1; context=gs://project-thesis-max/output/apache-spark/70k/_temporary/0/_temporary/attempt_202311290335017502815594513139948_0001_m_000003_4/part-00003-cdd7d85c-9b06-4910-8009-37ea2b3f11b4-c000.avro
23/11/29 03:35:05 INFO GoogleCloudStorageFileSystem: Successfully repaired 'gs://project-thesis-max/output/apache-spark/70k/_temporary/0/_temporary/attempt_202311290335017502815594513139948_0001_m_000003_4/' directory.
23/11/29 03:35:05 INFO GhfsStorageStatistics: Detected potential high latency for operation op_rename. latencyMs=476; previousMaxLatencyMs=0; operationCount=1; context=rename(gs://project-thesis-max/output/apache-spark/70k/_temporary/0/_temporary/attempt_202311290335017502815594513139948_0001_m_000003_4/part-00003-cdd7d85c-9b06-4910-8009-37ea2b3f11b4-c000.avro -> gs://project-thesis-max/output/apache-spark/70k/part-00003-cdd7d85c-9b06-4910-8009-37ea2b3f11b4-c000.avro)
23/11/29 03:35:05 INFO GoogleCloudStorageFileSystem: Successfully repaired 'gs://project-thesis-max/output/apache-spark/70k/_temporary/0/_temporary/' directory.
23/11/29 03:35:05 INFO GhfsStorageStatistics: Detected potential high latency for operation op_delete. latencyMs=278; previousMaxLatencyMs=277; operationCount=2; context=gs://project-thesis-max/output/apache-spark/70k/_temporary/0/_temporary/attempt_202311290335017502815594513139948_0001_m_000003_4
23/11/29 03:35:06 INFO GoogleCloudStorageFileSystem: Successfully repaired 'gs://project-thesis-max/output/apache-spark/70k/_temporary/0/_temporary/attempt_202311290335017502815594513139948_0001_m_000001_2/' directory.
23/11/29 03:35:06 INFO GoogleCloudStorageFileSystem: Successfully repaired 'gs://project-thesis-max/output/apache-spark/70k/_temporary/0/_temporary/attempt_202311290335017502815594513139948_0001_m_000002_3/' directory.
23/11/29 03:35:06 INFO GoogleCloudStorageFileSystem: Successfully repaired 'gs://project-thesis-max/output/apache-spark/70k/_temporary/0/_temporary/attempt_202311290335017502815594513139948_0001_m_000000_1/' directory.
23/11/29 03:35:06 INFO GoogleCloudStorageFileSystem: Successfully repaired 'gs://project-thesis-max/output/apache-spark/70k/' directory.
23/11/29 03:35:06 INFO GhfsStorageStatistics: Detected potential high latency for operation op_delete. latencyMs=313; previousMaxLatencyMs=278; operationCount=6; context=gs://project-thesis-max/output/apache-spark/70k/_temporary
Time in sec: 11
Job [feccedd426a74efc90caa9a88e9a5675] finished successfully.
Job [597e1bab90ec41fa891cf9b23a0e33f7] submitted.
Waiting for job output...
:: loading settings :: url = jar:file:/usr/lib/spark/jars/ivy-2.5.1.jar!/org/apache/ivy/core/settings/ivysettings.xml
Ivy Default Cache set to: /root/.ivy2/cache
The jars for the packages stored in: /root/.ivy2/jars
org.apache.spark#spark-avro_2.12 added as a dependency
:: resolving dependencies :: org.apache.spark#spark-submit-parent-0722144b-363a-4aed-b6cc-3f48e74f58c0;1.0
        confs: [default]
        found org.apache.spark#spark-avro_2.12;3.3.2 in central
        found org.tukaani#xz;1.9 in central
        found org.spark-project.spark#unused;1.0.0 in central
:: resolution report :: resolve 303ms :: artifacts dl 9ms
        :: modules in use:
        org.apache.spark#spark-avro_2.12;3.3.2 from central in [default]
        org.spark-project.spark#unused;1.0.0 from central in [default]
        org.tukaani#xz;1.9 from central in [default]
        ---------------------------------------------------------------------
        |                  |            modules            ||   artifacts   |
        |       conf       | number| search|dwnlded|evicted|| number|dwnlded|
        ---------------------------------------------------------------------
        |      default     |   3   |   0   |   0   |   0   ||   3   |   0   |
        ---------------------------------------------------------------------
:: retrieving :: org.apache.spark#spark-submit-parent-0722144b-363a-4aed-b6cc-3f48e74f58c0
        confs: [default]
        0 artifacts copied, 3 already retrieved (0kB/7ms)
23/11/29 03:35:32 INFO SparkEnv: Registering MapOutputTracker
23/11/29 03:35:33 INFO SparkEnv: Registering BlockManagerMaster
23/11/29 03:35:33 INFO SparkEnv: Registering BlockManagerMasterHeartbeat
23/11/29 03:35:33 INFO SparkEnv: Registering OutputCommitCoordinator
23/11/29 03:35:34 INFO GhfsStorageStatistics: Detected potential high latency for operation op_get_file_status. latencyMs=258; previousMaxLatencyMs=0; operationCount=1; context=gs://dataproc-temp-us-central1-733260049689-xllyhmud/ae0dc149-2ee4-4852-b465-ae03808f7e4c/spark-job-history
23/11/29 03:35:34 INFO GoogleCloudStorageImpl: Ignoring exception of type GoogleJsonResponseException; verified object already exists with desired state.
23/11/29 03:35:34 INFO GhfsStorageStatistics: Detected potential high latency for operation op_mkdirs. latencyMs=155; previousMaxLatencyMs=0; operationCount=1; context=gs://dataproc-temp-us-central1-733260049689-xllyhmud/ae0dc149-2ee4-4852-b465-ae03808f7e4c/spark-job-history
23/11/29 03:35:40 WARN package: Truncated the string representation of a plan since it was too large. This behavior can be adjusted by setting 'spark.sql.debug.maxToStringFields'.
23/11/29 03:35:41 INFO GhfsStorageStatistics: Detected potential high latency for operation op_delete. latencyMs=285; previousMaxLatencyMs=0; operationCount=1; context=gs://project-thesis-max/output/apache-spark/70k
23/11/29 03:35:41 INFO PathOutputCommitterFactory: No output committer factory defined, defaulting to FileOutputCommitterFactory
23/11/29 03:35:41 INFO PathOutputCommitterFactory: No output committer factory defined, defaulting to FileOutputCommitterFactory
23/11/29 03:35:41 INFO PathOutputCommitterFactory: No output committer factory defined, defaulting to FileOutputCommitterFactory
23/11/29 03:35:41 INFO PathOutputCommitterFactory: No output committer factory defined, defaulting to FileOutputCommitterFactory
23/11/29 03:35:41 INFO PathOutputCommitterFactory: No output committer factory defined, defaulting to FileOutputCommitterFactory
23/11/29 03:35:42 INFO GhfsStorageStatistics: Detected potential high latency for operation op_create. latencyMs=183; previousMaxLatencyMs=75; operationCount=2; context=gs://project-thesis-max/output/apache-spark/70k/_temporary/0/_temporary/attempt_202311290335411322873969851442873_0001_m_000000_1/part-00000-e6fa52ad-8b6d-4620-b0f4-a81b191dd250-c000.avro
23/11/29 03:35:42 INFO GhfsStorageStatistics: Detected potential high latency for operation op_create. latencyMs=192; previousMaxLatencyMs=183; operationCount=5; context=gs://project-thesis-max/output/apache-spark/70k/_temporary/0/_temporary/attempt_202311290335411322873969851442873_0001_m_000001_2/part-00001-e6fa52ad-8b6d-4620-b0f4-a81b191dd250-c000.avro
23/11/29 03:35:42 INFO GhfsStorageStatistics: Detected potential high latency for operation op_create. latencyMs=216; previousMaxLatencyMs=192; operationCount=5; context=gs://project-thesis-max/output/apache-spark/70k/_temporary/0/_temporary/attempt_202311290335411322873969851442873_0001_m_000003_4/part-00003-e6fa52ad-8b6d-4620-b0f4-a81b191dd250-c000.avro
23/11/29 03:35:42 INFO GhfsStorageStatistics: Detected potential high latency for operation op_create. latencyMs=269; previousMaxLatencyMs=216; operationCount=5; context=gs://project-thesis-max/output/apache-spark/70k/_temporary/0/_temporary/attempt_202311290335411322873969851442873_0001_m_000002_3/part-00002-e6fa52ad-8b6d-4620-b0f4-a81b191dd250-c000.avro
23/11/29 03:35:44 INFO GoogleCloudStorageFileSystem: Successfully repaired 'gs://project-thesis-max/output/apache-spark/70k/_temporary/0/_temporary/attempt_202311290335411322873969851442873_0001_m_000003_4/' directory.
23/11/29 03:35:44 INFO GhfsStorageStatistics: Detected potential high latency for operation op_rename. latencyMs=440; previousMaxLatencyMs=0; operationCount=1; context=rename(gs://project-thesis-max/output/apache-spark/70k/_temporary/0/_temporary/attempt_202311290335411322873969851442873_0001_m_000003_4/part-00003-e6fa52ad-8b6d-4620-b0f4-a81b191dd250-c000.avro -> gs://project-thesis-max/output/apache-spark/70k/part-00003-e6fa52ad-8b6d-4620-b0f4-a81b191dd250-c000.avro)
23/11/29 03:35:44 INFO GhfsStorageStatistics: Detected potential high latency for operation stream_write_close_operations. latencyMs=157; previousMaxLatencyMs=136; operationCount=4; context=gs://project-thesis-max/output/apache-spark/70k/_temporary/0/_temporary/attempt_202311290335411322873969851442873_0001_m_000002_3/part-00002-e6fa52ad-8b6d-4620-b0f4-a81b191dd250-c000.avro
23/11/29 03:35:45 INFO GhfsStorageStatistics: Detected potential high latency for operation stream_write_close_operations. latencyMs=277; previousMaxLatencyMs=157; operationCount=4; context=gs://project-thesis-max/output/apache-spark/70k/_temporary/0/_temporary/attempt_202311290335411322873969851442873_0001_m_000000_1/part-00000-e6fa52ad-8b6d-4620-b0f4-a81b191dd250-c000.avro
23/11/29 03:35:45 INFO GoogleCloudStorageFileSystem: Successfully repaired 'gs://project-thesis-max/output/apache-spark/70k/_temporary/0/_temporary/' directory.
23/11/29 03:35:45 INFO GhfsStorageStatistics: Detected potential high latency for operation op_delete. latencyMs=289; previousMaxLatencyMs=285; operationCount=2; context=gs://project-thesis-max/output/apache-spark/70k/_temporary/0/_temporary/attempt_202311290335411322873969851442873_0001_m_000003_4
23/11/29 03:35:45 INFO GoogleCloudStorageFileSystem: Successfully repaired 'gs://project-thesis-max/output/apache-spark/70k/_temporary/0/_temporary/attempt_202311290335411322873969851442873_0001_m_000002_3/' directory.
23/11/29 03:35:45 INFO GoogleCloudStorageFileSystem: Successfully repaired 'gs://project-thesis-max/output/apache-spark/70k/_temporary/0/_temporary/attempt_202311290335411322873969851442873_0001_m_000001_2/' directory.
23/11/29 03:35:45 INFO GoogleCloudStorageFileSystem: Successfully repaired 'gs://project-thesis-max/output/apache-spark/70k/_temporary/0/_temporary/attempt_202311290335411322873969851442873_0001_m_000000_1/' directory.
23/11/29 03:35:46 INFO GoogleCloudStorageFileSystem: Successfully repaired 'gs://project-thesis-max/output/apache-spark/70k/' directory.
23/11/29 03:35:46 INFO GhfsStorageStatistics: Detected potential high latency for operation op_delete. latencyMs=297; previousMaxLatencyMs=289; operationCount=6; context=gs://project-thesis-max/output/apache-spark/70k/_temporary
Time in sec: 10
Job [597e1bab90ec41fa891cf9b23a0e33f7] finished successfully.
Job [0d37a3a8903f4960a9f8478c2bbce542] submitted.
Waiting for job output...
:: loading settings :: url = jar:file:/usr/lib/spark/jars/ivy-2.5.1.jar!/org/apache/ivy/core/settings/ivysettings.xml
Ivy Default Cache set to: /root/.ivy2/cache
The jars for the packages stored in: /root/.ivy2/jars
org.apache.spark#spark-avro_2.12 added as a dependency
:: resolving dependencies :: org.apache.spark#spark-submit-parent-0919050e-249f-4c29-ad0f-8787ec6ac2fc;1.0
        confs: [default]
        found org.apache.spark#spark-avro_2.12;3.3.2 in central
        found org.tukaani#xz;1.9 in central
        found org.spark-project.spark#unused;1.0.0 in central
:: resolution report :: resolve 264ms :: artifacts dl 9ms
        :: modules in use:
        org.apache.spark#spark-avro_2.12;3.3.2 from central in [default]
        org.spark-project.spark#unused;1.0.0 from central in [default]
        org.tukaani#xz;1.9 from central in [default]
        ---------------------------------------------------------------------
        |                  |            modules            ||   artifacts   |
        |       conf       | number| search|dwnlded|evicted|| number|dwnlded|
        ---------------------------------------------------------------------
        |      default     |   3   |   0   |   0   |   0   ||   3   |   0   |
        ---------------------------------------------------------------------
:: retrieving :: org.apache.spark#spark-submit-parent-0919050e-249f-4c29-ad0f-8787ec6ac2fc
        confs: [default]
        0 artifacts copied, 3 already retrieved (0kB/6ms)
23/11/29 03:36:13 INFO SparkEnv: Registering MapOutputTracker
23/11/29 03:36:13 INFO SparkEnv: Registering BlockManagerMaster
23/11/29 03:36:13 INFO SparkEnv: Registering BlockManagerMasterHeartbeat
23/11/29 03:36:13 INFO SparkEnv: Registering OutputCommitCoordinator
23/11/29 03:36:15 INFO GhfsStorageStatistics: Detected potential high latency for operation op_get_file_status. latencyMs=236; previousMaxLatencyMs=0; operationCount=1; context=gs://dataproc-temp-us-central1-733260049689-xllyhmud/ae0dc149-2ee4-4852-b465-ae03808f7e4c/spark-job-history
23/11/29 03:36:15 INFO GoogleCloudStorageImpl: Ignoring exception of type GoogleJsonResponseException; verified object already exists with desired state.
23/11/29 03:36:15 INFO GhfsStorageStatistics: Detected potential high latency for operation op_mkdirs. latencyMs=167; previousMaxLatencyMs=0; operationCount=1; context=gs://dataproc-temp-us-central1-733260049689-xllyhmud/ae0dc149-2ee4-4852-b465-ae03808f7e4c/spark-job-history
23/11/29 03:36:21 WARN package: Truncated the string representation of a plan since it was too large. This behavior can be adjusted by setting 'spark.sql.debug.maxToStringFields'.
23/11/29 03:36:21 INFO GhfsStorageStatistics: Detected potential high latency for operation op_delete. latencyMs=252; previousMaxLatencyMs=0; operationCount=1; context=gs://project-thesis-max/output/apache-spark/70k
23/11/29 03:36:21 INFO PathOutputCommitterFactory: No output committer factory defined, defaulting to FileOutputCommitterFactory
23/11/29 03:36:22 INFO PathOutputCommitterFactory: No output committer factory defined, defaulting to FileOutputCommitterFactory
23/11/29 03:36:22 INFO PathOutputCommitterFactory: No output committer factory defined, defaulting to FileOutputCommitterFactory
23/11/29 03:36:22 INFO PathOutputCommitterFactory: No output committer factory defined, defaulting to FileOutputCommitterFactory
23/11/29 03:36:22 INFO PathOutputCommitterFactory: No output committer factory defined, defaulting to FileOutputCommitterFactory
23/11/29 03:36:23 INFO GhfsStorageStatistics: Detected potential high latency for operation op_create. latencyMs=160; previousMaxLatencyMs=112; operationCount=5; context=gs://project-thesis-max/output/apache-spark/70k/_temporary/0/_temporary/attempt_202311290336221556687603090642975_0001_m_000001_2/part-00001-8749cbcd-4cc4-425c-8394-17b90d01082c-c000.avro
23/11/29 03:36:23 INFO GhfsStorageStatistics: Detected potential high latency for operation op_create. latencyMs=180; previousMaxLatencyMs=160; operationCount=5; context=gs://project-thesis-max/output/apache-spark/70k/_temporary/0/_temporary/attempt_202311290336221556687603090642975_0001_m_000003_4/part-00003-8749cbcd-4cc4-425c-8394-17b90d01082c-c000.avro
23/11/29 03:36:23 INFO GhfsStorageStatistics: Detected potential high latency for operation op_create. latencyMs=184; previousMaxLatencyMs=180; operationCount=5; context=gs://project-thesis-max/output/apache-spark/70k/_temporary/0/_temporary/attempt_202311290336221556687603090642975_0001_m_000002_3/part-00002-8749cbcd-4cc4-425c-8394-17b90d01082c-c000.avro
23/11/29 03:36:25 INFO GhfsStorageStatistics: Detected potential high latency for operation stream_write_close_operations. latencyMs=153; previousMaxLatencyMs=0; operationCount=1; context=gs://project-thesis-max/output/apache-spark/70k/_temporary/0/_temporary/attempt_202311290336221556687603090642975_0001_m_000003_4/part-00003-8749cbcd-4cc4-425c-8394-17b90d01082c-c000.avro
23/11/29 03:36:25 INFO GoogleCloudStorageFileSystem: Successfully repaired 'gs://project-thesis-max/output/apache-spark/70k/_temporary/0/_temporary/attempt_202311290336221556687603090642975_0001_m_000003_4/' directory.
23/11/29 03:36:25 INFO GhfsStorageStatistics: Detected potential high latency for operation op_rename. latencyMs=467; previousMaxLatencyMs=0; operationCount=1; context=rename(gs://project-thesis-max/output/apache-spark/70k/_temporary/0/_temporary/attempt_202311290336221556687603090642975_0001_m_000003_4/part-00003-8749cbcd-4cc4-425c-8394-17b90d01082c-c000.avro -> gs://project-thesis-max/output/apache-spark/70k/part-00003-8749cbcd-4cc4-425c-8394-17b90d01082c-c000.avro)
23/11/29 03:36:26 INFO GhfsStorageStatistics: Detected potential high latency for operation stream_write_close_operations. latencyMs=207; previousMaxLatencyMs=153; operationCount=4; context=gs://project-thesis-max/output/apache-spark/70k/_temporary/0/_temporary/attempt_202311290336221556687603090642975_0001_m_000001_2/part-00001-8749cbcd-4cc4-425c-8394-17b90d01082c-c000.avro
23/11/29 03:36:26 INFO GoogleCloudStorageFileSystem: Successfully repaired 'gs://project-thesis-max/output/apache-spark/70k/_temporary/0/_temporary/' directory.
23/11/29 03:36:26 INFO GhfsStorageStatistics: Detected potential high latency for operation op_delete. latencyMs=329; previousMaxLatencyMs=252; operationCount=2; context=gs://project-thesis-max/output/apache-spark/70k/_temporary/0/_temporary/attempt_202311290336221556687603090642975_0001_m_000003_4
23/11/29 03:36:26 INFO GoogleCloudStorageFileSystem: Successfully repaired 'gs://project-thesis-max/output/apache-spark/70k/_temporary/0/_temporary/attempt_202311290336221556687603090642975_0001_m_000002_3/' directory.
23/11/29 03:36:26 INFO GoogleCloudStorageFileSystem: Successfully repaired 'gs://project-thesis-max/output/apache-spark/70k/_temporary/0/_temporary/attempt_202311290336221556687603090642975_0001_m_000000_1/' directory.
23/11/29 03:36:26 INFO GoogleCloudStorageFileSystem: Successfully repaired 'gs://project-thesis-max/output/apache-spark/70k/_temporary/0/_temporary/attempt_202311290336221556687603090642975_0001_m_000001_2/' directory.
23/11/29 03:36:27 INFO GoogleCloudStorageFileSystem: Successfully repaired 'gs://project-thesis-max/output/apache-spark/70k/' directory.
Time in sec: 10
Job [0d37a3a8903f4960a9f8478c2bbce542] finished successfully.
Job [9e5ce284e5b24e139475d7b79004206b] submitted.
Waiting for job output...
:: loading settings :: url = jar:file:/usr/lib/spark/jars/ivy-2.5.1.jar!/org/apache/ivy/core/settings/ivysettings.xml
Ivy Default Cache set to: /root/.ivy2/cache
The jars for the packages stored in: /root/.ivy2/jars
org.apache.spark#spark-avro_2.12 added as a dependency
:: resolving dependencies :: org.apache.spark#spark-submit-parent-27012895-7b00-485b-bcc3-e4a70bc9000f;1.0
        confs: [default]
        found org.apache.spark#spark-avro_2.12;3.3.2 in central
        found org.tukaani#xz;1.9 in central
        found org.spark-project.spark#unused;1.0.0 in central
:: resolution report :: resolve 287ms :: artifacts dl 9ms
        :: modules in use:
        org.apache.spark#spark-avro_2.12;3.3.2 from central in [default]
        org.spark-project.spark#unused;1.0.0 from central in [default]
        org.tukaani#xz;1.9 from central in [default]
        ---------------------------------------------------------------------
        |                  |            modules            ||   artifacts   |
        |       conf       | number| search|dwnlded|evicted|| number|dwnlded|
        ---------------------------------------------------------------------
        |      default     |   3   |   0   |   0   |   0   ||   3   |   0   |
        ---------------------------------------------------------------------
:: retrieving :: org.apache.spark#spark-submit-parent-27012895-7b00-485b-bcc3-e4a70bc9000f
        confs: [default]
        0 artifacts copied, 3 already retrieved (0kB/7ms)
23/11/29 03:36:51 INFO SparkEnv: Registering MapOutputTracker
23/11/29 03:36:51 INFO SparkEnv: Registering BlockManagerMaster
23/11/29 03:36:51 INFO SparkEnv: Registering BlockManagerMasterHeartbeat
23/11/29 03:36:51 INFO SparkEnv: Registering OutputCommitCoordinator
23/11/29 03:36:53 INFO GhfsStorageStatistics: Detected potential high latency for operation op_get_file_status. latencyMs=322; previousMaxLatencyMs=0; operationCount=1; context=gs://dataproc-temp-us-central1-733260049689-xllyhmud/ae0dc149-2ee4-4852-b465-ae03808f7e4c/spark-job-history
23/11/29 03:36:53 INFO GoogleCloudStorageImpl: Ignoring exception of type GoogleJsonResponseException; verified object already exists with desired state.
23/11/29 03:36:53 INFO GhfsStorageStatistics: Detected potential high latency for operation op_mkdirs. latencyMs=165; previousMaxLatencyMs=0; operationCount=1; context=gs://dataproc-temp-us-central1-733260049689-xllyhmud/ae0dc149-2ee4-4852-b465-ae03808f7e4c/spark-job-history
23/11/29 03:36:59 WARN package: Truncated the string representation of a plan since it was too large. This behavior can be adjusted by setting 'spark.sql.debug.maxToStringFields'.
23/11/29 03:36:59 INFO GhfsStorageStatistics: Detected potential high latency for operation op_delete. latencyMs=285; previousMaxLatencyMs=0; operationCount=1; context=gs://project-thesis-max/output/apache-spark/70k
23/11/29 03:36:59 INFO PathOutputCommitterFactory: No output committer factory defined, defaulting to FileOutputCommitterFactory
23/11/29 03:37:00 INFO PathOutputCommitterFactory: No output committer factory defined, defaulting to FileOutputCommitterFactory
23/11/29 03:37:00 INFO PathOutputCommitterFactory: No output committer factory defined, defaulting to FileOutputCommitterFactory
23/11/29 03:37:00 INFO PathOutputCommitterFactory: No output committer factory defined, defaulting to FileOutputCommitterFactory
23/11/29 03:37:00 INFO PathOutputCommitterFactory: No output committer factory defined, defaulting to FileOutputCommitterFactory
23/11/29 03:37:01 INFO GhfsStorageStatistics: Detected potential high latency for operation op_create. latencyMs=233; previousMaxLatencyMs=132; operationCount=5; context=gs://project-thesis-max/output/apache-spark/70k/_temporary/0/_temporary/attempt_202311290337001139715117865845026_0001_m_000003_4/part-00003-5c46fd28-08c7-4f04-9789-d025b7f3380f-c000.avro
23/11/29 03:37:01 INFO GhfsStorageStatistics: Detected potential high latency for operation op_create. latencyMs=244; previousMaxLatencyMs=233; operationCount=5; context=gs://project-thesis-max/output/apache-spark/70k/_temporary/0/_temporary/attempt_202311290337001139715117865845026_0001_m_000001_2/part-00001-5c46fd28-08c7-4f04-9789-d025b7f3380f-c000.avro
23/11/29 03:37:01 INFO GhfsStorageStatistics: Detected potential high latency for operation op_create. latencyMs=253; previousMaxLatencyMs=244; operationCount=5; context=gs://project-thesis-max/output/apache-spark/70k/_temporary/0/_temporary/attempt_202311290337001139715117865845026_0001_m_000002_3/part-00002-5c46fd28-08c7-4f04-9789-d025b7f3380f-c000.avro
23/11/29 03:37:03 INFO GhfsStorageStatistics: Detected potential high latency for operation stream_write_close_operations. latencyMs=159; previousMaxLatencyMs=141; operationCount=4; context=gs://project-thesis-max/output/apache-spark/70k/_temporary/0/_temporary/attempt_202311290337001139715117865845026_0001_m_000000_1/part-00000-5c46fd28-08c7-4f04-9789-d025b7f3380f-c000.avro
23/11/29 03:37:03 INFO GoogleCloudStorageFileSystem: Successfully repaired 'gs://project-thesis-max/output/apache-spark/70k/_temporary/0/_temporary/attempt_202311290337001139715117865845026_0001_m_000003_4/' directory.
23/11/29 03:37:03 INFO GhfsStorageStatistics: Detected potential high latency for operation op_rename. latencyMs=550; previousMaxLatencyMs=0; operationCount=1; context=rename(gs://project-thesis-max/output/apache-spark/70k/_temporary/0/_temporary/attempt_202311290337001139715117865845026_0001_m_000003_4/part-00003-5c46fd28-08c7-4f04-9789-d025b7f3380f-c000.avro -> gs://project-thesis-max/output/apache-spark/70k/part-00003-5c46fd28-08c7-4f04-9789-d025b7f3380f-c000.avro)
23/11/29 03:37:04 INFO GoogleCloudStorageFileSystem: Successfully repaired 'gs://project-thesis-max/output/apache-spark/70k/_temporary/0/_temporary/' directory.
23/11/29 03:37:04 INFO GhfsStorageStatistics: Detected potential high latency for operation op_delete. latencyMs=305; previousMaxLatencyMs=285; operationCount=2; context=gs://project-thesis-max/output/apache-spark/70k/_temporary/0/_temporary/attempt_202311290337001139715117865845026_0001_m_000003_4
23/11/29 03:37:04 INFO GoogleCloudStorageFileSystem: Successfully repaired 'gs://project-thesis-max/output/apache-spark/70k/_temporary/0/_temporary/attempt_202311290337001139715117865845026_0001_m_000000_1/' directory.
23/11/29 03:37:04 INFO GoogleCloudStorageFileSystem: Successfully repaired 'gs://project-thesis-max/output/apache-spark/70k/_temporary/0/_temporary/attempt_202311290337001139715117865845026_0001_m_000001_2/' directory.
23/11/29 03:37:04 INFO GoogleCloudStorageFileSystem: Successfully repaired 'gs://project-thesis-max/output/apache-spark/70k/_temporary/0/_temporary/attempt_202311290337001139715117865845026_0001_m_000002_3/' directory.
23/11/29 03:37:05 INFO GoogleCloudStorageFileSystem: Successfully repaired 'gs://project-thesis-max/output/apache-spark/70k/' directory.
23/11/29 03:37:05 INFO GhfsStorageStatistics: Detected potential high latency for operation stream_write_close_operations. latencyMs=179; previousMaxLatencyMs=159; operationCount=5; context=gs://project-thesis-max/output/apache-spark/70k/_SUCCESS
Time in sec: 11
Job [9e5ce284e5b24e139475d7b79004206b] finished successfully.
Job [a918a6b1048c47ae84ed42bb6390ab6e] submitted.
Waiting for job output...
:: loading settings :: url = jar:file:/usr/lib/spark/jars/ivy-2.5.1.jar!/org/apache/ivy/core/settings/ivysettings.xml
Ivy Default Cache set to: /root/.ivy2/cache
The jars for the packages stored in: /root/.ivy2/jars
org.apache.spark#spark-avro_2.12 added as a dependency
:: resolving dependencies :: org.apache.spark#spark-submit-parent-a9bb31fb-c284-4b53-8bdc-f082ad4a9eb8;1.0
        confs: [default]
        found org.apache.spark#spark-avro_2.12;3.3.2 in central
        found org.tukaani#xz;1.9 in central
        found org.spark-project.spark#unused;1.0.0 in central
:: resolution report :: resolve 262ms :: artifacts dl 8ms
        :: modules in use:
        org.apache.spark#spark-avro_2.12;3.3.2 from central in [default]
        org.spark-project.spark#unused;1.0.0 from central in [default]
        org.tukaani#xz;1.9 from central in [default]
        ---------------------------------------------------------------------
        |                  |            modules            ||   artifacts   |
        |       conf       | number| search|dwnlded|evicted|| number|dwnlded|
        ---------------------------------------------------------------------
        |      default     |   3   |   0   |   0   |   0   ||   3   |   0   |
        ---------------------------------------------------------------------
:: retrieving :: org.apache.spark#spark-submit-parent-a9bb31fb-c284-4b53-8bdc-f082ad4a9eb8
        confs: [default]
        0 artifacts copied, 3 already retrieved (0kB/9ms)
23/11/29 03:37:22 INFO SparkEnv: Registering MapOutputTracker
23/11/29 03:37:22 INFO SparkEnv: Registering BlockManagerMaster
23/11/29 03:37:22 INFO SparkEnv: Registering BlockManagerMasterHeartbeat
23/11/29 03:37:22 INFO SparkEnv: Registering OutputCommitCoordinator
23/11/29 03:37:24 INFO GhfsStorageStatistics: Detected potential high latency for operation op_get_file_status. latencyMs=235; previousMaxLatencyMs=0; operationCount=1; context=gs://dataproc-temp-us-central1-733260049689-xllyhmud/ae0dc149-2ee4-4852-b465-ae03808f7e4c/spark-job-history
23/11/29 03:37:24 INFO GoogleCloudStorageImpl: Ignoring exception of type GoogleJsonResponseException; verified object already exists with desired state.
23/11/29 03:37:24 INFO GhfsStorageStatistics: Detected potential high latency for operation op_mkdirs. latencyMs=154; previousMaxLatencyMs=0; operationCount=1; context=gs://dataproc-temp-us-central1-733260049689-xllyhmud/ae0dc149-2ee4-4852-b465-ae03808f7e4c/spark-job-history
23/11/29 03:37:30 WARN package: Truncated the string representation of a plan since it was too large. This behavior can be adjusted by setting 'spark.sql.debug.maxToStringFields'.
23/11/29 03:37:30 INFO GhfsStorageStatistics: Detected potential high latency for operation op_delete. latencyMs=277; previousMaxLatencyMs=0; operationCount=1; context=gs://project-thesis-max/output/apache-spark/70k
23/11/29 03:37:30 INFO PathOutputCommitterFactory: No output committer factory defined, defaulting to FileOutputCommitterFactory
23/11/29 03:37:31 INFO PathOutputCommitterFactory: No output committer factory defined, defaulting to FileOutputCommitterFactory
23/11/29 03:37:31 INFO PathOutputCommitterFactory: No output committer factory defined, defaulting to FileOutputCommitterFactory
23/11/29 03:37:31 INFO PathOutputCommitterFactory: No output committer factory defined, defaulting to FileOutputCommitterFactory
23/11/29 03:37:31 INFO PathOutputCommitterFactory: No output committer factory defined, defaulting to FileOutputCommitterFactory
23/11/29 03:37:31 INFO GhfsStorageStatistics: Detected potential high latency for operation op_create. latencyMs=190; previousMaxLatencyMs=133; operationCount=5; context=gs://project-thesis-max/output/apache-spark/70k/_temporary/0/_temporary/attempt_202311290337315355856409722861774_0001_m_000001_2/part-00001-cc86c64d-d7d7-4c81-982b-10b1051841b0-c000.avro
23/11/29 03:37:31 INFO GhfsStorageStatistics: Detected potential high latency for operation op_create. latencyMs=205; previousMaxLatencyMs=190; operationCount=5; context=gs://project-thesis-max/output/apache-spark/70k/_temporary/0/_temporary/attempt_202311290337315355856409722861774_0001_m_000002_3/part-00002-cc86c64d-d7d7-4c81-982b-10b1051841b0-c000.avro
23/11/29 03:37:32 INFO GhfsStorageStatistics: Detected potential high latency for operation op_create. latencyMs=242; previousMaxLatencyMs=205; operationCount=5; context=gs://project-thesis-max/output/apache-spark/70k/_temporary/0/_temporary/attempt_202311290337315355856409722861774_0001_m_000003_4/part-00003-cc86c64d-d7d7-4c81-982b-10b1051841b0-c000.avro
23/11/29 03:37:34 INFO GhfsStorageStatistics: Detected potential high latency for operation stream_write_close_operations. latencyMs=202; previousMaxLatencyMs=0; operationCount=1; context=gs://project-thesis-max/output/apache-spark/70k/_temporary/0/_temporary/attempt_202311290337315355856409722861774_0001_m_000003_4/part-00003-cc86c64d-d7d7-4c81-982b-10b1051841b0-c000.avro
23/11/29 03:37:34 INFO GoogleCloudStorageFileSystem: Successfully repaired 'gs://project-thesis-max/output/apache-spark/70k/_temporary/0/_temporary/attempt_202311290337315355856409722861774_0001_m_000003_4/' directory.
23/11/29 03:37:34 INFO GhfsStorageStatistics: Detected potential high latency for operation op_rename. latencyMs=502; previousMaxLatencyMs=0; operationCount=1; context=rename(gs://project-thesis-max/output/apache-spark/70k/_temporary/0/_temporary/attempt_202311290337315355856409722861774_0001_m_000003_4/part-00003-cc86c64d-d7d7-4c81-982b-10b1051841b0-c000.avro -> gs://project-thesis-max/output/apache-spark/70k/part-00003-cc86c64d-d7d7-4c81-982b-10b1051841b0-c000.avro)
23/11/29 03:37:35 INFO GhfsStorageStatistics: Detected potential high latency for operation stream_write_close_operations. latencyMs=288; previousMaxLatencyMs=202; operationCount=4; context=gs://project-thesis-max/output/apache-spark/70k/_temporary/0/_temporary/attempt_202311290337315355856409722861774_0001_m_000002_3/part-00002-cc86c64d-d7d7-4c81-982b-10b1051841b0-c000.avro
23/11/29 03:37:35 INFO GoogleCloudStorageFileSystem: Successfully repaired 'gs://project-thesis-max/output/apache-spark/70k/_temporary/0/_temporary/' directory.
23/11/29 03:37:35 INFO GhfsStorageStatistics: Detected potential high latency for operation op_delete. latencyMs=285; previousMaxLatencyMs=277; operationCount=2; context=gs://project-thesis-max/output/apache-spark/70k/_temporary/0/_temporary/attempt_202311290337315355856409722861774_0001_m_000003_4
23/11/29 03:37:35 INFO GoogleCloudStorageFileSystem: Successfully repaired 'gs://project-thesis-max/output/apache-spark/70k/_temporary/0/_temporary/attempt_202311290337315355856409722861774_0001_m_000000_1/' directory.
23/11/29 03:37:35 INFO GoogleCloudStorageFileSystem: Successfully repaired 'gs://project-thesis-max/output/apache-spark/70k/_temporary/0/_temporary/attempt_202311290337315355856409722861774_0001_m_000001_2/' directory.
23/11/29 03:37:35 INFO GoogleCloudStorageFileSystem: Successfully repaired 'gs://project-thesis-max/output/apache-spark/70k/_temporary/0/_temporary/attempt_202311290337315355856409722861774_0001_m_000002_3/' directory.
23/11/29 03:37:36 INFO GoogleCloudStorageFileSystem: Successfully repaired 'gs://project-thesis-max/output/apache-spark/70k/' directory.
23/11/29 03:37:36 INFO GhfsStorageStatistics: Detected potential high latency for operation op_delete. latencyMs=300; previousMaxLatencyMs=285; operationCount=6; context=gs://project-thesis-max/output/apache-spark/70k/_temporary
Time in sec: 10
Job [a918a6b1048c47ae84ed42bb6390ab6e] finished successfully.