Execution 1:
done: true
driverControlFilesUri: gs://dataproc-staging-us-central1-733260049689-llv9oumj/google-cloud-dataproc-metainfo/ae0dc149-2ee4-4852-b465-ae03808f7e4c/jobs/a00308db179445f2903db6cc4e07d2b4/
driverOutputResourceUri: gs://dataproc-staging-us-central1-733260049689-llv9oumj/google-cloud-dataproc-metainfo/ae0dc149-2ee4-4852-b465-ae03808f7e4c/jobs/a00308db179445f2903db6cc4e07d2b4/driveroutput
jobUuid: 31c7539f-ff6e-36d1-b7a6-1b4ba3339e1e
placement:
  clusterName: thesis-spark-cluster-demo
  clusterUuid: ae0dc149-2ee4-4852-b465-ae03808f7e4c
reference:
  jobId: a00308db179445f2903db6cc4e07d2b4
  projectId: buoyant-voyage-402900
sparkJob:
  args:
  - gs://project-thesis-max/input/us_accidents_700k.csv
  - gs://project-thesis-max/input/us_accidents.avsc
  - gs://project-thesis-max/output/apache-spark/70k/
  jarFileUris:
  - gs://project-thesis-max/jars/apache-spark-1.0.0-SNAPSHOT-jar-with-dependencies.jar
  mainClass: org.thesis.AppSpark
  properties:
    spark.jars.packages: org.apache.spark:spark-avro_2.12:3.3.2
status:
  state: DONE
  stateStartTime: '2023-11-29T03:43:53.229352Z'
statusHistory:
- state: PENDING
  stateStartTime: '2023-11-29T03:43:26.203126Z'
- state: SETUP_DONE
  stateStartTime: '2023-11-29T03:43:26.236138Z'
- details: Agent reported job success
  state: RUNNING
  stateStartTime: '2023-11-29T03:43:26.484943Z'
Execution 2:
done: true
driverControlFilesUri: gs://dataproc-staging-us-central1-733260049689-llv9oumj/google-cloud-dataproc-metainfo/ae0dc149-2ee4-4852-b465-ae03808f7e4c/jobs/f3010c2d74874915a5c0e75656c8d677/
driverOutputResourceUri: gs://dataproc-staging-us-central1-733260049689-llv9oumj/google-cloud-dataproc-metainfo/ae0dc149-2ee4-4852-b465-ae03808f7e4c/jobs/f3010c2d74874915a5c0e75656c8d677/driveroutput
jobUuid: 08422511-78e5-38aa-829a-668d34f303f3
placement:
  clusterName: thesis-spark-cluster-demo
  clusterUuid: ae0dc149-2ee4-4852-b465-ae03808f7e4c
reference:
  jobId: f3010c2d74874915a5c0e75656c8d677
  projectId: buoyant-voyage-402900
sparkJob:
  args:
  - gs://project-thesis-max/input/us_accidents_700k.csv
  - gs://project-thesis-max/input/us_accidents.avsc
  - gs://project-thesis-max/output/apache-spark/70k/
  jarFileUris:
  - gs://project-thesis-max/jars/apache-spark-1.0.0-SNAPSHOT-jar-with-dependencies.jar
  mainClass: org.thesis.AppSpark
  properties:
    spark.jars.packages: org.apache.spark:spark-avro_2.12:3.3.2
status:
  state: DONE
  stateStartTime: '2023-11-29T03:44:32.738488Z'
statusHistory:
- state: PENDING
  stateStartTime: '2023-11-29T03:44:05.629268Z'
- state: SETUP_DONE
  stateStartTime: '2023-11-29T03:44:05.661444Z'
- details: Agent reported job success
  state: RUNNING
  stateStartTime: '2023-11-29T03:44:05.881682Z'
Execution 3:
done: true
driverControlFilesUri: gs://dataproc-staging-us-central1-733260049689-llv9oumj/google-cloud-dataproc-metainfo/ae0dc149-2ee4-4852-b465-ae03808f7e4c/jobs/feff82cd9b5d49e3a1be3b0f81ac7d16/
driverOutputResourceUri: gs://dataproc-staging-us-central1-733260049689-llv9oumj/google-cloud-dataproc-metainfo/ae0dc149-2ee4-4852-b465-ae03808f7e4c/jobs/feff82cd9b5d49e3a1be3b0f81ac7d16/driveroutput
jobUuid: e1c7720d-95c2-3733-8a7a-0ed4dd8aa877
placement:
  clusterName: thesis-spark-cluster-demo
  clusterUuid: ae0dc149-2ee4-4852-b465-ae03808f7e4c
reference:
  jobId: feff82cd9b5d49e3a1be3b0f81ac7d16
  projectId: buoyant-voyage-402900
sparkJob:
  args:
  - gs://project-thesis-max/input/us_accidents_700k.csv
  - gs://project-thesis-max/input/us_accidents.avsc
  - gs://project-thesis-max/output/apache-spark/70k/
  jarFileUris:
  - gs://project-thesis-max/jars/apache-spark-1.0.0-SNAPSHOT-jar-with-dependencies.jar
  mainClass: org.thesis.AppSpark
  properties:
    spark.jars.packages: org.apache.spark:spark-avro_2.12:3.3.2
status:
  state: DONE
  stateStartTime: '2023-11-29T03:45:13.755357Z'
statusHistory:
- state: PENDING
  stateStartTime: '2023-11-29T03:44:46.651259Z'
- state: SETUP_DONE
  stateStartTime: '2023-11-29T03:44:46.680294Z'
- details: Agent reported job success
  state: RUNNING
  stateStartTime: '2023-11-29T03:44:46.874537Z'
Execution 4:
done: true
driverControlFilesUri: gs://dataproc-staging-us-central1-733260049689-llv9oumj/google-cloud-dataproc-metainfo/ae0dc149-2ee4-4852-b465-ae03808f7e4c/jobs/41600f2d1fe74b07a8f10a4791a42b87/
driverOutputResourceUri: gs://dataproc-staging-us-central1-733260049689-llv9oumj/google-cloud-dataproc-metainfo/ae0dc149-2ee4-4852-b465-ae03808f7e4c/jobs/41600f2d1fe74b07a8f10a4791a42b87/driveroutput
jobUuid: b22165c4-cbce-3f16-82c9-cc0c330e2b88
placement:
  clusterName: thesis-spark-cluster-demo
  clusterUuid: ae0dc149-2ee4-4852-b465-ae03808f7e4c
reference:
  jobId: 41600f2d1fe74b07a8f10a4791a42b87
  projectId: buoyant-voyage-402900
sparkJob:
  args:
  - gs://project-thesis-max/input/us_accidents_700k.csv
  - gs://project-thesis-max/input/us_accidents.avsc
  - gs://project-thesis-max/output/apache-spark/70k/
  jarFileUris:
  - gs://project-thesis-max/jars/apache-spark-1.0.0-SNAPSHOT-jar-with-dependencies.jar
  mainClass: org.thesis.AppSpark
  properties:
    spark.jars.packages: org.apache.spark:spark-avro_2.12:3.3.2
status:
  state: DONE
  stateStartTime: '2023-11-29T03:45:52.925853Z'
statusHistory:
- state: PENDING
  stateStartTime: '2023-11-29T03:45:25.764832Z'
- state: SETUP_DONE
  stateStartTime: '2023-11-29T03:45:25.794401Z'
- details: Agent reported job success
  state: RUNNING
  stateStartTime: '2023-11-29T03:45:26.071694Z'
Execution 5:
done: true
driverControlFilesUri: gs://dataproc-staging-us-central1-733260049689-llv9oumj/google-cloud-dataproc-metainfo/ae0dc149-2ee4-4852-b465-ae03808f7e4c/jobs/e95b2c5b403e47ebbb22113682bdc9c3/
driverOutputResourceUri: gs://dataproc-staging-us-central1-733260049689-llv9oumj/google-cloud-dataproc-metainfo/ae0dc149-2ee4-4852-b465-ae03808f7e4c/jobs/e95b2c5b403e47ebbb22113682bdc9c3/driveroutput
jobUuid: 199fe02f-000e-3dd7-952b-840e92eb5494
placement:
  clusterName: thesis-spark-cluster-demo
  clusterUuid: ae0dc149-2ee4-4852-b465-ae03808f7e4c
reference:
  jobId: e95b2c5b403e47ebbb22113682bdc9c3
  projectId: buoyant-voyage-402900
sparkJob:
  args:
  - gs://project-thesis-max/input/us_accidents_700k.csv
  - gs://project-thesis-max/input/us_accidents.avsc
  - gs://project-thesis-max/output/apache-spark/70k/
  jarFileUris:
  - gs://project-thesis-max/jars/apache-spark-1.0.0-SNAPSHOT-jar-with-dependencies.jar
  mainClass: org.thesis.AppSpark
  properties:
    spark.jars.packages: org.apache.spark:spark-avro_2.12:3.3.2
status:
  state: DONE
  stateStartTime: '2023-11-29T03:46:34.300257Z'
statusHistory:
- state: PENDING
  stateStartTime: '2023-11-29T03:46:07.124051Z'
- state: SETUP_DONE
  stateStartTime: '2023-11-29T03:46:07.155123Z'
- details: Agent reported job success
  state: RUNNING
  stateStartTime: '2023-11-29T03:46:07.354660Z'
Execution 6:
done: true
driverControlFilesUri: gs://dataproc-staging-us-central1-733260049689-llv9oumj/google-cloud-dataproc-metainfo/ae0dc149-2ee4-4852-b465-ae03808f7e4c/jobs/31048cb048364f378ef3d8af7222bf24/
driverOutputResourceUri: gs://dataproc-staging-us-central1-733260049689-llv9oumj/google-cloud-dataproc-metainfo/ae0dc149-2ee4-4852-b465-ae03808f7e4c/jobs/31048cb048364f378ef3d8af7222bf24/driveroutput
jobUuid: b43f3585-d721-3303-a616-3a9ecea4ab2e
placement:
  clusterName: thesis-spark-cluster-demo
  clusterUuid: ae0dc149-2ee4-4852-b465-ae03808f7e4c
reference:
  jobId: 31048cb048364f378ef3d8af7222bf24
  projectId: buoyant-voyage-402900
sparkJob:
  args:
  - gs://project-thesis-max/input/us_accidents_700k.csv
  - gs://project-thesis-max/input/us_accidents.avsc
  - gs://project-thesis-max/output/apache-spark/70k/
  jarFileUris:
  - gs://project-thesis-max/jars/apache-spark-1.0.0-SNAPSHOT-jar-with-dependencies.jar
  mainClass: org.thesis.AppSpark
  properties:
    spark.jars.packages: org.apache.spark:spark-avro_2.12:3.3.2
status:
  state: DONE
  stateStartTime: '2023-11-29T03:47:15.360026Z'
statusHistory:
- state: PENDING
  stateStartTime: '2023-11-29T03:46:48.078112Z'
- state: SETUP_DONE
  stateStartTime: '2023-11-29T03:46:48.102187Z'
- details: Agent reported job success
  state: RUNNING
  stateStartTime: '2023-11-29T03:46:48.336076Z'
Execution 7:
done: true
driverControlFilesUri: gs://dataproc-staging-us-central1-733260049689-llv9oumj/google-cloud-dataproc-metainfo/ae0dc149-2ee4-4852-b465-ae03808f7e4c/jobs/8e822fed557c4c0b959647dbbf9a8bff/
driverOutputResourceUri: gs://dataproc-staging-us-central1-733260049689-llv9oumj/google-cloud-dataproc-metainfo/ae0dc149-2ee4-4852-b465-ae03808f7e4c/jobs/8e822fed557c4c0b959647dbbf9a8bff/driveroutput
jobUuid: 40742bec-a82e-37fa-8cac-e0bbb0ea6780
placement:
  clusterName: thesis-spark-cluster-demo
  clusterUuid: ae0dc149-2ee4-4852-b465-ae03808f7e4c
reference:
  jobId: 8e822fed557c4c0b959647dbbf9a8bff
  projectId: buoyant-voyage-402900
sparkJob:
  args:
  - gs://project-thesis-max/input/us_accidents_700k.csv
  - gs://project-thesis-max/input/us_accidents.avsc
  - gs://project-thesis-max/output/apache-spark/70k/
  jarFileUris:
  - gs://project-thesis-max/jars/apache-spark-1.0.0-SNAPSHOT-jar-with-dependencies.jar
  mainClass: org.thesis.AppSpark
  properties:
    spark.jars.packages: org.apache.spark:spark-avro_2.12:3.3.2
status:
  state: DONE
  stateStartTime: '2023-11-29T03:47:54.097948Z'
statusHistory:
- state: PENDING
  stateStartTime: '2023-11-29T03:47:27.738381Z'
- state: SETUP_DONE
  stateStartTime: '2023-11-29T03:47:27.772150Z'
- details: Agent reported job success
  state: RUNNING
  stateStartTime: '2023-11-29T03:47:27.985793Z'
Execution 8:
done: true
driverControlFilesUri: gs://dataproc-staging-us-central1-733260049689-llv9oumj/google-cloud-dataproc-metainfo/ae0dc149-2ee4-4852-b465-ae03808f7e4c/jobs/43043053c2994d71afcb9f9482689e19/
driverOutputResourceUri: gs://dataproc-staging-us-central1-733260049689-llv9oumj/google-cloud-dataproc-metainfo/ae0dc149-2ee4-4852-b465-ae03808f7e4c/jobs/43043053c2994d71afcb9f9482689e19/driveroutput
jobUuid: a3e9a787-816c-31d9-b316-3ac8a083c5ff
placement:
  clusterName: thesis-spark-cluster-demo
  clusterUuid: ae0dc149-2ee4-4852-b465-ae03808f7e4c
reference:
  jobId: 43043053c2994d71afcb9f9482689e19
  projectId: buoyant-voyage-402900
sparkJob:
  args:
  - gs://project-thesis-max/input/us_accidents_700k.csv
  - gs://project-thesis-max/input/us_accidents.avsc
  - gs://project-thesis-max/output/apache-spark/70k/
  jarFileUris:
  - gs://project-thesis-max/jars/apache-spark-1.0.0-SNAPSHOT-jar-with-dependencies.jar
  mainClass: org.thesis.AppSpark
  properties:
    spark.jars.packages: org.apache.spark:spark-avro_2.12:3.3.2
status:
  state: DONE
  stateStartTime: '2023-11-29T03:48:35.209125Z'
statusHistory:
- state: PENDING
  stateStartTime: '2023-11-29T03:48:07.894604Z'
- state: SETUP_DONE
  stateStartTime: '2023-11-29T03:48:07.922991Z'
- details: Agent reported job success
  state: RUNNING
  stateStartTime: '2023-11-29T03:48:08.131272Z'
Execution 9:
done: true
driverControlFilesUri: gs://dataproc-staging-us-central1-733260049689-llv9oumj/google-cloud-dataproc-metainfo/ae0dc149-2ee4-4852-b465-ae03808f7e4c/jobs/b1d0f0d2c12544caa2bcdc569d7e12ad/
driverOutputResourceUri: gs://dataproc-staging-us-central1-733260049689-llv9oumj/google-cloud-dataproc-metainfo/ae0dc149-2ee4-4852-b465-ae03808f7e4c/jobs/b1d0f0d2c12544caa2bcdc569d7e12ad/driveroutput
jobUuid: cab6cabf-2741-373a-9b49-612c620c5bef
placement:
  clusterName: thesis-spark-cluster-demo
  clusterUuid: ae0dc149-2ee4-4852-b465-ae03808f7e4c
reference:
  jobId: b1d0f0d2c12544caa2bcdc569d7e12ad
  projectId: buoyant-voyage-402900
sparkJob:
  args:
  - gs://project-thesis-max/input/us_accidents_700k.csv
  - gs://project-thesis-max/input/us_accidents.avsc
  - gs://project-thesis-max/output/apache-spark/70k/
  jarFileUris:
  - gs://project-thesis-max/jars/apache-spark-1.0.0-SNAPSHOT-jar-with-dependencies.jar
  mainClass: org.thesis.AppSpark
  properties:
    spark.jars.packages: org.apache.spark:spark-avro_2.12:3.3.2
status:
  state: DONE
  stateStartTime: '2023-11-29T03:49:15.519647Z'
statusHistory:
- state: PENDING
  stateStartTime: '2023-11-29T03:48:47.666940Z'
- state: SETUP_DONE
  stateStartTime: '2023-11-29T03:48:47.701379Z'
- details: Agent reported job success
  state: RUNNING
  stateStartTime: '2023-11-29T03:48:47.972047Z'
Execution 10:
done: true
driverControlFilesUri: gs://dataproc-staging-us-central1-733260049689-llv9oumj/google-cloud-dataproc-metainfo/ae0dc149-2ee4-4852-b465-ae03808f7e4c/jobs/3e36f96445bf4c5ca91a737de8daf130/
driverOutputResourceUri: gs://dataproc-staging-us-central1-733260049689-llv9oumj/google-cloud-dataproc-metainfo/ae0dc149-2ee4-4852-b465-ae03808f7e4c/jobs/3e36f96445bf4c5ca91a737de8daf130/driveroutput
jobUuid: 4a61f27c-dcf3-3116-bee0-a8cd37bc015b
placement:
  clusterName: thesis-spark-cluster-demo
  clusterUuid: ae0dc149-2ee4-4852-b465-ae03808f7e4c
reference:
  jobId: 3e36f96445bf4c5ca91a737de8daf130
  projectId: buoyant-voyage-402900
sparkJob:
  args:
  - gs://project-thesis-max/input/us_accidents_700k.csv
  - gs://project-thesis-max/input/us_accidents.avsc
  - gs://project-thesis-max/output/apache-spark/70k/
  jarFileUris:
  - gs://project-thesis-max/jars/apache-spark-1.0.0-SNAPSHOT-jar-with-dependencies.jar
  mainClass: org.thesis.AppSpark
  properties:
    spark.jars.packages: org.apache.spark:spark-avro_2.12:3.3.2
status:
  state: DONE
  stateStartTime: '2023-11-29T03:49:54.440057Z'
statusHistory:
- state: PENDING
  stateStartTime: '2023-11-29T03:49:27.743783Z'
- state: SETUP_DONE
  stateStartTime: '2023-11-29T03:49:27.774853Z'
- details: Agent reported job success
  state: RUNNING
  stateStartTime: '2023-11-29T03:49:27.971107Z'
Job [a00308db179445f2903db6cc4e07d2b4] submitted.
Waiting for job output...
:: loading settings :: url = jar:file:/usr/lib/spark/jars/ivy-2.5.1.jar!/org/apache/ivy/core/settings/ivysettings.xml
Ivy Default Cache set to: /root/.ivy2/cache
The jars for the packages stored in: /root/.ivy2/jars
org.apache.spark#spark-avro_2.12 added as a dependency
:: resolving dependencies :: org.apache.spark#spark-submit-parent-ed39136e-ae70-4828-a3fc-c474d8521c8e;1.0
        confs: [default]
        found org.apache.spark#spark-avro_2.12;3.3.2 in central
        found org.tukaani#xz;1.9 in central
        found org.spark-project.spark#unused;1.0.0 in central
:: resolution report :: resolve 277ms :: artifacts dl 10ms
        :: modules in use:
        org.apache.spark#spark-avro_2.12;3.3.2 from central in [default]
        org.spark-project.spark#unused;1.0.0 from central in [default]
        org.tukaani#xz;1.9 from central in [default]
        ---------------------------------------------------------------------
        |                  |            modules            ||   artifacts   |
        |       conf       | number| search|dwnlded|evicted|| number|dwnlded|
        ---------------------------------------------------------------------
        |      default     |   3   |   0   |   0   |   0   ||   3   |   0   |
        ---------------------------------------------------------------------
:: retrieving :: org.apache.spark#spark-submit-parent-ed39136e-ae70-4828-a3fc-c474d8521c8e
        confs: [default]
        0 artifacts copied, 3 already retrieved (0kB/7ms)
23/11/29 03:43:32 INFO SparkEnv: Registering MapOutputTracker
23/11/29 03:43:32 INFO SparkEnv: Registering BlockManagerMaster
23/11/29 03:43:32 INFO SparkEnv: Registering BlockManagerMasterHeartbeat
23/11/29 03:43:32 INFO SparkEnv: Registering OutputCommitCoordinator
23/11/29 03:43:34 INFO GhfsStorageStatistics: Detected potential high latency for operation op_get_file_status. latencyMs=265; previousMaxLatencyMs=0; operationCount=1; context=gs://dataproc-temp-us-central1-733260049689-xllyhmud/ae0dc149-2ee4-4852-b465-ae03808f7e4c/spark-job-history
23/11/29 03:43:34 INFO GoogleCloudStorageImpl: Ignoring exception of type GoogleJsonResponseException; verified object already exists with desired state.
23/11/29 03:43:40 WARN package: Truncated the string representation of a plan since it was too large. This behavior can be adjusted by setting 'spark.sql.debug.maxToStringFields'.
23/11/29 03:43:41 INFO GhfsStorageStatistics: Detected potential high latency for operation op_delete. latencyMs=251; previousMaxLatencyMs=0; operationCount=1; context=gs://project-thesis-max/output/apache-spark/70k
23/11/29 03:43:41 INFO PathOutputCommitterFactory: No output committer factory defined, defaulting to FileOutputCommitterFactory
23/11/29 03:43:41 INFO GhfsStorageStatistics: Detected potential high latency for operation op_mkdirs. latencyMs=177; previousMaxLatencyMs=137; operationCount=2; context=gs://project-thesis-max/output/apache-spark/70k/_temporary/0
23/11/29 03:43:41 INFO PathOutputCommitterFactory: No output committer factory defined, defaulting to FileOutputCommitterFactory
23/11/29 03:43:41 INFO PathOutputCommitterFactory: No output committer factory defined, defaulting to FileOutputCommitterFactory
23/11/29 03:43:41 INFO PathOutputCommitterFactory: No output committer factory defined, defaulting to FileOutputCommitterFactory
23/11/29 03:43:41 INFO PathOutputCommitterFactory: No output committer factory defined, defaulting to FileOutputCommitterFactory
23/11/29 03:43:42 INFO GhfsStorageStatistics: Detected potential high latency for operation op_create. latencyMs=439; previousMaxLatencyMs=145; operationCount=5; context=gs://project-thesis-max/output/apache-spark/70k/_temporary/0/_temporary/attempt_202311290343415419032687720252390_0001_m_000000_1/part-00000-07a33b81-6ec7-4773-9605-d90c342e2fa2-c000.avro
23/11/29 03:43:50 INFO GhfsStorageStatistics: Detected potential high latency for operation stream_write_close_operations. latencyMs=301; previousMaxLatencyMs=0; operationCount=4; context=gs://project-thesis-max/output/apache-spark/70k/_temporary/0/_temporary/attempt_202311290343415419032687720252390_0001_m_000003_4/part-00003-07a33b81-6ec7-4773-9605-d90c342e2fa2-c000.avro
23/11/29 03:43:50 INFO GhfsStorageStatistics: Detected potential high latency for operation stream_write_close_operations. latencyMs=423; previousMaxLatencyMs=301; operationCount=4; context=gs://project-thesis-max/output/apache-spark/70k/_temporary/0/_temporary/attempt_202311290343415419032687720252390_0001_m_000000_1/part-00000-07a33b81-6ec7-4773-9605-d90c342e2fa2-c000.avro
23/11/29 03:43:51 INFO GoogleCloudStorageFileSystem: Successfully repaired 'gs://project-thesis-max/output/apache-spark/70k/_temporary/0/_temporary/attempt_202311290343415419032687720252390_0001_m_000003_4/' directory.
23/11/29 03:43:51 INFO GhfsStorageStatistics: Detected potential high latency for operation op_rename. latencyMs=404; previousMaxLatencyMs=0; operationCount=4; context=rename(gs://project-thesis-max/output/apache-spark/70k/_temporary/0/_temporary/attempt_202311290343415419032687720252390_0001_m_000003_4/part-00003-07a33b81-6ec7-4773-9605-d90c342e2fa2-c000.avro -> gs://project-thesis-max/output/apache-spark/70k/part-00003-07a33b81-6ec7-4773-9605-d90c342e2fa2-c000.avro)
23/11/29 03:43:51 INFO GoogleCloudStorageFileSystem: Successfully repaired 'gs://project-thesis-max/output/apache-spark/70k/_temporary/0/_temporary/attempt_202311290343415419032687720252390_0001_m_000000_1/' directory.
23/11/29 03:43:51 INFO GhfsStorageStatistics: Detected potential high latency for operation op_rename. latencyMs=496; previousMaxLatencyMs=404; operationCount=4; context=rename(gs://project-thesis-max/output/apache-spark/70k/_temporary/0/_temporary/attempt_202311290343415419032687720252390_0001_m_000000_1/part-00000-07a33b81-6ec7-4773-9605-d90c342e2fa2-c000.avro -> gs://project-thesis-max/output/apache-spark/70k/part-00000-07a33b81-6ec7-4773-9605-d90c342e2fa2-c000.avro)
23/11/29 03:43:51 INFO GoogleCloudStorageFileSystem: Successfully repaired 'gs://project-thesis-max/output/apache-spark/70k/_temporary/0/_temporary/attempt_202311290343415419032687720252390_0001_m_000001_2/' directory.
23/11/29 03:43:51 INFO GoogleCloudStorageFileSystem: Successfully repaired 'gs://project-thesis-max/output/apache-spark/70k/_temporary/0/_temporary/attempt_202311290343415419032687720252390_0001_m_000002_3/' directory.
23/11/29 03:43:51 INFO GoogleCloudStorageFileSystem: Successfully repaired 'gs://project-thesis-max/output/apache-spark/70k/_temporary/0/_temporary/' directory.
23/11/29 03:43:51 INFO GhfsStorageStatistics: Detected potential high latency for operation op_delete. latencyMs=322; previousMaxLatencyMs=251; operationCount=5; context=gs://project-thesis-max/output/apache-spark/70k/_temporary/0/_temporary/attempt_202311290343415419032687720252390_0001_m_000003_4
23/11/29 03:43:51 INFO GoogleCloudStorageImpl: Ignoring exception of type GoogleJsonResponseException; verified object already exists with desired state.
23/11/29 03:43:51 INFO GoogleCloudStorageFileSystem: Successfully repaired 'gs://project-thesis-max/output/apache-spark/70k/_temporary/0/_temporary/' directory.
23/11/29 03:43:51 INFO GhfsStorageStatistics: Detected potential high latency for operation op_delete. latencyMs=330; previousMaxLatencyMs=322; operationCount=5; context=gs://project-thesis-max/output/apache-spark/70k/_temporary/0/_temporary/attempt_202311290343415419032687720252390_0001_m_000000_1
23/11/29 03:43:51 INFO GoogleCloudStorageImpl: Ignoring exception of type GoogleJsonResponseException; verified object already exists with desired state.
23/11/29 03:43:51 INFO GoogleCloudStorageFileSystem: Successfully repaired 'gs://project-thesis-max/output/apache-spark/70k/_temporary/0/_temporary/' directory.
23/11/29 03:43:51 INFO GoogleCloudStorageImpl: Ignoring exception of type GoogleJsonResponseException; verified object already exists with desired state.
23/11/29 03:43:51 INFO GoogleCloudStorageFileSystem: Successfully repaired 'gs://project-thesis-max/output/apache-spark/70k/_temporary/0/_temporary/' directory.
23/11/29 03:43:52 INFO GoogleCloudStorageFileSystem: Successfully repaired 'gs://project-thesis-max/output/apache-spark/70k/' directory.
Time in sec: 16
Job [a00308db179445f2903db6cc4e07d2b4] finished successfully.
Job [f3010c2d74874915a5c0e75656c8d677] submitted.
Waiting for job output...
:: loading settings :: url = jar:file:/usr/lib/spark/jars/ivy-2.5.1.jar!/org/apache/ivy/core/settings/ivysettings.xml
Ivy Default Cache set to: /root/.ivy2/cache
The jars for the packages stored in: /root/.ivy2/jars
org.apache.spark#spark-avro_2.12 added as a dependency
:: resolving dependencies :: org.apache.spark#spark-submit-parent-9a6f58a4-1319-4788-a977-dbcfb1104197;1.0
        confs: [default]
        found org.apache.spark#spark-avro_2.12;3.3.2 in central
        found org.tukaani#xz;1.9 in central
        found org.spark-project.spark#unused;1.0.0 in central
:: resolution report :: resolve 259ms :: artifacts dl 8ms
        :: modules in use:
        org.apache.spark#spark-avro_2.12;3.3.2 from central in [default]
        org.spark-project.spark#unused;1.0.0 from central in [default]
        org.tukaani#xz;1.9 from central in [default]
        ---------------------------------------------------------------------
        |                  |            modules            ||   artifacts   |
        |       conf       | number| search|dwnlded|evicted|| number|dwnlded|
        ---------------------------------------------------------------------
        |      default     |   3   |   0   |   0   |   0   ||   3   |   0   |
        ---------------------------------------------------------------------
:: retrieving :: org.apache.spark#spark-submit-parent-9a6f58a4-1319-4788-a977-dbcfb1104197
        confs: [default]
        0 artifacts copied, 3 already retrieved (0kB/7ms)
23/11/29 03:44:11 INFO SparkEnv: Registering MapOutputTracker
23/11/29 03:44:11 INFO SparkEnv: Registering BlockManagerMaster
23/11/29 03:44:11 INFO SparkEnv: Registering BlockManagerMasterHeartbeat
23/11/29 03:44:11 INFO SparkEnv: Registering OutputCommitCoordinator
23/11/29 03:44:13 INFO GhfsStorageStatistics: Detected potential high latency for operation op_get_file_status. latencyMs=268; previousMaxLatencyMs=0; operationCount=1; context=gs://dataproc-temp-us-central1-733260049689-xllyhmud/ae0dc149-2ee4-4852-b465-ae03808f7e4c/spark-job-history
23/11/29 03:44:13 INFO GoogleCloudStorageImpl: Ignoring exception of type GoogleJsonResponseException; verified object already exists with desired state.
23/11/29 03:44:19 WARN package: Truncated the string representation of a plan since it was too large. This behavior can be adjusted by setting 'spark.sql.debug.maxToStringFields'.
23/11/29 03:44:20 INFO GhfsStorageStatistics: Detected potential high latency for operation op_delete. latencyMs=256; previousMaxLatencyMs=0; operationCount=1; context=gs://project-thesis-max/output/apache-spark/70k
23/11/29 03:44:20 INFO PathOutputCommitterFactory: No output committer factory defined, defaulting to FileOutputCommitterFactory
23/11/29 03:44:20 INFO PathOutputCommitterFactory: No output committer factory defined, defaulting to FileOutputCommitterFactory
23/11/29 03:44:20 INFO PathOutputCommitterFactory: No output committer factory defined, defaulting to FileOutputCommitterFactory
23/11/29 03:44:20 INFO PathOutputCommitterFactory: No output committer factory defined, defaulting to FileOutputCommitterFactory
23/11/29 03:44:20 INFO PathOutputCommitterFactory: No output committer factory defined, defaulting to FileOutputCommitterFactory
23/11/29 03:44:20 INFO GhfsStorageStatistics: Detected potential high latency for operation op_create. latencyMs=162; previousMaxLatencyMs=84; operationCount=2; context=gs://project-thesis-max/output/apache-spark/70k/_temporary/0/_temporary/attempt_202311290344205424438660240021642_0001_m_000000_1/part-00000-40128e9c-4b42-4f29-8fa8-cbad95585955-c000.avro
23/11/29 03:44:21 INFO GhfsStorageStatistics: Detected potential high latency for operation op_create. latencyMs=272; previousMaxLatencyMs=162; operationCount=5; context=gs://project-thesis-max/output/apache-spark/70k/_temporary/0/_temporary/attempt_202311290344205424438660240021642_0001_m_000003_4/part-00003-40128e9c-4b42-4f29-8fa8-cbad95585955-c000.avro
23/11/29 03:44:21 INFO GhfsStorageStatistics: Detected potential high latency for operation op_create. latencyMs=278; previousMaxLatencyMs=272; operationCount=5; context=gs://project-thesis-max/output/apache-spark/70k/_temporary/0/_temporary/attempt_202311290344205424438660240021642_0001_m_000001_2/part-00001-40128e9c-4b42-4f29-8fa8-cbad95585955-c000.avro
23/11/29 03:44:21 INFO GhfsStorageStatistics: Detected potential high latency for operation op_create. latencyMs=309; previousMaxLatencyMs=278; operationCount=5; context=gs://project-thesis-max/output/apache-spark/70k/_temporary/0/_temporary/attempt_202311290344205424438660240021642_0001_m_000002_3/part-00002-40128e9c-4b42-4f29-8fa8-cbad95585955-c000.avro
23/11/29 03:44:30 INFO GhfsStorageStatistics: Detected potential high latency for operation stream_write_close_operations. latencyMs=430; previousMaxLatencyMs=0; operationCount=3; context=gs://project-thesis-max/output/apache-spark/70k/_temporary/0/_temporary/attempt_202311290344205424438660240021642_0001_m_000003_4/part-00003-40128e9c-4b42-4f29-8fa8-cbad95585955-c000.avro
23/11/29 03:44:30 INFO GoogleCloudStorageFileSystem: Successfully repaired 'gs://project-thesis-max/output/apache-spark/70k/_temporary/0/_temporary/attempt_202311290344205424438660240021642_0001_m_000003_4/' directory.
23/11/29 03:44:30 INFO GhfsStorageStatistics: Detected potential high latency for operation op_rename. latencyMs=475; previousMaxLatencyMs=0; operationCount=4; context=rename(gs://project-thesis-max/output/apache-spark/70k/_temporary/0/_temporary/attempt_202311290344205424438660240021642_0001_m_000003_4/part-00003-40128e9c-4b42-4f29-8fa8-cbad95585955-c000.avro -> gs://project-thesis-max/output/apache-spark/70k/part-00003-40128e9c-4b42-4f29-8fa8-cbad95585955-c000.avro)
23/11/29 03:44:30 INFO GoogleCloudStorageFileSystem: Successfully repaired 'gs://project-thesis-max/output/apache-spark/70k/_temporary/0/_temporary/attempt_202311290344205424438660240021642_0001_m_000000_1/' directory.
23/11/29 03:44:30 INFO GoogleCloudStorageFileSystem: Successfully repaired 'gs://project-thesis-max/output/apache-spark/70k/_temporary/0/_temporary/attempt_202311290344205424438660240021642_0001_m_000001_2/' directory.
23/11/29 03:44:31 INFO GoogleCloudStorageFileSystem: Successfully repaired 'gs://project-thesis-max/output/apache-spark/70k/_temporary/0/_temporary/' directory.
23/11/29 03:44:31 INFO GhfsStorageStatistics: Detected potential high latency for operation op_delete. latencyMs=305; previousMaxLatencyMs=256; operationCount=4; context=gs://project-thesis-max/output/apache-spark/70k/_temporary/0/_temporary/attempt_202311290344205424438660240021642_0001_m_000003_4
23/11/29 03:44:31 INFO GoogleCloudStorageImpl: Ignoring exception of type GoogleJsonResponseException; verified object already exists with desired state.
23/11/29 03:44:31 INFO GoogleCloudStorageFileSystem: Successfully repaired 'gs://project-thesis-max/output/apache-spark/70k/_temporary/0/_temporary/' directory.
23/11/29 03:44:31 INFO GoogleCloudStorageFileSystem: Successfully repaired 'gs://project-thesis-max/output/apache-spark/70k/_temporary/0/_temporary/attempt_202311290344205424438660240021642_0001_m_000002_3/' directory.
23/11/29 03:44:31 INFO GhfsStorageStatistics: Detected potential high latency for operation op_rename. latencyMs=531; previousMaxLatencyMs=475; operationCount=4; context=rename(gs://project-thesis-max/output/apache-spark/70k/_temporary/0/_temporary/attempt_202311290344205424438660240021642_0001_m_000002_3/part-00002-40128e9c-4b42-4f29-8fa8-cbad95585955-c000.avro -> gs://project-thesis-max/output/apache-spark/70k/part-00002-40128e9c-4b42-4f29-8fa8-cbad95585955-c000.avro)
23/11/29 03:44:31 INFO GoogleCloudStorageImpl: Ignoring exception of type GoogleJsonResponseException; verified object already exists with desired state.
23/11/29 03:44:31 INFO GoogleCloudStorageFileSystem: Successfully repaired 'gs://project-thesis-max/output/apache-spark/70k/_temporary/0/_temporary/' directory.
23/11/29 03:44:31 INFO GhfsStorageStatistics: Detected potential high latency for operation op_delete. latencyMs=312; previousMaxLatencyMs=305; operationCount=5; context=gs://project-thesis-max/output/apache-spark/70k/_temporary/0/_temporary/attempt_202311290344205424438660240021642_0001_m_000001_2
23/11/29 03:44:31 INFO GoogleCloudStorageFileSystem: Successfully repaired 'gs://project-thesis-max/output/apache-spark/70k/' directory.
23/11/29 03:44:31 INFO GhfsStorageStatistics: Detected potential high latency for operation op_delete. latencyMs=319; previousMaxLatencyMs=312; operationCount=6; context=gs://project-thesis-max/output/apache-spark/70k/_temporary
Time in sec: 17
Job [f3010c2d74874915a5c0e75656c8d677] finished successfully.
Job [feff82cd9b5d49e3a1be3b0f81ac7d16] submitted.
Waiting for job output...
:: loading settings :: url = jar:file:/usr/lib/spark/jars/ivy-2.5.1.jar!/org/apache/ivy/core/settings/ivysettings.xml
Ivy Default Cache set to: /root/.ivy2/cache
The jars for the packages stored in: /root/.ivy2/jars
org.apache.spark#spark-avro_2.12 added as a dependency
:: resolving dependencies :: org.apache.spark#spark-submit-parent-c8edb4d1-b724-452d-ba98-71855b8b4ccf;1.0
        confs: [default]
        found org.apache.spark#spark-avro_2.12;3.3.2 in central
        found org.tukaani#xz;1.9 in central
        found org.spark-project.spark#unused;1.0.0 in central
:: resolution report :: resolve 266ms :: artifacts dl 9ms
        :: modules in use:
        org.apache.spark#spark-avro_2.12;3.3.2 from central in [default]
        org.spark-project.spark#unused;1.0.0 from central in [default]
        org.tukaani#xz;1.9 from central in [default]
        ---------------------------------------------------------------------
        |                  |            modules            ||   artifacts   |
        |       conf       | number| search|dwnlded|evicted|| number|dwnlded|
        ---------------------------------------------------------------------
        |      default     |   3   |   0   |   0   |   0   ||   3   |   0   |
        ---------------------------------------------------------------------
:: retrieving :: org.apache.spark#spark-submit-parent-c8edb4d1-b724-452d-ba98-71855b8b4ccf
        confs: [default]
        0 artifacts copied, 3 already retrieved (0kB/7ms)
23/11/29 03:44:53 INFO SparkEnv: Registering MapOutputTracker
23/11/29 03:44:53 INFO SparkEnv: Registering BlockManagerMaster
23/11/29 03:44:53 INFO SparkEnv: Registering BlockManagerMasterHeartbeat
23/11/29 03:44:53 INFO SparkEnv: Registering OutputCommitCoordinator
23/11/29 03:44:54 INFO GhfsStorageStatistics: Detected potential high latency for operation op_get_file_status. latencyMs=241; previousMaxLatencyMs=0; operationCount=1; context=gs://dataproc-temp-us-central1-733260049689-xllyhmud/ae0dc149-2ee4-4852-b465-ae03808f7e4c/spark-job-history
23/11/29 03:44:54 INFO GoogleCloudStorageImpl: Ignoring exception of type GoogleJsonResponseException; verified object already exists with desired state.
23/11/29 03:44:54 INFO GhfsStorageStatistics: Detected potential high latency for operation op_mkdirs. latencyMs=151; previousMaxLatencyMs=0; operationCount=1; context=gs://dataproc-temp-us-central1-733260049689-xllyhmud/ae0dc149-2ee4-4852-b465-ae03808f7e4c/spark-job-history
23/11/29 03:45:00 WARN package: Truncated the string representation of a plan since it was too large. This behavior can be adjusted by setting 'spark.sql.debug.maxToStringFields'.
23/11/29 03:45:01 INFO GhfsStorageStatistics: Detected potential high latency for operation op_delete. latencyMs=261; previousMaxLatencyMs=0; operationCount=1; context=gs://project-thesis-max/output/apache-spark/70k
23/11/29 03:45:01 INFO PathOutputCommitterFactory: No output committer factory defined, defaulting to FileOutputCommitterFactory
23/11/29 03:45:01 INFO PathOutputCommitterFactory: No output committer factory defined, defaulting to FileOutputCommitterFactory
23/11/29 03:45:01 INFO PathOutputCommitterFactory: No output committer factory defined, defaulting to FileOutputCommitterFactory
23/11/29 03:45:01 INFO PathOutputCommitterFactory: No output committer factory defined, defaulting to FileOutputCommitterFactory
23/11/29 03:45:01 INFO PathOutputCommitterFactory: No output committer factory defined, defaulting to FileOutputCommitterFactory
23/11/29 03:45:02 INFO GhfsStorageStatistics: Detected potential high latency for operation op_create. latencyMs=184; previousMaxLatencyMs=135; operationCount=5; context=gs://project-thesis-max/output/apache-spark/70k/_temporary/0/_temporary/attempt_202311290345014222213844405453242_0001_m_000001_2/part-00001-213970fe-5076-4e10-aa5a-b4a9c653e524-c000.avro
23/11/29 03:45:02 INFO GhfsStorageStatistics: Detected potential high latency for operation op_create. latencyMs=228; previousMaxLatencyMs=184; operationCount=5; context=gs://project-thesis-max/output/apache-spark/70k/_temporary/0/_temporary/attempt_202311290345014222213844405453242_0001_m_000002_3/part-00002-213970fe-5076-4e10-aa5a-b4a9c653e524-c000.avro
23/11/29 03:45:10 INFO GhfsStorageStatistics: Detected potential high latency for operation stream_read_operations. latencyMs=184; previousMaxLatencyMs=41; operationCount=1; context=gs://project-thesis-max/input/us_accidents_700k.csv
23/11/29 03:45:11 INFO GhfsStorageStatistics: Detected potential high latency for operation stream_write_close_operations. latencyMs=267; previousMaxLatencyMs=0; operationCount=4; context=gs://project-thesis-max/output/apache-spark/70k/_temporary/0/_temporary/attempt_202311290345014222213844405453242_0001_m_000001_2/part-00001-213970fe-5076-4e10-aa5a-b4a9c653e524-c000.avro
23/11/29 03:45:11 INFO GhfsStorageStatistics: Detected potential high latency for operation stream_write_close_operations. latencyMs=517; previousMaxLatencyMs=267; operationCount=4; context=gs://project-thesis-max/output/apache-spark/70k/_temporary/0/_temporary/attempt_202311290345014222213844405453242_0001_m_000003_4/part-00003-213970fe-5076-4e10-aa5a-b4a9c653e524-c000.avro
23/11/29 03:45:11 INFO GoogleCloudStorageFileSystem: Successfully repaired 'gs://project-thesis-max/output/apache-spark/70k/_temporary/0/_temporary/attempt_202311290345014222213844405453242_0001_m_000003_4/' directory.
23/11/29 03:45:11 INFO GhfsStorageStatistics: Detected potential high latency for operation op_rename. latencyMs=524; previousMaxLatencyMs=0; operationCount=4; context=rename(gs://project-thesis-max/output/apache-spark/70k/_temporary/0/_temporary/attempt_202311290345014222213844405453242_0001_m_000003_4/part-00003-213970fe-5076-4e10-aa5a-b4a9c653e524-c000.avro -> gs://project-thesis-max/output/apache-spark/70k/part-00003-213970fe-5076-4e10-aa5a-b4a9c653e524-c000.avro)
23/11/29 03:45:11 INFO GoogleCloudStorageFileSystem: Successfully repaired 'gs://project-thesis-max/output/apache-spark/70k/_temporary/0/_temporary/attempt_202311290345014222213844405453242_0001_m_000001_2/' directory.
23/11/29 03:45:11 INFO GoogleCloudStorageFileSystem: Successfully repaired 'gs://project-thesis-max/output/apache-spark/70k/_temporary/0/_temporary/attempt_202311290345014222213844405453242_0001_m_000002_3/' directory.
23/11/29 03:45:11 INFO GoogleCloudStorageFileSystem: Successfully repaired 'gs://project-thesis-max/output/apache-spark/70k/_temporary/0/_temporary/attempt_202311290345014222213844405453242_0001_m_000000_1/' directory.
23/11/29 03:45:12 INFO GoogleCloudStorageFileSystem: Successfully repaired 'gs://project-thesis-max/output/apache-spark/70k/_temporary/0/_temporary/' directory.
23/11/29 03:45:12 INFO GhfsStorageStatistics: Detected potential high latency for operation op_delete. latencyMs=307; previousMaxLatencyMs=261; operationCount=5; context=gs://project-thesis-max/output/apache-spark/70k/_temporary/0/_temporary/attempt_202311290345014222213844405453242_0001_m_000003_4
23/11/29 03:45:12 INFO GoogleCloudStorageImpl: Ignoring exception of type GoogleJsonResponseException; verified object already exists with desired state.
23/11/29 03:45:12 INFO GoogleCloudStorageFileSystem: Successfully repaired 'gs://project-thesis-max/output/apache-spark/70k/_temporary/0/_temporary/' directory.
23/11/29 03:45:12 INFO GoogleCloudStorageImpl: Ignoring exception of type GoogleJsonResponseException; verified object already exists with desired state.
23/11/29 03:45:12 INFO GoogleCloudStorageFileSystem: Successfully repaired 'gs://project-thesis-max/output/apache-spark/70k/_temporary/0/_temporary/' directory.
23/11/29 03:45:12 INFO GhfsStorageStatistics: Detected potential high latency for operation op_delete. latencyMs=343; previousMaxLatencyMs=307; operationCount=5; context=gs://project-thesis-max/output/apache-spark/70k/_temporary/0/_temporary/attempt_202311290345014222213844405453242_0001_m_000002_3
23/11/29 03:45:12 INFO GoogleCloudStorageImpl: Ignoring exception of type GoogleJsonResponseException; verified object already exists with desired state.
23/11/29 03:45:12 INFO GoogleCloudStorageFileSystem: Successfully repaired 'gs://project-thesis-max/output/apache-spark/70k/_temporary/0/_temporary/' directory.
23/11/29 03:45:12 INFO GhfsStorageStatistics: Detected potential high latency for operation op_delete. latencyMs=365; previousMaxLatencyMs=343; operationCount=5; context=gs://project-thesis-max/output/apache-spark/70k/_temporary/0/_temporary/attempt_202311290345014222213844405453242_0001_m_000001_2
23/11/29 03:45:12 INFO GoogleCloudStorageFileSystem: Successfully repaired 'gs://project-thesis-max/output/apache-spark/70k/' directory.
Time in sec: 16
Job [feff82cd9b5d49e3a1be3b0f81ac7d16] finished successfully.
Job [41600f2d1fe74b07a8f10a4791a42b87] submitted.
Waiting for job output...
:: loading settings :: url = jar:file:/usr/lib/spark/jars/ivy-2.5.1.jar!/org/apache/ivy/core/settings/ivysettings.xml
Ivy Default Cache set to: /root/.ivy2/cache
The jars for the packages stored in: /root/.ivy2/jars
org.apache.spark#spark-avro_2.12 added as a dependency
:: resolving dependencies :: org.apache.spark#spark-submit-parent-294ece78-0c57-4e58-8f09-2509f2d3efc9;1.0
        confs: [default]
        found org.apache.spark#spark-avro_2.12;3.3.2 in central
        found org.tukaani#xz;1.9 in central
        found org.spark-project.spark#unused;1.0.0 in central
:: resolution report :: resolve 240ms :: artifacts dl 9ms
        :: modules in use:
        org.apache.spark#spark-avro_2.12;3.3.2 from central in [default]
        org.spark-project.spark#unused;1.0.0 from central in [default]
        org.tukaani#xz;1.9 from central in [default]
        ---------------------------------------------------------------------
        |                  |            modules            ||   artifacts   |
        |       conf       | number| search|dwnlded|evicted|| number|dwnlded|
        ---------------------------------------------------------------------
        |      default     |   3   |   0   |   0   |   0   ||   3   |   0   |
        ---------------------------------------------------------------------
:: retrieving :: org.apache.spark#spark-submit-parent-294ece78-0c57-4e58-8f09-2509f2d3efc9
        confs: [default]
        0 artifacts copied, 3 already retrieved (0kB/7ms)
23/11/29 03:45:31 INFO SparkEnv: Registering MapOutputTracker
23/11/29 03:45:31 INFO SparkEnv: Registering BlockManagerMaster
23/11/29 03:45:31 INFO SparkEnv: Registering BlockManagerMasterHeartbeat
23/11/29 03:45:31 INFO SparkEnv: Registering OutputCommitCoordinator
23/11/29 03:45:33 INFO GhfsStorageStatistics: Detected potential high latency for operation op_get_file_status. latencyMs=264; previousMaxLatencyMs=0; operationCount=1; context=gs://dataproc-temp-us-central1-733260049689-xllyhmud/ae0dc149-2ee4-4852-b465-ae03808f7e4c/spark-job-history
23/11/29 03:45:33 INFO GoogleCloudStorageImpl: Ignoring exception of type GoogleJsonResponseException; verified object already exists with desired state.
23/11/29 03:45:33 INFO GhfsStorageStatistics: Detected potential high latency for operation op_mkdirs. latencyMs=154; previousMaxLatencyMs=0; operationCount=1; context=gs://dataproc-temp-us-central1-733260049689-xllyhmud/ae0dc149-2ee4-4852-b465-ae03808f7e4c/spark-job-history
23/11/29 03:45:39 WARN package: Truncated the string representation of a plan since it was too large. This behavior can be adjusted by setting 'spark.sql.debug.maxToStringFields'.
23/11/29 03:45:39 INFO GhfsStorageStatistics: Detected potential high latency for operation op_delete. latencyMs=280; previousMaxLatencyMs=0; operationCount=1; context=gs://project-thesis-max/output/apache-spark/70k
23/11/29 03:45:39 INFO PathOutputCommitterFactory: No output committer factory defined, defaulting to FileOutputCommitterFactory
23/11/29 03:45:40 INFO PathOutputCommitterFactory: No output committer factory defined, defaulting to FileOutputCommitterFactory
23/11/29 03:45:40 INFO PathOutputCommitterFactory: No output committer factory defined, defaulting to FileOutputCommitterFactory
23/11/29 03:45:40 INFO PathOutputCommitterFactory: No output committer factory defined, defaulting to FileOutputCommitterFactory
23/11/29 03:45:40 INFO PathOutputCommitterFactory: No output committer factory defined, defaulting to FileOutputCommitterFactory
23/11/29 03:45:41 INFO GhfsStorageStatistics: Detected potential high latency for operation op_create. latencyMs=209; previousMaxLatencyMs=135; operationCount=5; context=gs://project-thesis-max/output/apache-spark/70k/_temporary/0/_temporary/attempt_202311290345406619766825161356429_0001_m_000002_3/part-00002-5f79c55e-3c9f-4c7a-845d-8399e53b15ff-c000.avro
23/11/29 03:45:41 INFO GhfsStorageStatistics: Detected potential high latency for operation op_create. latencyMs=243; previousMaxLatencyMs=209; operationCount=5; context=gs://project-thesis-max/output/apache-spark/70k/_temporary/0/_temporary/attempt_202311290345406619766825161356429_0001_m_000003_4/part-00003-5f79c55e-3c9f-4c7a-845d-8399e53b15ff-c000.avro
23/11/29 03:45:50 INFO GhfsStorageStatistics: Detected potential high latency for operation stream_write_close_operations. latencyMs=360; previousMaxLatencyMs=0; operationCount=1; context=gs://project-thesis-max/output/apache-spark/70k/_temporary/0/_temporary/attempt_202311290345406619766825161356429_0001_m_000003_4/part-00003-5f79c55e-3c9f-4c7a-845d-8399e53b15ff-c000.avro
23/11/29 03:45:50 INFO GhfsStorageStatistics: Detected potential high latency for operation stream_write_close_operations. latencyMs=365; previousMaxLatencyMs=360; operationCount=4; context=gs://project-thesis-max/output/apache-spark/70k/_temporary/0/_temporary/attempt_202311290345406619766825161356429_0001_m_000000_1/part-00000-5f79c55e-3c9f-4c7a-845d-8399e53b15ff-c000.avro
23/11/29 03:45:50 INFO GoogleCloudStorageFileSystem: Successfully repaired 'gs://project-thesis-max/output/apache-spark/70k/_temporary/0/_temporary/attempt_202311290345406619766825161356429_0001_m_000003_4/' directory.
23/11/29 03:45:50 INFO GhfsStorageStatistics: Detected potential high latency for operation op_rename. latencyMs=469; previousMaxLatencyMs=0; operationCount=1; context=rename(gs://project-thesis-max/output/apache-spark/70k/_temporary/0/_temporary/attempt_202311290345406619766825161356429_0001_m_000003_4/part-00003-5f79c55e-3c9f-4c7a-845d-8399e53b15ff-c000.avro -> gs://project-thesis-max/output/apache-spark/70k/part-00003-5f79c55e-3c9f-4c7a-845d-8399e53b15ff-c000.avro)
23/11/29 03:45:50 INFO GoogleCloudStorageFileSystem: Successfully repaired 'gs://project-thesis-max/output/apache-spark/70k/_temporary/0/_temporary/' directory.
23/11/29 03:45:50 INFO GhfsStorageStatistics: Detected potential high latency for operation op_delete. latencyMs=289; previousMaxLatencyMs=280; operationCount=2; context=gs://project-thesis-max/output/apache-spark/70k/_temporary/0/_temporary/attempt_202311290345406619766825161356429_0001_m_000003_4
23/11/29 03:45:51 INFO GoogleCloudStorageFileSystem: Successfully repaired 'gs://project-thesis-max/output/apache-spark/70k/_temporary/0/_temporary/attempt_202311290345406619766825161356429_0001_m_000000_1/' directory.
23/11/29 03:45:51 INFO GoogleCloudStorageFileSystem: Successfully repaired 'gs://project-thesis-max/output/apache-spark/70k/_temporary/0/_temporary/attempt_202311290345406619766825161356429_0001_m_000002_3/' directory.
23/11/29 03:45:51 INFO GoogleCloudStorageFileSystem: Successfully repaired 'gs://project-thesis-max/output/apache-spark/70k/_temporary/0/_temporary/attempt_202311290345406619766825161356429_0001_m_000001_2/' directory.
23/11/29 03:45:51 INFO GoogleCloudStorageFileSystem: Successfully repaired 'gs://project-thesis-max/output/apache-spark/70k/' directory.
Time in sec: 17
Job [41600f2d1fe74b07a8f10a4791a42b87] finished successfully.
Job [e95b2c5b403e47ebbb22113682bdc9c3] submitted.
Waiting for job output...
:: loading settings :: url = jar:file:/usr/lib/spark/jars/ivy-2.5.1.jar!/org/apache/ivy/core/settings/ivysettings.xml
Ivy Default Cache set to: /root/.ivy2/cache
The jars for the packages stored in: /root/.ivy2/jars
org.apache.spark#spark-avro_2.12 added as a dependency
:: resolving dependencies :: org.apache.spark#spark-submit-parent-57f35232-32fc-4464-a1f0-c47c488fa708;1.0
        confs: [default]
        found org.apache.spark#spark-avro_2.12;3.3.2 in central
        found org.tukaani#xz;1.9 in central
        found org.spark-project.spark#unused;1.0.0 in central
:: resolution report :: resolve 270ms :: artifacts dl 9ms
        :: modules in use:
        org.apache.spark#spark-avro_2.12;3.3.2 from central in [default]
        org.spark-project.spark#unused;1.0.0 from central in [default]
        org.tukaani#xz;1.9 from central in [default]
        ---------------------------------------------------------------------
        |                  |            modules            ||   artifacts   |
        |       conf       | number| search|dwnlded|evicted|| number|dwnlded|
        ---------------------------------------------------------------------
        |      default     |   3   |   0   |   0   |   0   ||   3   |   0   |
        ---------------------------------------------------------------------
:: retrieving :: org.apache.spark#spark-submit-parent-57f35232-32fc-4464-a1f0-c47c488fa708
        confs: [default]
        0 artifacts copied, 3 already retrieved (0kB/6ms)
23/11/29 03:46:13 INFO SparkEnv: Registering MapOutputTracker
23/11/29 03:46:13 INFO SparkEnv: Registering BlockManagerMaster
23/11/29 03:46:13 INFO SparkEnv: Registering BlockManagerMasterHeartbeat
23/11/29 03:46:13 INFO SparkEnv: Registering OutputCommitCoordinator
23/11/29 03:46:15 INFO GhfsStorageStatistics: Detected potential high latency for operation op_get_file_status. latencyMs=229; previousMaxLatencyMs=0; operationCount=1; context=gs://dataproc-temp-us-central1-733260049689-xllyhmud/ae0dc149-2ee4-4852-b465-ae03808f7e4c/spark-job-history
23/11/29 03:46:15 INFO GoogleCloudStorageImpl: Ignoring exception of type GoogleJsonResponseException; verified object already exists with desired state.
23/11/29 03:46:21 WARN package: Truncated the string representation of a plan since it was too large. This behavior can be adjusted by setting 'spark.sql.debug.maxToStringFields'.
23/11/29 03:46:21 INFO GhfsStorageStatistics: Detected potential high latency for operation op_delete. latencyMs=252; previousMaxLatencyMs=0; operationCount=1; context=gs://project-thesis-max/output/apache-spark/70k
23/11/29 03:46:21 INFO PathOutputCommitterFactory: No output committer factory defined, defaulting to FileOutputCommitterFactory
23/11/29 03:46:22 INFO PathOutputCommitterFactory: No output committer factory defined, defaulting to FileOutputCommitterFactory
23/11/29 03:46:22 INFO PathOutputCommitterFactory: No output committer factory defined, defaulting to FileOutputCommitterFactory
23/11/29 03:46:22 INFO PathOutputCommitterFactory: No output committer factory defined, defaulting to FileOutputCommitterFactory
23/11/29 03:46:22 INFO PathOutputCommitterFactory: No output committer factory defined, defaulting to FileOutputCommitterFactory
23/11/29 03:46:22 INFO GhfsStorageStatistics: Detected potential high latency for operation op_create. latencyMs=151; previousMaxLatencyMs=80; operationCount=2; context=gs://project-thesis-max/output/apache-spark/70k/_temporary/0/_temporary/attempt_202311290346216163736453951809892_0001_m_000000_1/part-00000-bb0ba386-5803-4aca-aa7c-5b6a6b82cf31-c000.avro
23/11/29 03:46:22 INFO GhfsStorageStatistics: Detected potential high latency for operation op_create. latencyMs=169; previousMaxLatencyMs=151; operationCount=5; context=gs://project-thesis-max/output/apache-spark/70k/_temporary/0/_temporary/attempt_202311290346216163736453951809892_0001_m_000003_4/part-00003-bb0ba386-5803-4aca-aa7c-5b6a6b82cf31-c000.avro
23/11/29 03:46:22 INFO GhfsStorageStatistics: Detected potential high latency for operation op_create. latencyMs=236; previousMaxLatencyMs=169; operationCount=5; context=gs://project-thesis-max/output/apache-spark/70k/_temporary/0/_temporary/attempt_202311290346216163736453951809892_0001_m_000001_2/part-00001-bb0ba386-5803-4aca-aa7c-5b6a6b82cf31-c000.avro
23/11/29 03:46:30 INFO GhfsStorageStatistics: Detected potential high latency for operation stream_write_close_operations. latencyMs=342; previousMaxLatencyMs=0; operationCount=1; context=gs://project-thesis-max/output/apache-spark/70k/_temporary/0/_temporary/attempt_202311290346216163736453951809892_0001_m_000003_4/part-00003-bb0ba386-5803-4aca-aa7c-5b6a6b82cf31-c000.avro
23/11/29 03:46:31 INFO GhfsStorageStatistics: Detected potential high latency for operation stream_write_close_operations. latencyMs=364; previousMaxLatencyMs=342; operationCount=4; context=gs://project-thesis-max/output/apache-spark/70k/_temporary/0/_temporary/attempt_202311290346216163736453951809892_0001_m_000002_3/part-00002-bb0ba386-5803-4aca-aa7c-5b6a6b82cf31-c000.avro
23/11/29 03:46:31 INFO GoogleCloudStorageFileSystem: Successfully repaired 'gs://project-thesis-max/output/apache-spark/70k/_temporary/0/_temporary/attempt_202311290346216163736453951809892_0001_m_000003_4/' directory.
23/11/29 03:46:31 INFO GhfsStorageStatistics: Detected potential high latency for operation op_rename. latencyMs=499; previousMaxLatencyMs=0; operationCount=2; context=rename(gs://project-thesis-max/output/apache-spark/70k/_temporary/0/_temporary/attempt_202311290346216163736453951809892_0001_m_000003_4/part-00003-bb0ba386-5803-4aca-aa7c-5b6a6b82cf31-c000.avro -> gs://project-thesis-max/output/apache-spark/70k/part-00003-bb0ba386-5803-4aca-aa7c-5b6a6b82cf31-c000.avro)
23/11/29 03:46:31 INFO GoogleCloudStorageFileSystem: Successfully repaired 'gs://project-thesis-max/output/apache-spark/70k/_temporary/0/_temporary/' directory.
23/11/29 03:46:31 INFO GhfsStorageStatistics: Detected potential high latency for operation op_delete. latencyMs=289; previousMaxLatencyMs=252; operationCount=2; context=gs://project-thesis-max/output/apache-spark/70k/_temporary/0/_temporary/attempt_202311290346216163736453951809892_0001_m_000003_4
23/11/29 03:46:32 INFO GoogleCloudStorageFileSystem: Successfully repaired 'gs://project-thesis-max/output/apache-spark/70k/_temporary/0/_temporary/attempt_202311290346216163736453951809892_0001_m_000000_1/' directory.
23/11/29 03:46:32 INFO GoogleCloudStorageFileSystem: Successfully repaired 'gs://project-thesis-max/output/apache-spark/70k/_temporary/0/_temporary/attempt_202311290346216163736453951809892_0001_m_000002_3/' directory.
23/11/29 03:46:32 INFO GhfsStorageStatistics: Detected potential high latency for operation stream_write_close_operations. latencyMs=1083; previousMaxLatencyMs=364; operationCount=4; context=gs://project-thesis-max/output/apache-spark/70k/_temporary/0/_temporary/attempt_202311290346216163736453951809892_0001_m_000001_2/part-00001-bb0ba386-5803-4aca-aa7c-5b6a6b82cf31-c000.avro
23/11/29 03:46:32 INFO GoogleCloudStorageFileSystem: Successfully repaired 'gs://project-thesis-max/output/apache-spark/70k/_temporary/0/_temporary/attempt_202311290346216163736453951809892_0001_m_000001_2/' directory.
23/11/29 03:46:33 INFO GoogleCloudStorageFileSystem: Successfully repaired 'gs://project-thesis-max/output/apache-spark/70k/' directory.
23/11/29 03:46:33 INFO GhfsStorageStatistics: Detected potential high latency for operation op_delete. latencyMs=317; previousMaxLatencyMs=289; operationCount=6; context=gs://project-thesis-max/output/apache-spark/70k/_temporary
Time in sec: 17
Job [e95b2c5b403e47ebbb22113682bdc9c3] finished successfully.
Job [31048cb048364f378ef3d8af7222bf24] submitted.
Waiting for job output...
:: loading settings :: url = jar:file:/usr/lib/spark/jars/ivy-2.5.1.jar!/org/apache/ivy/core/settings/ivysettings.xml
Ivy Default Cache set to: /root/.ivy2/cache
The jars for the packages stored in: /root/.ivy2/jars
org.apache.spark#spark-avro_2.12 added as a dependency
:: resolving dependencies :: org.apache.spark#spark-submit-parent-5938a3b7-312c-42bc-889a-26962d95583f;1.0
        confs: [default]
        found org.apache.spark#spark-avro_2.12;3.3.2 in central
        found org.tukaani#xz;1.9 in central
        found org.spark-project.spark#unused;1.0.0 in central
:: resolution report :: resolve 266ms :: artifacts dl 9ms
        :: modules in use:
        org.apache.spark#spark-avro_2.12;3.3.2 from central in [default]
        org.spark-project.spark#unused;1.0.0 from central in [default]
        org.tukaani#xz;1.9 from central in [default]
        ---------------------------------------------------------------------
        |                  |            modules            ||   artifacts   |
        |       conf       | number| search|dwnlded|evicted|| number|dwnlded|
        ---------------------------------------------------------------------
        |      default     |   3   |   0   |   0   |   0   ||   3   |   0   |
        ---------------------------------------------------------------------
:: retrieving :: org.apache.spark#spark-submit-parent-5938a3b7-312c-42bc-889a-26962d95583f
        confs: [default]
        0 artifacts copied, 3 already retrieved (0kB/7ms)
23/11/29 03:46:53 INFO SparkEnv: Registering MapOutputTracker
23/11/29 03:46:53 INFO SparkEnv: Registering BlockManagerMaster
23/11/29 03:46:53 INFO SparkEnv: Registering BlockManagerMasterHeartbeat
23/11/29 03:46:53 INFO SparkEnv: Registering OutputCommitCoordinator
23/11/29 03:46:55 INFO GhfsStorageStatistics: Detected potential high latency for operation op_get_file_status. latencyMs=263; previousMaxLatencyMs=0; operationCount=1; context=gs://dataproc-temp-us-central1-733260049689-xllyhmud/ae0dc149-2ee4-4852-b465-ae03808f7e4c/spark-job-history
23/11/29 03:46:55 INFO GoogleCloudStorageImpl: Ignoring exception of type GoogleJsonResponseException; verified object already exists with desired state.
23/11/29 03:46:55 INFO GhfsStorageStatistics: Detected potential high latency for operation op_mkdirs. latencyMs=194; previousMaxLatencyMs=0; operationCount=1; context=gs://dataproc-temp-us-central1-733260049689-xllyhmud/ae0dc149-2ee4-4852-b465-ae03808f7e4c/spark-job-history
23/11/29 03:47:01 WARN package: Truncated the string representation of a plan since it was too large. This behavior can be adjusted by setting 'spark.sql.debug.maxToStringFields'.
23/11/29 03:47:02 INFO GhfsStorageStatistics: Detected potential high latency for operation op_delete. latencyMs=243; previousMaxLatencyMs=0; operationCount=1; context=gs://project-thesis-max/output/apache-spark/70k
23/11/29 03:47:02 INFO PathOutputCommitterFactory: No output committer factory defined, defaulting to FileOutputCommitterFactory
23/11/29 03:47:02 INFO PathOutputCommitterFactory: No output committer factory defined, defaulting to FileOutputCommitterFactory
23/11/29 03:47:02 INFO PathOutputCommitterFactory: No output committer factory defined, defaulting to FileOutputCommitterFactory
23/11/29 03:47:02 INFO PathOutputCommitterFactory: No output committer factory defined, defaulting to FileOutputCommitterFactory
23/11/29 03:47:02 INFO PathOutputCommitterFactory: No output committer factory defined, defaulting to FileOutputCommitterFactory
23/11/29 03:47:03 INFO GhfsStorageStatistics: Detected potential high latency for operation op_create. latencyMs=194; previousMaxLatencyMs=130; operationCount=5; context=gs://project-thesis-max/output/apache-spark/70k/_temporary/0/_temporary/attempt_20231129034702180185575577908760_0001_m_000002_3/part-00002-3be27830-d5ab-4211-ac39-42a0d2190357-c000.avro
23/11/29 03:47:03 INFO GhfsStorageStatistics: Detected potential high latency for operation op_create. latencyMs=225; previousMaxLatencyMs=194; operationCount=5; context=gs://project-thesis-max/output/apache-spark/70k/_temporary/0/_temporary/attempt_20231129034702180185575577908760_0001_m_000003_4/part-00003-3be27830-d5ab-4211-ac39-42a0d2190357-c000.avro
23/11/29 03:47:12 INFO GhfsStorageStatistics: Detected potential high latency for operation stream_write_close_operations. latencyMs=373; previousMaxLatencyMs=0; operationCount=3; context=gs://project-thesis-max/output/apache-spark/70k/_temporary/0/_temporary/attempt_20231129034702180185575577908760_0001_m_000002_3/part-00002-3be27830-d5ab-4211-ac39-42a0d2190357-c000.avro
23/11/29 03:47:12 INFO GhfsStorageStatistics: Detected potential high latency for operation stream_write_close_operations. latencyMs=466; previousMaxLatencyMs=373; operationCount=4; context=gs://project-thesis-max/output/apache-spark/70k/_temporary/0/_temporary/attempt_20231129034702180185575577908760_0001_m_000003_4/part-00003-3be27830-d5ab-4211-ac39-42a0d2190357-c000.avro
23/11/29 03:47:13 INFO GoogleCloudStorageFileSystem: Successfully repaired 'gs://project-thesis-max/output/apache-spark/70k/_temporary/0/_temporary/attempt_20231129034702180185575577908760_0001_m_000002_3/' directory.
23/11/29 03:47:13 INFO GhfsStorageStatistics: Detected potential high latency for operation op_rename. latencyMs=472; previousMaxLatencyMs=0; operationCount=3; context=rename(gs://project-thesis-max/output/apache-spark/70k/_temporary/0/_temporary/attempt_20231129034702180185575577908760_0001_m_000002_3/part-00002-3be27830-d5ab-4211-ac39-42a0d2190357-c000.avro -> gs://project-thesis-max/output/apache-spark/70k/part-00002-3be27830-d5ab-4211-ac39-42a0d2190357-c000.avro)
23/11/29 03:47:13 INFO GoogleCloudStorageFileSystem: Successfully repaired 'gs://project-thesis-max/output/apache-spark/70k/_temporary/0/_temporary/attempt_20231129034702180185575577908760_0001_m_000000_1/' directory.
23/11/29 03:47:13 INFO GoogleCloudStorageFileSystem: Successfully repaired 'gs://project-thesis-max/output/apache-spark/70k/_temporary/0/_temporary/attempt_20231129034702180185575577908760_0001_m_000003_4/' directory.
23/11/29 03:47:13 INFO GoogleCloudStorageFileSystem: Successfully repaired 'gs://project-thesis-max/output/apache-spark/70k/_temporary/0/_temporary/' directory.
23/11/29 03:47:13 INFO GhfsStorageStatistics: Detected potential high latency for operation op_delete. latencyMs=295; previousMaxLatencyMs=243; operationCount=4; context=gs://project-thesis-max/output/apache-spark/70k/_temporary/0/_temporary/attempt_20231129034702180185575577908760_0001_m_000002_3
23/11/29 03:47:13 INFO GoogleCloudStorageImpl: Ignoring exception of type GoogleJsonResponseException; verified object already exists with desired state.
23/11/29 03:47:13 INFO GoogleCloudStorageFileSystem: Successfully repaired 'gs://project-thesis-max/output/apache-spark/70k/_temporary/0/_temporary/' directory.
23/11/29 03:47:13 INFO GhfsStorageStatistics: Detected potential high latency for operation op_delete. latencyMs=341; previousMaxLatencyMs=295; operationCount=4; context=gs://project-thesis-max/output/apache-spark/70k/_temporary/0/_temporary/attempt_20231129034702180185575577908760_0001_m_000000_1
23/11/29 03:47:13 INFO GoogleCloudStorageFileSystem: Successfully repaired 'gs://project-thesis-max/output/apache-spark/70k/_temporary/0/_temporary/attempt_20231129034702180185575577908760_0001_m_000001_2/' directory.
23/11/29 03:47:13 INFO GhfsStorageStatistics: Detected potential high latency for operation op_rename. latencyMs=492; previousMaxLatencyMs=472; operationCount=4; context=rename(gs://project-thesis-max/output/apache-spark/70k/_temporary/0/_temporary/attempt_20231129034702180185575577908760_0001_m_000001_2/part-00001-3be27830-d5ab-4211-ac39-42a0d2190357-c000.avro -> gs://project-thesis-max/output/apache-spark/70k/part-00001-3be27830-d5ab-4211-ac39-42a0d2190357-c000.avro)
23/11/29 03:47:14 INFO GoogleCloudStorageFileSystem: Successfully repaired 'gs://project-thesis-max/output/apache-spark/70k/' directory.
Time in sec: 17
Job [31048cb048364f378ef3d8af7222bf24] finished successfully.
Job [8e822fed557c4c0b959647dbbf9a8bff] submitted.
Waiting for job output...
:: loading settings :: url = jar:file:/usr/lib/spark/jars/ivy-2.5.1.jar!/org/apache/ivy/core/settings/ivysettings.xml
Ivy Default Cache set to: /root/.ivy2/cache
The jars for the packages stored in: /root/.ivy2/jars
org.apache.spark#spark-avro_2.12 added as a dependency
:: resolving dependencies :: org.apache.spark#spark-submit-parent-5693257a-b4a0-4601-880b-955595fd6030;1.0
        confs: [default]
        found org.apache.spark#spark-avro_2.12;3.3.2 in central
        found org.tukaani#xz;1.9 in central
        found org.spark-project.spark#unused;1.0.0 in central
:: resolution report :: resolve 265ms :: artifacts dl 9ms
        :: modules in use:
        org.apache.spark#spark-avro_2.12;3.3.2 from central in [default]
        org.spark-project.spark#unused;1.0.0 from central in [default]
        org.tukaani#xz;1.9 from central in [default]
        ---------------------------------------------------------------------
        |                  |            modules            ||   artifacts   |
        |       conf       | number| search|dwnlded|evicted|| number|dwnlded|
        ---------------------------------------------------------------------
        |      default     |   3   |   0   |   0   |   0   ||   3   |   0   |
        ---------------------------------------------------------------------
:: retrieving :: org.apache.spark#spark-submit-parent-5693257a-b4a0-4601-880b-955595fd6030
        confs: [default]
        0 artifacts copied, 3 already retrieved (0kB/8ms)
23/11/29 03:47:33 INFO SparkEnv: Registering MapOutputTracker
23/11/29 03:47:33 INFO SparkEnv: Registering BlockManagerMaster
23/11/29 03:47:33 INFO SparkEnv: Registering BlockManagerMasterHeartbeat
23/11/29 03:47:33 INFO SparkEnv: Registering OutputCommitCoordinator
23/11/29 03:47:35 INFO GhfsStorageStatistics: Detected potential high latency for operation op_get_file_status. latencyMs=225; previousMaxLatencyMs=0; operationCount=1; context=gs://dataproc-temp-us-central1-733260049689-xllyhmud/ae0dc149-2ee4-4852-b465-ae03808f7e4c/spark-job-history
23/11/29 03:47:35 INFO GoogleCloudStorageImpl: Ignoring exception of type GoogleJsonResponseException; verified object already exists with desired state.
23/11/29 03:47:35 INFO GhfsStorageStatistics: Detected potential high latency for operation op_mkdirs. latencyMs=181; previousMaxLatencyMs=0; operationCount=1; context=gs://dataproc-temp-us-central1-733260049689-xllyhmud/ae0dc149-2ee4-4852-b465-ae03808f7e4c/spark-job-history
23/11/29 03:47:41 WARN package: Truncated the string representation of a plan since it was too large. This behavior can be adjusted by setting 'spark.sql.debug.maxToStringFields'.
23/11/29 03:47:42 INFO GhfsStorageStatistics: Detected potential high latency for operation op_delete. latencyMs=291; previousMaxLatencyMs=0; operationCount=1; context=gs://project-thesis-max/output/apache-spark/70k
23/11/29 03:47:42 INFO PathOutputCommitterFactory: No output committer factory defined, defaulting to FileOutputCommitterFactory
23/11/29 03:47:42 INFO PathOutputCommitterFactory: No output committer factory defined, defaulting to FileOutputCommitterFactory
23/11/29 03:47:42 INFO PathOutputCommitterFactory: No output committer factory defined, defaulting to FileOutputCommitterFactory
23/11/29 03:47:42 INFO PathOutputCommitterFactory: No output committer factory defined, defaulting to FileOutputCommitterFactory
23/11/29 03:47:42 INFO PathOutputCommitterFactory: No output committer factory defined, defaulting to FileOutputCommitterFactory
23/11/29 03:47:43 INFO GhfsStorageStatistics: Detected potential high latency for operation op_create. latencyMs=205; previousMaxLatencyMs=115; operationCount=5; context=gs://project-thesis-max/output/apache-spark/70k/_temporary/0/_temporary/attempt_202311290347425988583804072541827_0001_m_000002_3/part-00002-948b80f3-e5ad-443e-a71e-54b679673f7f-c000.avro
23/11/29 03:47:43 INFO GhfsStorageStatistics: Detected potential high latency for operation op_create. latencyMs=223; previousMaxLatencyMs=205; operationCount=5; context=gs://project-thesis-max/output/apache-spark/70k/_temporary/0/_temporary/attempt_202311290347425988583804072541827_0001_m_000003_4/part-00003-948b80f3-e5ad-443e-a71e-54b679673f7f-c000.avro
23/11/29 03:47:43 INFO GhfsStorageStatistics: Detected potential high latency for operation op_create. latencyMs=232; previousMaxLatencyMs=223; operationCount=5; context=gs://project-thesis-max/output/apache-spark/70k/_temporary/0/_temporary/attempt_202311290347425988583804072541827_0001_m_000001_2/part-00001-948b80f3-e5ad-443e-a71e-54b679673f7f-c000.avro
23/11/29 03:47:51 INFO GhfsStorageStatistics: Detected potential high latency for operation stream_write_close_operations. latencyMs=374; previousMaxLatencyMs=0; operationCount=4; context=gs://project-thesis-max/output/apache-spark/70k/_temporary/0/_temporary/attempt_202311290347425988583804072541827_0001_m_000003_4/part-00003-948b80f3-e5ad-443e-a71e-54b679673f7f-c000.avro
23/11/29 03:47:51 INFO GhfsStorageStatistics: Detected potential high latency for operation stream_write_close_operations. latencyMs=399; previousMaxLatencyMs=374; operationCount=4; context=gs://project-thesis-max/output/apache-spark/70k/_temporary/0/_temporary/attempt_202311290347425988583804072541827_0001_m_000000_1/part-00000-948b80f3-e5ad-443e-a71e-54b679673f7f-c000.avro
23/11/29 03:47:52 INFO GoogleCloudStorageFileSystem: Successfully repaired 'gs://project-thesis-max/output/apache-spark/70k/_temporary/0/_temporary/attempt_202311290347425988583804072541827_0001_m_000003_4/' directory.
23/11/29 03:47:52 INFO GhfsStorageStatistics: Detected potential high latency for operation op_rename. latencyMs=414; previousMaxLatencyMs=0; operationCount=4; context=rename(gs://project-thesis-max/output/apache-spark/70k/_temporary/0/_temporary/attempt_202311290347425988583804072541827_0001_m_000003_4/part-00003-948b80f3-e5ad-443e-a71e-54b679673f7f-c000.avro -> gs://project-thesis-max/output/apache-spark/70k/part-00003-948b80f3-e5ad-443e-a71e-54b679673f7f-c000.avro)
23/11/29 03:47:52 INFO GoogleCloudStorageFileSystem: Successfully repaired 'gs://project-thesis-max/output/apache-spark/70k/_temporary/0/_temporary/attempt_202311290347425988583804072541827_0001_m_000000_1/' directory.
23/11/29 03:47:52 INFO GhfsStorageStatistics: Detected potential high latency for operation op_rename. latencyMs=499; previousMaxLatencyMs=414; operationCount=4; context=rename(gs://project-thesis-max/output/apache-spark/70k/_temporary/0/_temporary/attempt_202311290347425988583804072541827_0001_m_000000_1/part-00000-948b80f3-e5ad-443e-a71e-54b679673f7f-c000.avro -> gs://project-thesis-max/output/apache-spark/70k/part-00000-948b80f3-e5ad-443e-a71e-54b679673f7f-c000.avro)
23/11/29 03:47:52 INFO GoogleCloudStorageFileSystem: Successfully repaired 'gs://project-thesis-max/output/apache-spark/70k/_temporary/0/_temporary/attempt_202311290347425988583804072541827_0001_m_000002_3/' directory.
23/11/29 03:47:52 INFO GoogleCloudStorageFileSystem: Successfully repaired 'gs://project-thesis-max/output/apache-spark/70k/_temporary/0/_temporary/attempt_202311290347425988583804072541827_0001_m_000001_2/' directory.
23/11/29 03:47:52 INFO GoogleCloudStorageFileSystem: Successfully repaired 'gs://project-thesis-max/output/apache-spark/70k/_temporary/0/_temporary/' directory.
23/11/29 03:47:52 INFO GhfsStorageStatistics: Detected potential high latency for operation op_delete. latencyMs=326; previousMaxLatencyMs=291; operationCount=5; context=gs://project-thesis-max/output/apache-spark/70k/_temporary/0/_temporary/attempt_202311290347425988583804072541827_0001_m_000003_4
23/11/29 03:47:52 INFO GoogleCloudStorageImpl: Ignoring exception of type GoogleJsonResponseException; verified object already exists with desired state.
23/11/29 03:47:52 INFO GoogleCloudStorageFileSystem: Successfully repaired 'gs://project-thesis-max/output/apache-spark/70k/_temporary/0/_temporary/' directory.
23/11/29 03:47:52 INFO GoogleCloudStorageImpl: Ignoring exception of type GoogleJsonResponseException; verified object already exists with desired state.
23/11/29 03:47:52 INFO GoogleCloudStorageFileSystem: Successfully repaired 'gs://project-thesis-max/output/apache-spark/70k/_temporary/0/_temporary/' directory.
23/11/29 03:47:52 INFO GoogleCloudStorageImpl: Ignoring exception of type GoogleJsonResponseException; verified object already exists with desired state.
23/11/29 03:47:52 INFO GoogleCloudStorageFileSystem: Successfully repaired 'gs://project-thesis-max/output/apache-spark/70k/_temporary/0/_temporary/' directory.
23/11/29 03:47:52 INFO GhfsStorageStatistics: Detected potential high latency for operation op_delete. latencyMs=341; previousMaxLatencyMs=326; operationCount=5; context=gs://project-thesis-max/output/apache-spark/70k/_temporary/0/_temporary/attempt_202311290347425988583804072541827_0001_m_000001_2
23/11/29 03:47:53 INFO GoogleCloudStorageFileSystem: Successfully repaired 'gs://project-thesis-max/output/apache-spark/70k/' directory.
Time in sec: 16
Job [8e822fed557c4c0b959647dbbf9a8bff] finished successfully.
Job [43043053c2994d71afcb9f9482689e19] submitted.
Waiting for job output...
:: loading settings :: url = jar:file:/usr/lib/spark/jars/ivy-2.5.1.jar!/org/apache/ivy/core/settings/ivysettings.xml
Ivy Default Cache set to: /root/.ivy2/cache
The jars for the packages stored in: /root/.ivy2/jars
org.apache.spark#spark-avro_2.12 added as a dependency
:: resolving dependencies :: org.apache.spark#spark-submit-parent-debc0c6e-98f8-4700-a50a-251391552004;1.0
        confs: [default]
        found org.apache.spark#spark-avro_2.12;3.3.2 in central
        found org.tukaani#xz;1.9 in central
        found org.spark-project.spark#unused;1.0.0 in central
:: resolution report :: resolve 316ms :: artifacts dl 9ms
        :: modules in use:
        org.apache.spark#spark-avro_2.12;3.3.2 from central in [default]
        org.spark-project.spark#unused;1.0.0 from central in [default]
        org.tukaani#xz;1.9 from central in [default]
        ---------------------------------------------------------------------
        |                  |            modules            ||   artifacts   |
        |       conf       | number| search|dwnlded|evicted|| number|dwnlded|
        ---------------------------------------------------------------------
        |      default     |   3   |   0   |   0   |   0   ||   3   |   0   |
        ---------------------------------------------------------------------
:: retrieving :: org.apache.spark#spark-submit-parent-debc0c6e-98f8-4700-a50a-251391552004
        confs: [default]
        0 artifacts copied, 3 already retrieved (0kB/7ms)
23/11/29 03:48:13 INFO SparkEnv: Registering MapOutputTracker
23/11/29 03:48:13 INFO SparkEnv: Registering BlockManagerMaster
23/11/29 03:48:13 INFO SparkEnv: Registering BlockManagerMasterHeartbeat
23/11/29 03:48:13 INFO SparkEnv: Registering OutputCommitCoordinator
23/11/29 03:48:15 INFO GhfsStorageStatistics: Detected potential high latency for operation op_get_file_status. latencyMs=252; previousMaxLatencyMs=0; operationCount=1; context=gs://dataproc-temp-us-central1-733260049689-xllyhmud/ae0dc149-2ee4-4852-b465-ae03808f7e4c/spark-job-history
23/11/29 03:48:15 INFO GoogleCloudStorageImpl: Ignoring exception of type GoogleJsonResponseException; verified object already exists with desired state.
23/11/29 03:48:15 INFO GhfsStorageStatistics: Detected potential high latency for operation op_mkdirs. latencyMs=165; previousMaxLatencyMs=0; operationCount=1; context=gs://dataproc-temp-us-central1-733260049689-xllyhmud/ae0dc149-2ee4-4852-b465-ae03808f7e4c/spark-job-history
23/11/29 03:48:21 WARN package: Truncated the string representation of a plan since it was too large. This behavior can be adjusted by setting 'spark.sql.debug.maxToStringFields'.
23/11/29 03:48:21 INFO GhfsStorageStatistics: Detected potential high latency for operation op_delete. latencyMs=285; previousMaxLatencyMs=0; operationCount=1; context=gs://project-thesis-max/output/apache-spark/70k
23/11/29 03:48:22 INFO PathOutputCommitterFactory: No output committer factory defined, defaulting to FileOutputCommitterFactory
23/11/29 03:48:22 INFO GhfsStorageStatistics: Detected potential high latency for operation op_mkdirs. latencyMs=189; previousMaxLatencyMs=165; operationCount=2; context=gs://project-thesis-max/output/apache-spark/70k/_temporary/0
23/11/29 03:48:22 INFO PathOutputCommitterFactory: No output committer factory defined, defaulting to FileOutputCommitterFactory
23/11/29 03:48:22 INFO PathOutputCommitterFactory: No output committer factory defined, defaulting to FileOutputCommitterFactory
23/11/29 03:48:22 INFO PathOutputCommitterFactory: No output committer factory defined, defaulting to FileOutputCommitterFactory
23/11/29 03:48:22 INFO PathOutputCommitterFactory: No output committer factory defined, defaulting to FileOutputCommitterFactory
23/11/29 03:48:22 INFO GhfsStorageStatistics: Detected potential high latency for operation op_create. latencyMs=158; previousMaxLatencyMs=121; operationCount=2; context=gs://project-thesis-max/output/apache-spark/70k/_temporary/0/_temporary/attempt_202311290348223218065819953565413_0001_m_000000_1/part-00000-d21cd8bd-7d1b-4830-87f3-3fc23bb7072d-c000.avro
23/11/29 03:48:23 INFO GhfsStorageStatistics: Detected potential high latency for operation op_create. latencyMs=160; previousMaxLatencyMs=158; operationCount=5; context=gs://project-thesis-max/output/apache-spark/70k/_temporary/0/_temporary/attempt_202311290348223218065819953565413_0001_m_000003_4/part-00003-d21cd8bd-7d1b-4830-87f3-3fc23bb7072d-c000.avro
23/11/29 03:48:32 INFO GhfsStorageStatistics: Detected potential high latency for operation stream_read_operations. latencyMs=153; previousMaxLatencyMs=98; operationCount=2037; context=gs://project-thesis-max/input/us_accidents_700k.csv
23/11/29 03:48:32 INFO GhfsStorageStatistics: Detected potential high latency for operation stream_write_close_operations. latencyMs=332; previousMaxLatencyMs=0; operationCount=3; context=gs://project-thesis-max/output/apache-spark/70k/_temporary/0/_temporary/attempt_202311290348223218065819953565413_0001_m_000001_2/part-00001-d21cd8bd-7d1b-4830-87f3-3fc23bb7072d-c000.avro
23/11/29 03:48:32 INFO GhfsStorageStatistics: Detected potential high latency for operation stream_write_close_operations. latencyMs=401; previousMaxLatencyMs=332; operationCount=4; context=gs://project-thesis-max/output/apache-spark/70k/_temporary/0/_temporary/attempt_202311290348223218065819953565413_0001_m_000000_1/part-00000-d21cd8bd-7d1b-4830-87f3-3fc23bb7072d-c000.avro
23/11/29 03:48:33 INFO GoogleCloudStorageFileSystem: Successfully repaired 'gs://project-thesis-max/output/apache-spark/70k/_temporary/0/_temporary/attempt_202311290348223218065819953565413_0001_m_000001_2/' directory.
23/11/29 03:48:33 INFO GhfsStorageStatistics: Detected potential high latency for operation op_rename. latencyMs=464; previousMaxLatencyMs=0; operationCount=4; context=rename(gs://project-thesis-max/output/apache-spark/70k/_temporary/0/_temporary/attempt_202311290348223218065819953565413_0001_m_000001_2/part-00001-d21cd8bd-7d1b-4830-87f3-3fc23bb7072d-c000.avro -> gs://project-thesis-max/output/apache-spark/70k/part-00001-d21cd8bd-7d1b-4830-87f3-3fc23bb7072d-c000.avro)
23/11/29 03:48:33 INFO GoogleCloudStorageFileSystem: Successfully repaired 'gs://project-thesis-max/output/apache-spark/70k/_temporary/0/_temporary/attempt_202311290348223218065819953565413_0001_m_000002_3/' directory.
23/11/29 03:48:33 INFO GoogleCloudStorageFileSystem: Successfully repaired 'gs://project-thesis-max/output/apache-spark/70k/_temporary/0/_temporary/' directory.
23/11/29 03:48:33 INFO GhfsStorageStatistics: Detected potential high latency for operation op_delete. latencyMs=319; previousMaxLatencyMs=285; operationCount=3; context=gs://project-thesis-max/output/apache-spark/70k/_temporary/0/_temporary/attempt_202311290348223218065819953565413_0001_m_000001_2
23/11/29 03:48:33 INFO GoogleCloudStorageFileSystem: Successfully repaired 'gs://project-thesis-max/output/apache-spark/70k/_temporary/0/_temporary/attempt_202311290348223218065819953565413_0001_m_000000_1/' directory.
23/11/29 03:48:33 INFO GhfsStorageStatistics: Detected potential high latency for operation op_rename. latencyMs=544; previousMaxLatencyMs=464; operationCount=4; context=rename(gs://project-thesis-max/output/apache-spark/70k/_temporary/0/_temporary/attempt_202311290348223218065819953565413_0001_m_000000_1/part-00000-d21cd8bd-7d1b-4830-87f3-3fc23bb7072d-c000.avro -> gs://project-thesis-max/output/apache-spark/70k/part-00000-d21cd8bd-7d1b-4830-87f3-3fc23bb7072d-c000.avro)
23/11/29 03:48:33 INFO GoogleCloudStorageFileSystem: Successfully repaired 'gs://project-thesis-max/output/apache-spark/70k/_temporary/0/_temporary/attempt_202311290348223218065819953565413_0001_m_000003_4/' directory.
23/11/29 03:48:33 INFO GoogleCloudStorageImpl: Ignoring exception of type GoogleJsonResponseException; verified object already exists with desired state.
23/11/29 03:48:33 INFO GoogleCloudStorageFileSystem: Successfully repaired 'gs://project-thesis-max/output/apache-spark/70k/_temporary/0/_temporary/' directory.
23/11/29 03:48:34 INFO GoogleCloudStorageFileSystem: Successfully repaired 'gs://project-thesis-max/output/apache-spark/70k/' directory.
23/11/29 03:48:34 INFO GhfsStorageStatistics: Detected potential high latency for operation op_delete. latencyMs=335; previousMaxLatencyMs=319; operationCount=6; context=gs://project-thesis-max/output/apache-spark/70k/_temporary
Time in sec: 17
Job [43043053c2994d71afcb9f9482689e19] finished successfully.
Job [b1d0f0d2c12544caa2bcdc569d7e12ad] submitted.
Waiting for job output...
:: loading settings :: url = jar:file:/usr/lib/spark/jars/ivy-2.5.1.jar!/org/apache/ivy/core/settings/ivysettings.xml
Ivy Default Cache set to: /root/.ivy2/cache
The jars for the packages stored in: /root/.ivy2/jars
org.apache.spark#spark-avro_2.12 added as a dependency
:: resolving dependencies :: org.apache.spark#spark-submit-parent-13f25b3c-397c-43ac-a549-0c56de0a8052;1.0
        confs: [default]
        found org.apache.spark#spark-avro_2.12;3.3.2 in central
        found org.tukaani#xz;1.9 in central
        found org.spark-project.spark#unused;1.0.0 in central
:: resolution report :: resolve 264ms :: artifacts dl 9ms
        :: modules in use:
        org.apache.spark#spark-avro_2.12;3.3.2 from central in [default]
        org.spark-project.spark#unused;1.0.0 from central in [default]
        org.tukaani#xz;1.9 from central in [default]
        ---------------------------------------------------------------------
        |                  |            modules            ||   artifacts   |
        |       conf       | number| search|dwnlded|evicted|| number|dwnlded|
        ---------------------------------------------------------------------
        |      default     |   3   |   0   |   0   |   0   ||   3   |   0   |
        ---------------------------------------------------------------------
:: retrieving :: org.apache.spark#spark-submit-parent-13f25b3c-397c-43ac-a549-0c56de0a8052
        confs: [default]
        0 artifacts copied, 3 already retrieved (0kB/7ms)
23/11/29 03:48:54 INFO SparkEnv: Registering MapOutputTracker
23/11/29 03:48:54 INFO SparkEnv: Registering BlockManagerMaster
23/11/29 03:48:54 INFO SparkEnv: Registering BlockManagerMasterHeartbeat
23/11/29 03:48:54 INFO SparkEnv: Registering OutputCommitCoordinator
23/11/29 03:48:55 INFO GhfsStorageStatistics: Detected potential high latency for operation op_get_file_status. latencyMs=227; previousMaxLatencyMs=0; operationCount=1; context=gs://dataproc-temp-us-central1-733260049689-xllyhmud/ae0dc149-2ee4-4852-b465-ae03808f7e4c/spark-job-history
23/11/29 03:48:55 INFO GoogleCloudStorageImpl: Ignoring exception of type GoogleJsonResponseException; verified object already exists with desired state.
23/11/29 03:48:55 INFO GhfsStorageStatistics: Detected potential high latency for operation op_mkdirs. latencyMs=174; previousMaxLatencyMs=0; operationCount=1; context=gs://dataproc-temp-us-central1-733260049689-xllyhmud/ae0dc149-2ee4-4852-b465-ae03808f7e4c/spark-job-history
23/11/29 03:49:01 WARN package: Truncated the string representation of a plan since it was too large. This behavior can be adjusted by setting 'spark.sql.debug.maxToStringFields'.
23/11/29 03:49:02 INFO GhfsStorageStatistics: Detected potential high latency for operation op_delete. latencyMs=281; previousMaxLatencyMs=0; operationCount=1; context=gs://project-thesis-max/output/apache-spark/70k
23/11/29 03:49:02 INFO PathOutputCommitterFactory: No output committer factory defined, defaulting to FileOutputCommitterFactory
23/11/29 03:49:02 INFO PathOutputCommitterFactory: No output committer factory defined, defaulting to FileOutputCommitterFactory
23/11/29 03:49:02 INFO PathOutputCommitterFactory: No output committer factory defined, defaulting to FileOutputCommitterFactory
23/11/29 03:49:02 INFO PathOutputCommitterFactory: No output committer factory defined, defaulting to FileOutputCommitterFactory
23/11/29 03:49:02 INFO PathOutputCommitterFactory: No output committer factory defined, defaulting to FileOutputCommitterFactory
23/11/29 03:49:03 INFO GhfsStorageStatistics: Detected potential high latency for operation op_create. latencyMs=155; previousMaxLatencyMs=141; operationCount=5; context=gs://project-thesis-max/output/apache-spark/70k/_temporary/0/_temporary/attempt_202311290349024140520528262880429_0001_m_000003_4/part-00003-e2e95d58-1b5d-4950-b8a1-27df8762cd0b-c000.avro
23/11/29 03:49:03 INFO GhfsStorageStatistics: Detected potential high latency for operation op_create. latencyMs=161; previousMaxLatencyMs=155; operationCount=5; context=gs://project-thesis-max/output/apache-spark/70k/_temporary/0/_temporary/attempt_202311290349024140520528262880429_0001_m_000002_3/part-00002-e2e95d58-1b5d-4950-b8a1-27df8762cd0b-c000.avro
23/11/29 03:49:12 INFO GhfsStorageStatistics: Detected potential high latency for operation stream_write_close_operations. latencyMs=581; previousMaxLatencyMs=0; operationCount=3; context=gs://project-thesis-max/output/apache-spark/70k/_temporary/0/_temporary/attempt_202311290349024140520528262880429_0001_m_000003_4/part-00003-e2e95d58-1b5d-4950-b8a1-27df8762cd0b-c000.avro
23/11/29 03:49:13 INFO GoogleCloudStorageFileSystem: Successfully repaired 'gs://project-thesis-max/output/apache-spark/70k/_temporary/0/_temporary/attempt_202311290349024140520528262880429_0001_m_000003_4/' directory.
23/11/29 03:49:13 INFO GhfsStorageStatistics: Detected potential high latency for operation op_rename. latencyMs=500; previousMaxLatencyMs=0; operationCount=3; context=rename(gs://project-thesis-max/output/apache-spark/70k/_temporary/0/_temporary/attempt_202311290349024140520528262880429_0001_m_000003_4/part-00003-e2e95d58-1b5d-4950-b8a1-27df8762cd0b-c000.avro -> gs://project-thesis-max/output/apache-spark/70k/part-00003-e2e95d58-1b5d-4950-b8a1-27df8762cd0b-c000.avro)
23/11/29 03:49:13 INFO GoogleCloudStorageFileSystem: Successfully repaired 'gs://project-thesis-max/output/apache-spark/70k/_temporary/0/_temporary/attempt_202311290349024140520528262880429_0001_m_000002_3/' directory.
23/11/29 03:49:13 INFO GoogleCloudStorageFileSystem: Successfully repaired 'gs://project-thesis-max/output/apache-spark/70k/_temporary/0/_temporary/attempt_202311290349024140520528262880429_0001_m_000000_1/' directory.
23/11/29 03:49:13 INFO GoogleCloudStorageFileSystem: Successfully repaired 'gs://project-thesis-max/output/apache-spark/70k/_temporary/0/_temporary/' directory.
23/11/29 03:49:13 INFO GhfsStorageStatistics: Detected potential high latency for operation op_delete. latencyMs=299; previousMaxLatencyMs=281; operationCount=4; context=gs://project-thesis-max/output/apache-spark/70k/_temporary/0/_temporary/attempt_202311290349024140520528262880429_0001_m_000003_4
23/11/29 03:49:13 INFO GoogleCloudStorageImpl: Ignoring exception of type GoogleJsonResponseException; verified object already exists with desired state.
23/11/29 03:49:13 INFO GoogleCloudStorageFileSystem: Successfully repaired 'gs://project-thesis-max/output/apache-spark/70k/_temporary/0/_temporary/' directory.
23/11/29 03:49:13 INFO GoogleCloudStorageImpl: Ignoring exception of type GoogleJsonResponseException; verified object already exists with desired state.
23/11/29 03:49:13 INFO GoogleCloudStorageFileSystem: Successfully repaired 'gs://project-thesis-max/output/apache-spark/70k/_temporary/0/_temporary/' directory.
23/11/29 03:49:14 INFO GoogleCloudStorageFileSystem: Successfully repaired 'gs://project-thesis-max/output/apache-spark/70k/_temporary/0/_temporary/attempt_202311290349024140520528262880429_0001_m_000001_2/' directory.
23/11/29 03:49:14 INFO GhfsStorageStatistics: Detected potential high latency for operation op_rename. latencyMs=523; previousMaxLatencyMs=500; operationCount=4; context=rename(gs://project-thesis-max/output/apache-spark/70k/_temporary/0/_temporary/attempt_202311290349024140520528262880429_0001_m_000001_2/part-00001-e2e95d58-1b5d-4950-b8a1-27df8762cd0b-c000.avro -> gs://project-thesis-max/output/apache-spark/70k/part-00001-e2e95d58-1b5d-4950-b8a1-27df8762cd0b-c000.avro)
23/11/29 03:49:14 INFO GoogleCloudStorageFileSystem: Successfully repaired 'gs://project-thesis-max/output/apache-spark/70k/' directory.
Time in sec: 17
Job [b1d0f0d2c12544caa2bcdc569d7e12ad] finished successfully.
Job [3e36f96445bf4c5ca91a737de8daf130] submitted.
Waiting for job output...
:: loading settings :: url = jar:file:/usr/lib/spark/jars/ivy-2.5.1.jar!/org/apache/ivy/core/settings/ivysettings.xml
Ivy Default Cache set to: /root/.ivy2/cache
The jars for the packages stored in: /root/.ivy2/jars
org.apache.spark#spark-avro_2.12 added as a dependency
:: resolving dependencies :: org.apache.spark#spark-submit-parent-b97fbb98-c507-41c0-9b99-bd9d33014af8;1.0
        confs: [default]
        found org.apache.spark#spark-avro_2.12;3.3.2 in central
        found org.tukaani#xz;1.9 in central
        found org.spark-project.spark#unused;1.0.0 in central
:: resolution report :: resolve 281ms :: artifacts dl 9ms
        :: modules in use:
        org.apache.spark#spark-avro_2.12;3.3.2 from central in [default]
        org.spark-project.spark#unused;1.0.0 from central in [default]
        org.tukaani#xz;1.9 from central in [default]
        ---------------------------------------------------------------------
        |                  |            modules            ||   artifacts   |
        |       conf       | number| search|dwnlded|evicted|| number|dwnlded|
        ---------------------------------------------------------------------
        |      default     |   3   |   0   |   0   |   0   ||   3   |   0   |
        ---------------------------------------------------------------------
:: retrieving :: org.apache.spark#spark-submit-parent-b97fbb98-c507-41c0-9b99-bd9d33014af8
        confs: [default]
        0 artifacts copied, 3 already retrieved (0kB/7ms)
23/11/29 03:49:33 INFO SparkEnv: Registering MapOutputTracker
23/11/29 03:49:34 INFO SparkEnv: Registering BlockManagerMaster
23/11/29 03:49:34 INFO SparkEnv: Registering BlockManagerMasterHeartbeat
23/11/29 03:49:34 INFO SparkEnv: Registering OutputCommitCoordinator
23/11/29 03:49:35 INFO GhfsStorageStatistics: Detected potential high latency for operation op_get_file_status. latencyMs=235; previousMaxLatencyMs=0; operationCount=1; context=gs://dataproc-temp-us-central1-733260049689-xllyhmud/ae0dc149-2ee4-4852-b465-ae03808f7e4c/spark-job-history
23/11/29 03:49:35 INFO GoogleCloudStorageImpl: Ignoring exception of type GoogleJsonResponseException; verified object already exists with desired state.
23/11/29 03:49:35 INFO GhfsStorageStatistics: Detected potential high latency for operation op_mkdirs. latencyMs=163; previousMaxLatencyMs=0; operationCount=1; context=gs://dataproc-temp-us-central1-733260049689-xllyhmud/ae0dc149-2ee4-4852-b465-ae03808f7e4c/spark-job-history
23/11/29 03:49:41 WARN package: Truncated the string representation of a plan since it was too large. This behavior can be adjusted by setting 'spark.sql.debug.maxToStringFields'.
23/11/29 03:49:42 INFO GhfsStorageStatistics: Detected potential high latency for operation op_delete. latencyMs=288; previousMaxLatencyMs=0; operationCount=1; context=gs://project-thesis-max/output/apache-spark/70k
23/11/29 03:49:42 INFO PathOutputCommitterFactory: No output committer factory defined, defaulting to FileOutputCommitterFactory
23/11/29 03:49:42 INFO PathOutputCommitterFactory: No output committer factory defined, defaulting to FileOutputCommitterFactory
23/11/29 03:49:42 INFO PathOutputCommitterFactory: No output committer factory defined, defaulting to FileOutputCommitterFactory
23/11/29 03:49:42 INFO PathOutputCommitterFactory: No output committer factory defined, defaulting to FileOutputCommitterFactory
23/11/29 03:49:42 INFO PathOutputCommitterFactory: No output committer factory defined, defaulting to FileOutputCommitterFactory
23/11/29 03:49:43 INFO GhfsStorageStatistics: Detected potential high latency for operation op_create. latencyMs=155; previousMaxLatencyMs=86; operationCount=2; context=gs://project-thesis-max/output/apache-spark/70k/_temporary/0/_temporary/attempt_202311290349427073042951319303264_0001_m_000000_1/part-00000-6ca9aa41-022e-4e65-a132-337d3ffa823f-c000.avro
23/11/29 03:49:43 INFO GhfsStorageStatistics: Detected potential high latency for operation op_create. latencyMs=213; previousMaxLatencyMs=155; operationCount=5; context=gs://project-thesis-max/output/apache-spark/70k/_temporary/0/_temporary/attempt_202311290349427073042951319303264_0001_m_000002_3/part-00002-6ca9aa41-022e-4e65-a132-337d3ffa823f-c000.avro
23/11/29 03:49:43 INFO GhfsStorageStatistics: Detected potential high latency for operation op_create. latencyMs=270; previousMaxLatencyMs=213; operationCount=5; context=gs://project-thesis-max/output/apache-spark/70k/_temporary/0/_temporary/attempt_202311290349427073042951319303264_0001_m_000001_2/part-00001-6ca9aa41-022e-4e65-a132-337d3ffa823f-c000.avro
23/11/29 03:49:43 INFO GhfsStorageStatistics: Detected potential high latency for operation op_create. latencyMs=275; previousMaxLatencyMs=270; operationCount=5; context=gs://project-thesis-max/output/apache-spark/70k/_temporary/0/_temporary/attempt_202311290349427073042951319303264_0001_m_000003_4/part-00003-6ca9aa41-022e-4e65-a132-337d3ffa823f-c000.avro
23/11/29 03:49:51 INFO GhfsStorageStatistics: Detected potential high latency for operation stream_write_close_operations. latencyMs=357; previousMaxLatencyMs=0; operationCount=3; context=gs://project-thesis-max/output/apache-spark/70k/_temporary/0/_temporary/attempt_202311290349427073042951319303264_0001_m_000003_4/part-00003-6ca9aa41-022e-4e65-a132-337d3ffa823f-c000.avro
23/11/29 03:49:52 INFO GoogleCloudStorageFileSystem: Successfully repaired 'gs://project-thesis-max/output/apache-spark/70k/_temporary/0/_temporary/attempt_202311290349427073042951319303264_0001_m_000003_4/' directory.
23/11/29 03:49:52 INFO GhfsStorageStatistics: Detected potential high latency for operation op_rename. latencyMs=438; previousMaxLatencyMs=0; operationCount=4; context=rename(gs://project-thesis-max/output/apache-spark/70k/_temporary/0/_temporary/attempt_202311290349427073042951319303264_0001_m_000003_4/part-00003-6ca9aa41-022e-4e65-a132-337d3ffa823f-c000.avro -> gs://project-thesis-max/output/apache-spark/70k/part-00003-6ca9aa41-022e-4e65-a132-337d3ffa823f-c000.avro)
23/11/29 03:49:52 INFO GoogleCloudStorageFileSystem: Successfully repaired 'gs://project-thesis-max/output/apache-spark/70k/_temporary/0/_temporary/attempt_202311290349427073042951319303264_0001_m_000001_2/' directory.
23/11/29 03:49:52 INFO GhfsStorageStatistics: Detected potential high latency for operation op_rename. latencyMs=480; previousMaxLatencyMs=438; operationCount=4; context=rename(gs://project-thesis-max/output/apache-spark/70k/_temporary/0/_temporary/attempt_202311290349427073042951319303264_0001_m_000001_2/part-00001-6ca9aa41-022e-4e65-a132-337d3ffa823f-c000.avro -> gs://project-thesis-max/output/apache-spark/70k/part-00001-6ca9aa41-022e-4e65-a132-337d3ffa823f-c000.avro)
23/11/29 03:49:52 INFO GoogleCloudStorageFileSystem: Successfully repaired 'gs://project-thesis-max/output/apache-spark/70k/_temporary/0/_temporary/attempt_202311290349427073042951319303264_0001_m_000002_3/' directory.
23/11/29 03:49:52 INFO GoogleCloudStorageFileSystem: Successfully repaired 'gs://project-thesis-max/output/apache-spark/70k/_temporary/0/_temporary/' directory.
23/11/29 03:49:52 INFO GoogleCloudStorageFileSystem: Successfully repaired 'gs://project-thesis-max/output/apache-spark/70k/_temporary/0/_temporary/attempt_202311290349427073042951319303264_0001_m_000000_1/' directory.
23/11/29 03:49:53 INFO GoogleCloudStorageFileSystem: Successfully repaired 'gs://project-thesis-max/output/apache-spark/70k/' directory.
23/11/29 03:49:53 INFO GhfsStorageStatistics: Detected potential high latency for operation op_delete. latencyMs=311; previousMaxLatencyMs=288; operationCount=6; context=gs://project-thesis-max/output/apache-spark/70k/_temporary
Time in sec: 16
Job [3e36f96445bf4c5ca91a737de8daf130] finished successfully.